


ARM Macro Assembler    Page 1 


    1 00000000         ;*******************************************************
                       ******** 
    2 00000000         ; EQU Directives
    3 00000000         ; These directives do not allocate memory
    4 00000000         ;*******************************************************
                       ********
    5 00000000         ;SYMBOL    DIRECTIVE VALUE   COMMENT
    6 00000000         
    7 00000000 400FE608 
                       SYSCTL_RCGCGPIO
                               EQU              0x400FE608  ;Enable GPIO
    8 00000000 40005400 
                       GPIO_PORTB_DIR
                               EQU              0x40005400  ;Direction reg
    9 00000000 40005420 
                       GPIO_PORTB_AFSEL
                               EQU              0x40005420  ;Alternate function
                                                            
   10 00000000 4000551C 
                       GPIO_PORTB_DEN
                               EQU              0x4000551C  ;Digital enable
   11 00000000 4000500C 
                       OUT_PORTB
                               EQU              0x4000500C  ;00000011
   12 00000000         
   13 00000000         ;*******************************************************
                       ********
   14 00000000         ; Directives - This Data Section is part of the code
   15 00000000         ; It is in the read only section  so values cannot be ch
                       anged.
   16 00000000         ;*******************************************************
                       ******** 
   17 00000000         ;LABEL  DIRECTIVE VALUE     COMMENT
   18 00000000                 AREA             sdata, DATA, READONLY
   19 00000000                 THUMB
   20 00000000         
   21 00000000         ;*******************************************************
                       ********
   22 00000000         ; Program section           
   23 00000000         ;*******************************************************
                       ********
   24 00000000         ;LABEL  DIRECTIVE VALUE     COMMENT
   25 00000000                 AREA             routines,READONLY,CODE
   26 00000000                 THUMB
   27 00000000                 ALIGN
   28 00000000                 EXTERN           DELAY_100ms
   29 00000000                 EXPORT           SCREEN_INIT
   30 00000000         
   31 00000000         ;*******************************************************
                       ********
   32 00000000         ; Main Function
   33 00000000         ; PB0 is RESET
   34 00000000         ; PB1 is D/C
   35 00000000         ;*******************************************************
                       ******** 
   36 00000000         ;LABEL  DIRECTIVE VALUE     COMMENT
   37 00000000         SCREEN_INIT
                               PROC
   38 00000000         



ARM Macro Assembler    Page 2 


   39 00000000 B500            PUSH             {LR}
   40 00000002         
   41 00000002 4913    GPIO_INIT
                               LDR              R1,=SYSCTL_RCGCGPIO 
                                                            ; Initalize Clock
   42 00000004 6808            LDR              R0,[R1]
   43 00000006 F040 0002       ORR              R0,R0,#0x02
   44 0000000A 6008            STR              R0,[R1]
   45 0000000C BF00            NOP
   46 0000000E BF00            NOP
   47 00000010 BF00            NOP
   48 00000012 BF00            NOP                          ;let GPIO clock sta
                                                            bilize  
   49 00000014         
   50 00000014 490F            LDR              R1,=GPIO_PORTB_DIR ;Set Directi
                                                            on of Pins
   51 00000016 6808            LDR              R0,[R1]
   52 00000018 F040 0003       ORR              R0,R0,#0x03 ;PB0,PB1 are output
                                                            
   53 0000001C 6008            STR              R0,[R1]
   54 0000001E         
   55 0000001E 490E            LDR              R1,=GPIO_PORTB_DEN ;Digitally e
                                                            nable ports
   56 00000020 6808            LDR              R0,[R1]
   57 00000022 F040 0003       ORR              R0,R0,#0x03
   58 00000026 6008            STR              R0,[R1]
   59 00000028         
   60 00000028 490C            LDR              R1,=GPIO_PORTB_AFSEL ;Disable A
                                                            lternate Functions
   61 0000002A 6808            LDR              R0,[R1]
   62 0000002C F020 0003       BIC              R0,R0,#0x03
   63 00000030 6008            STR              R0,[R1]
   64 00000032         
   65 00000032         
   66 00000032 490B    SCREEN  LDR              R1,= OUT_PORTB
   67 00000034 F04F 0000       MOV              R0,#0x00
   68 00000038 6008            STR              R0,[R1]
   69 0000003A BF00            NOP
   70 0000003C BF00            NOP
   71 0000003E BF00            NOP
   72 00000040 BF00            NOP
   73 00000042 BF00            NOP
   74 00000044         ;   BL   DELAY_100ms
   75 00000044 F04F 0001       MOV              R0,#0x01
   76 00000048 6008            STR              R0,[R1]
   77 0000004A         
   78 0000004A         
   79 0000004A F85D EB04       POP              {LR}
   80 0000004E 4770            BX               LR
   81 00000050         ;*******************************************************
                       ********
   82 00000050         ; End of the program  section
   83 00000050         ;*******************************************************
                       ********
   84 00000050         ;LABEL      DIRECTIVE       VALUE                       
                           COMMENT
   85 00000050                 ENDP
   86 00000050                 ALIGN
   87 00000050                 END



ARM Macro Assembler    Page 3 


              400FE608 
              40005400 
              4000551C 
              40005420 
              4000500C 
Command Line: --debug --xref --diag_suppress=9931 --cpu=Cortex-M4.fp --apcs=int
erwork --depend=.\objects\screen_init.d -o.\objects\screen_init.o -I.\RTE\_Targ
et_1 -ID:\Work\ARM\PACK\Keil\TM4C_DFP\1.1.0\Device\Include\TM4C123 -ID:\Work\AR
M\CMSIS\Include --predefine="__EVAL SETA 1" --predefine="__UVISION_VERSION SETA
 526" --predefine="TM4C123GH6PM SETA 1" --list=.\listings\screen_init.lst SCREE
N_INIT.s



ARM Macro Assembler    Page 1 Alphabetic symbol ordering
Relocatable symbols

sdata 00000000

Symbol: sdata
   Definitions
      At line 18 in file SCREEN_INIT.s
   Uses
      None
Comment: sdata unused
1 symbol



ARM Macro Assembler    Page 1 Alphabetic symbol ordering
Relocatable symbols

GPIO_INIT 00000002

Symbol: GPIO_INIT
   Definitions
      At line 41 in file SCREEN_INIT.s
   Uses
      None
Comment: GPIO_INIT unused
SCREEN 00000032

Symbol: SCREEN
   Definitions
      At line 66 in file SCREEN_INIT.s
   Uses
      None
Comment: SCREEN unused
SCREEN_INIT 00000000

Symbol: SCREEN_INIT
   Definitions
      At line 37 in file SCREEN_INIT.s
   Uses
      At line 29 in file SCREEN_INIT.s
Comment: SCREEN_INIT used once
routines 00000000

Symbol: routines
   Definitions
      At line 25 in file SCREEN_INIT.s
   Uses
      None
Comment: routines unused
4 symbols



ARM Macro Assembler    Page 1 Alphabetic symbol ordering
Absolute symbols

GPIO_PORTB_AFSEL 40005420

Symbol: GPIO_PORTB_AFSEL
   Definitions
      At line 9 in file SCREEN_INIT.s
   Uses
      At line 60 in file SCREEN_INIT.s
Comment: GPIO_PORTB_AFSEL used once
GPIO_PORTB_DEN 4000551C

Symbol: GPIO_PORTB_DEN
   Definitions
      At line 10 in file SCREEN_INIT.s
   Uses
      At line 55 in file SCREEN_INIT.s
Comment: GPIO_PORTB_DEN used once
GPIO_PORTB_DIR 40005400

Symbol: GPIO_PORTB_DIR
   Definitions
      At line 8 in file SCREEN_INIT.s
   Uses
      At line 50 in file SCREEN_INIT.s
Comment: GPIO_PORTB_DIR used once
OUT_PORTB 4000500C

Symbol: OUT_PORTB
   Definitions
      At line 11 in file SCREEN_INIT.s
   Uses
      At line 66 in file SCREEN_INIT.s
Comment: OUT_PORTB used once
SYSCTL_RCGCGPIO 400FE608

Symbol: SYSCTL_RCGCGPIO
   Definitions
      At line 7 in file SCREEN_INIT.s
   Uses
      At line 41 in file SCREEN_INIT.s
Comment: SYSCTL_RCGCGPIO used once
5 symbols



ARM Macro Assembler    Page 1 Alphabetic symbol ordering
External symbols

DELAY_100ms 00000000

Symbol: DELAY_100ms
   Definitions
      At line 28 in file SCREEN_INIT.s
   Uses
      None
Comment: DELAY_100ms unused
1 symbol
347 symbols in table
