


ARM Macro Assembler    Page 1 


    1 00000000 40005008 
                       OUT_PORTB_DC
                               EQU              0x40005008  ;00000010
    2 00000000         ;LABEL  DIRECTIVE VALUE     COMMENT
    3 00000000                 AREA             routines,READONLY,CODE
    4 00000000                 THUMB
    5 00000000                 ALIGN
    6 00000000                 EXTERN           DELAY_1ms
    7 00000000                 EXTERN           DELAY_100ms
    8 00000000                 EXTERN           DATA_WRITE
    9 00000000                 EXTERN           ADDRESS_CHANGE
   10 00000000                 EXPORT           LOSER
   11 00000000         
   12 00000000         ;*******************************************************
                       ********
   13 00000000         ; LOSER IS GOING TO BE SHOWN ON SCREEN
   14 00000000         ; 
   15 00000000         ; 
   16 00000000         ;*******************************************************
                       ******** 
   17 00000000         ;LABEL  DIRECTIVE VALUE     COMMENT
   18 00000000         
   19 00000000         LOSER   PROC
   20 00000000         
   21 00000000 B500            PUSH             {LR}
   22 00000002 F44F 7616       MOV              R6,#600
   23 00000006 F04F 0400 
                       loop    MOV              R4,#0x00
   24 0000000A F7FF FFFE       BL               DATA_WRITE
   25 0000000E 1E76            SUBS             R6,R6,#1
   26 00000010 D1F9            BNE              loop
   27 00000012         
   28 00000012         
   29 00000012 F240 241F       LDR              R4,=0x021F
   30 00000016 F7FF FFFE       BL               ADDRESS_CHANGE
   31 0000001A         ; LDR   R5,=OUT_PORTB_DC
   32 0000001A         ; MOV   R1,#0xFF
   33 0000001A         ; STR   R1,[R5]
   34 0000001A         ; BL   DELAY_1ms
   35 0000001A         
   36 0000001A         ;  ,{0x7f, 0x40, 0x40, 0x40, 0x40} // 4c L
   37 0000001A F04F 047F       MOV              R4, #0x7F
   38 0000001E F7FF FFFE       BL               DATA_WRITE
   39 00000022 F04F 0440       MOV              r4,#0x40
   40 00000026 F7FF FFFE       BL               DATA_WRITE
   41 0000002A F04F 0440       MOV              R4, #0x40
   42 0000002E F7FF FFFE       BL               DATA_WRITE
   43 00000032 F04F 0440       MOV              R4, #0x40
   44 00000036 F7FF FFFE       BL               DATA_WRITE
   45 0000003A F04F 0440       MOV              R4, #0x40
   46 0000003E F7FF FFFE       BL               DATA_WRITE
   47 00000042         
   48 00000042         
   49 00000042         ;0x3e, 0x41, 0x41, 0x41, 0x3e} // 4f O
   50 00000042         
   51 00000042 F04F 043E       MOV              R4, #0x3E
   52 00000046 F7FF FFFE       BL               DATA_WRITE
   53 0000004A F04F 0441       MOV              r4,#0x41
   54 0000004E F7FF FFFE       BL               DATA_WRITE



ARM Macro Assembler    Page 2 


   55 00000052 F04F 0441       MOV              R4, #0x41
   56 00000056 F7FF FFFE       BL               DATA_WRITE
   57 0000005A F04F 0441       MOV              R4, #0x41
   58 0000005E F7FF FFFE       BL               DATA_WRITE
   59 00000062 F04F 043E       MOV              R4, #0x3E
   60 00000066 F7FF FFFE       BL               DATA_WRITE
   61 0000006A         ;  ,{0x46, 0x49, 0x49, 0x49, 0x31} // 53 S
   62 0000006A F04F 0446       MOV              R4, #0x46
   63 0000006E F7FF FFFE       BL               DATA_WRITE
   64 00000072 F04F 0449       MOV              r4,#0x49
   65 00000076 F7FF FFFE       BL               DATA_WRITE
   66 0000007A F04F 0449       MOV              R4, #0x49
   67 0000007E F7FF FFFE       BL               DATA_WRITE
   68 00000082 F04F 0449       MOV              R4, #0x49
   69 00000086 F7FF FFFE       BL               DATA_WRITE
   70 0000008A F04F 0431       MOV              R4, #0x31
   71 0000008E F7FF FFFE       BL               DATA_WRITE
   72 00000092         
   73 00000092         
   74 00000092         
   75 00000092         
   76 00000092         ;  ,{0x7f, 0x49, 0x49, 0x49, 0x41} // 45 E
   77 00000092 F04F 047F       MOV              R4, #0x7F
   78 00000096 F7FF FFFE       BL               DATA_WRITE
   79 0000009A F04F 0449       MOV              r4,#0x49
   80 0000009E F7FF FFFE       BL               DATA_WRITE
   81 000000A2 F04F 0449       MOV              R4, #0x49
   82 000000A6 F7FF FFFE       BL               DATA_WRITE
   83 000000AA F04F 0449       MOV              R4, #0x49
   84 000000AE F7FF FFFE       BL               DATA_WRITE
   85 000000B2 F04F 0441       MOV              R4, #0x41
   86 000000B6 F7FF FFFE       BL               DATA_WRITE
   87 000000BA         ; ,{0x7f, 0x09, 0x19, 0x29, 0x46} // 52 R
   88 000000BA         
   89 000000BA F04F 047F       MOV              R4, #0x7F
   90 000000BE F7FF FFFE       BL               DATA_WRITE
   91 000000C2 F04F 0409       MOV              r4,#0x09
   92 000000C6 F7FF FFFE       BL               DATA_WRITE
   93 000000CA F04F 0419       MOV              R4, #0x19
   94 000000CE F7FF FFFE       BL               DATA_WRITE
   95 000000D2 F04F 0429       MOV              R4, #0x29
   96 000000D6 F7FF FFFE       BL               DATA_WRITE
   97 000000DA F04F 0446       MOV              R4, #0x46
   98 000000DE F7FF FFFE       BL               DATA_WRITE
   99 000000E2         
  100 000000E2         
  101 000000E2         
  102 000000E2         
  103 000000E2         
  104 000000E2 F85D EB04       POP              {LR}
  105 000000E6 4770            BX               LR
  106 000000E8                 ENDP
  107 000000E8                 ALIGN
  108 000000E8                 END
Command Line: --debug --xref --diag_suppress=9931 --cpu=Cortex-M4.fp --apcs=int
erwork --depend=.\objects\loser.d -o.\objects\loser.o -I.\RTE\_Target_1 -IC:\Ke
il_v5\ARM\PACK\Keil\TM4C_DFP\1.1.0\Device\Include\TM4C123 -IC:\Keil_v5\ARM\CMSI
S\Include --predefine="__EVAL SETA 1" --predefine="__UVISION_VERSION SETA 526" 
--predefine="TM4C123GH6PM SETA 1" --list=.\listings\loser.lst LOSER.s



ARM Macro Assembler    Page 1 Alphabetic symbol ordering
Relocatable symbols

LOSER 00000000

Symbol: LOSER
   Definitions
      At line 19 in file LOSER.s
   Uses
      At line 10 in file LOSER.s
Comment: LOSER used once
loop 00000006

Symbol: loop
   Definitions
      At line 23 in file LOSER.s
   Uses
      At line 26 in file LOSER.s
Comment: loop used once
routines 00000000

Symbol: routines
   Definitions
      At line 3 in file LOSER.s
   Uses
      None
Comment: routines unused
3 symbols



ARM Macro Assembler    Page 1 Alphabetic symbol ordering
Absolute symbols

OUT_PORTB_DC 40005008

Symbol: OUT_PORTB_DC
   Definitions
      At line 1 in file LOSER.s
   Uses
      None
Comment: OUT_PORTB_DC unused
1 symbol



ARM Macro Assembler    Page 1 Alphabetic symbol ordering
External symbols

ADDRESS_CHANGE 00000000

Symbol: ADDRESS_CHANGE
   Definitions
      At line 9 in file LOSER.s
   Uses
      At line 30 in file LOSER.s
Comment: ADDRESS_CHANGE used once
DATA_WRITE 00000000

Symbol: DATA_WRITE
   Definitions
      At line 8 in file LOSER.s
   Uses
      At line 24 in file LOSER.s
      At line 38 in file LOSER.s
      At line 40 in file LOSER.s
      At line 42 in file LOSER.s
      At line 44 in file LOSER.s
      At line 46 in file LOSER.s
      At line 52 in file LOSER.s
      At line 54 in file LOSER.s
      At line 56 in file LOSER.s
      At line 58 in file LOSER.s
      At line 60 in file LOSER.s
      At line 63 in file LOSER.s
      At line 65 in file LOSER.s
      At line 67 in file LOSER.s
      At line 69 in file LOSER.s
      At line 71 in file LOSER.s
      At line 78 in file LOSER.s
      At line 80 in file LOSER.s
      At line 82 in file LOSER.s
      At line 84 in file LOSER.s
      At line 86 in file LOSER.s
      At line 90 in file LOSER.s
      At line 92 in file LOSER.s
      At line 94 in file LOSER.s
      At line 96 in file LOSER.s
      At line 98 in file LOSER.s

DELAY_100ms 00000000

Symbol: DELAY_100ms
   Definitions
      At line 7 in file LOSER.s
   Uses
      None
Comment: DELAY_100ms unused
DELAY_1ms 00000000

Symbol: DELAY_1ms
   Definitions
      At line 6 in file LOSER.s
   Uses
      None
Comment: DELAY_1ms unused
4 symbols
342 symbols in table
