


ARM Macro Assembler    Page 1 


    1 00000000         ;*******************************************************
                       ******** 
    2 00000000         ; EQU Directives
    3 00000000         ; These directives do not allocate memory
    4 00000000         ;*******************************************************
                       ********
    5 00000000         ;SYMBOL    DIRECTIVE VALUE   COMMENT
    6 00000000 20000400 
                       Field_Address
                               EQU              0x20000400
    7 00000000         
    8 00000000 40005008 
                       OUT_PORTB_DC
                               EQU              0x40005008  ;00000010
    9 00000000 40005004 
                       OUT_PORTB_RESET
                               EQU              0x40005004  ;00000001
   10 00000000 40008008 
                       SSI0_DR EQU              0x40008008
   11 00000000 4000800C 
                       SSI0_SR EQU              0x4000800C
   12 00000000         ;*******************************************************
                       ********
   13 00000000         ; Directives - This Data Section is part of the code
   14 00000000         ; It is in the read only section  so values cannot be ch
                       anged.
   15 00000000         ;*******************************************************
                       ******** 
   16 00000000         ;LABEL  DIRECTIVE VALUE     COMMENT
   17 00000000                 AREA             sdata, DATA, READONLY
   18 00000000                 THUMB
   19 00000000         
   20 00000000         ;*******************************************************
                       ********
   21 00000000         ; Program section           
   22 00000000         ;*******************************************************
                       ********
   23 00000000         ;LABEL  DIRECTIVE VALUE     COMMENT
   24 00000000                 AREA             main, READONLY, CODE, ALIGN=2
   25 00000000                 THUMB
   26 00000000                 EXTERN           EMP_FIELD
   27 00000000                 EXTERN           SPI_CONFIG
   28 00000000                 EXTERN           SCREEN_INIT
   29 00000000                 EXTERN           DELAY_100ms
   30 00000000                 EXTERN           DELAY_1ms
   31 00000000                 EXTERN           IREM_CO
   32 00000000                 EXTERN           DATA_WRITE
   33 00000000                 EXTERN           INIT_SYSTICK
   34 00000000                 EXTERN           My_SYSTICK
   35 00000000                 EXTERN           ADDRESS_CHANGE
   36 00000000                 EXPORT           __main      ; Make available
   37 00000000         
   38 00000000         ;*******************************************************
                       ********
   39 00000000         ; Main Function
   40 00000000         ; CE - PA3
   41 00000000         ; Din- PA5
   42 00000000         ; CLK- PA2
   43 00000000         ; RST- PB0



ARM Macro Assembler    Page 2 


   44 00000000         ; DC - PB1
   45 00000000         ;*******************************************************
                       ******** 
   46 00000000         ;LABEL  DIRECTIVE VALUE     COMMENT
   47 00000000         __main  PROC
   48 00000000         
   49 00000000 4D04            LDR              R5,=Field_Address
   50 00000002 F7FF FFFE       BL               EMP_FIELD
   51 00000006 F7FF FFFE       BL               SPI_CONFIG
   52 0000000A F7FF FFFE       BL               SCREEN_INIT
   53 0000000E F7FF FFFE       BL               INIT_SYSTICK
   54 00000012         
   55 00000012         
   56 00000012         
   57 00000012         
   58 00000012         
   59 00000012         
   60 00000012         ;   LDR   R1,=17     ;x coordinate 
   61 00000012         ;   LDR   R2,=00     ;y coordinate
   62 00000012         ;   LSL   R2,R2,#8
   63 00000012         ;   ADD   R4,R1,R2
   64 00000012         ;   BL   ADDRESS_CHANGE  
   65 00000012         
   66 00000012         ;   MOV   R6,#600
   67 00000012         ;   LDR   R5,=OUT_PORTB_DC
   68 00000012         ;   MOV   R1,#0xFF
   69 00000012         ;   STR   R1,[R5]
   70 00000012         ;   BL   DELAY_1ms
   71 00000012         
   72 00000012         ;loop  MOV   R4,#0x00
   73 00000012         ;   BL   DATA_WRITE
   74 00000012         ;   SUBS  R6,R6,#1
   75 00000012         ;   BNE   loop
   76 00000012         
   77 00000012         ;   BL   IREM_CO
   78 00000012         
   79 00000012         
   80 00000012 E7FE    END_code
                               B                END_code
   81 00000014         
   82 00000014         ;*******************************************************
                       ********
   83 00000014         ; End of the program  section
   84 00000014         ;*******************************************************
                       ********
   85 00000014         ;LABEL      DIRECTIVE       VALUE                       
                           COMMENT
   86 00000014                 ENDP
   87 00000014                 ALIGN
   88 00000014                 END
              20000400 
Command Line: --debug --xref --diag_suppress=9931 --cpu=Cortex-M4.fp --apcs=int
erwork --depend=.\objects\main.d -o.\objects\main.o -I.\RTE\_Target_1 -IC:\Keil
_v5\ARM\PACK\Keil\TM4C_DFP\1.1.0\Device\Include\TM4C123 -IC:\Keil_v5\ARM\CMSIS\
Include --predefine="__EVAL SETA 1" --predefine="__UVISION_VERSION SETA 526" --
predefine="TM4C123GH6PM SETA 1" --list=.\listings\main.lst Main.s



ARM Macro Assembler    Page 1 Alphabetic symbol ordering
Relocatable symbols

sdata 00000000

Symbol: sdata
   Definitions
      At line 17 in file Main.s
   Uses
      None
Comment: sdata unused
1 symbol



ARM Macro Assembler    Page 1 Alphabetic symbol ordering
Relocatable symbols

END_code 00000012

Symbol: END_code
   Definitions
      At line 80 in file Main.s
   Uses
      At line 80 in file Main.s
Comment: END_code used once
__main 00000000

Symbol: __main
   Definitions
      At line 47 in file Main.s
   Uses
      At line 36 in file Main.s
Comment: __main used once
main 00000000

Symbol: main
   Definitions
      At line 24 in file Main.s
   Uses
      None
Comment: main unused
3 symbols



ARM Macro Assembler    Page 1 Alphabetic symbol ordering
Absolute symbols

Field_Address 20000400

Symbol: Field_Address
   Definitions
      At line 6 in file Main.s
   Uses
      At line 49 in file Main.s
Comment: Field_Address used once
OUT_PORTB_DC 40005008

Symbol: OUT_PORTB_DC
   Definitions
      At line 8 in file Main.s
   Uses
      None
Comment: OUT_PORTB_DC unused
OUT_PORTB_RESET 40005004

Symbol: OUT_PORTB_RESET
   Definitions
      At line 9 in file Main.s
   Uses
      None
Comment: OUT_PORTB_RESET unused
SSI0_DR 40008008

Symbol: SSI0_DR
   Definitions
      At line 10 in file Main.s
   Uses
      None
Comment: SSI0_DR unused
SSI0_SR 4000800C

Symbol: SSI0_SR
   Definitions
      At line 11 in file Main.s
   Uses
      None
Comment: SSI0_SR unused
5 symbols



ARM Macro Assembler    Page 1 Alphabetic symbol ordering
External symbols

ADDRESS_CHANGE 00000000

Symbol: ADDRESS_CHANGE
   Definitions
      At line 35 in file Main.s
   Uses
      None
Comment: ADDRESS_CHANGE unused
DATA_WRITE 00000000

Symbol: DATA_WRITE
   Definitions
      At line 32 in file Main.s
   Uses
      None
Comment: DATA_WRITE unused
DELAY_100ms 00000000

Symbol: DELAY_100ms
   Definitions
      At line 29 in file Main.s
   Uses
      None
Comment: DELAY_100ms unused
DELAY_1ms 00000000

Symbol: DELAY_1ms
   Definitions
      At line 30 in file Main.s
   Uses
      None
Comment: DELAY_1ms unused
EMP_FIELD 00000000

Symbol: EMP_FIELD
   Definitions
      At line 26 in file Main.s
   Uses
      At line 50 in file Main.s
Comment: EMP_FIELD used once
INIT_SYSTICK 00000000

Symbol: INIT_SYSTICK
   Definitions
      At line 33 in file Main.s
   Uses
      At line 53 in file Main.s
Comment: INIT_SYSTICK used once
IREM_CO 00000000

Symbol: IREM_CO
   Definitions
      At line 31 in file Main.s
   Uses
      None
Comment: IREM_CO unused
My_SYSTICK 00000000

Symbol: My_SYSTICK



ARM Macro Assembler    Page 2 Alphabetic symbol ordering
External symbols

   Definitions
      At line 34 in file Main.s
   Uses
      None
Comment: My_SYSTICK unused
SCREEN_INIT 00000000

Symbol: SCREEN_INIT
   Definitions
      At line 28 in file Main.s
   Uses
      At line 52 in file Main.s
Comment: SCREEN_INIT used once
SPI_CONFIG 00000000

Symbol: SPI_CONFIG
   Definitions
      At line 27 in file Main.s
   Uses
      At line 51 in file Main.s
Comment: SPI_CONFIG used once
10 symbols
355 symbols in table
