


ARM Macro Assembler    Page 1 


    1 00000000         ;*******************************************************
                       ******** 
    2 00000000         ; EQU Directives
    3 00000000         ; These directives do not allocate memory
    4 00000000         ;*******************************************************
                       ********
    5 00000000         ;SYMBOL    DIRECTIVE VALUE   COMMENT
    6 00000000 20000400 
                       EMPTY_FIELD
                               EQU              0x20000400  ;400-5F7
    7 00000000 20000600 
                       PLAYFIELD
                               EQU              0x20000600  ;600-7F7
    8 00000000 20000800 
                       SHIP_EMPTY
                               EQU              0x20000800  ;800-807
    9 00000000 20000808 
                       SHIP_CIVIL
                               EQU              0x20000808  ;808-80F
   10 00000000 20000810 
                       SHIP_BATTLE
                               EQU              0x20000810  ;810-817
   11 00000000 20001000 
                       OLD_SHIP_LOC_X
                               EQU              0x20001000  ;1000
   12 00000000 20001001 
                       OLD_SHIP_LOC_Y
                               EQU              0x20001001  ;1001 
   13 00000000 20001100 
                       SHIP_MEMO
                               EQU              0x20001100  ;1100-1149
   14 00000000 20001150 
                       CURSOR_MEMO
                               EQU              0x20001150  ;1150-1199
   15 00000000         ;*******************************************************
                       ********
   16 00000000         ; Directives - This Data Section is part of the code
   17 00000000         ; It is in the read only section  so values cannot be ch
                       anged.
   18 00000000         ;*******************************************************
                       ******** 
   19 00000000         ;LABEL  DIRECTIVE VALUE     COMMENT
   20 00000000                 AREA             sdata, DATA, READONLY
   21 00000000                 THUMB
   22 00000000         
   23 00000000         ;*******************************************************
                       ********
   24 00000000         ; Program section           
   25 00000000         ;*******************************************************
                       ********
   26 00000000         ;LABEL  DIRECTIVE VALUE     COMMENT
   27 00000000                 AREA             routines,READONLY,CODE
   28 00000000                 THUMB
   29 00000000                 ALIGN
   30 00000000                 EXTERN           EMP_FIELD
   31 00000000                 EXPORT           MEMORY_MAP
   32 00000000         
   33 00000000         ;*******************************************************
                       ********



ARM Macro Assembler    Page 2 


   34 00000000         ; Main Function
   35 00000000         ; Generates the pixel map of necessary objects in the me
                       mory
   36 00000000         ;*******************************************************
                       ******** 
   37 00000000         ;LABEL  DIRECTIVE VALUE     COMMENT
   38 00000000         MEMORY_MAP
                               PROC
   39 00000000 B500            PUSH             {LR}
   40 00000002         
   41 00000002 4D3F            LDR              R5,=EMPTY_FIELD
   42 00000004 F7FF FFFE       BL               EMP_FIELD
   43 00000008         
   44 00000008 4D3E            LDR              R5,=PLAYFIELD
   45 0000000A F7FF FFFE       BL               EMP_FIELD
   46 0000000E         
   47 0000000E         empty_ship
   48 0000000E 4D3E            LDR              R5,=SHIP_EMPTY
   49 00000010         
   50 00000010 F04F 00FF       MOV              R0,#0xFF
   51 00000014 F805 0B01       STRB             R0,[R5],#1
   52 00000018 F04F 0081       MOV              R0,#0x81
   53 0000001C F805 0B01       STRB             R0,[R5],#1
   54 00000020 F04F 0081       MOV              R0,#0x81
   55 00000024 F805 0B01       STRB             R0,[R5],#1
   56 00000028 F04F 0081       MOV              R0,#0x81
   57 0000002C F805 0B01       STRB             R0,[R5],#1
   58 00000030 F04F 0081       MOV              R0,#0x81
   59 00000034 F805 0B01       STRB             R0,[R5],#1
   60 00000038 F04F 0081       MOV              R0,#0x81
   61 0000003C F805 0B01       STRB             R0,[R5],#1
   62 00000040 F04F 0081       MOV              R0,#0x81
   63 00000044 F805 0B01       STRB             R0,[R5],#1
   64 00000048 F04F 00FF       MOV              R0,#0xFF
   65 0000004C F805 0B01       STRB             R0,[R5],#1
   66 00000050         
   67 00000050         
   68 00000050         Civilian_ship
   69 00000050 4D2E            LDR              R5,=SHIP_CIVIL
   70 00000052         
   71 00000052 F04F 00FF       MOV              R0,#0xFF
   72 00000056 F805 0B01       STRB             R0,[R5],#1
   73 0000005A F04F 0081       MOV              R0,#0x81
   74 0000005E F805 0B01       STRB             R0,[R5],#1
   75 00000062 F04F 0099       MOV              R0,#0x99
   76 00000066 F805 0B01       STRB             R0,[R5],#1
   77 0000006A F04F 00A5       MOV              R0,#0xA5
   78 0000006E F805 0B01       STRB             R0,[R5],#1
   79 00000072 F04F 00A5       MOV              R0,#0xA5
   80 00000076 F805 0B01       STRB             R0,[R5],#1
   81 0000007A F04F 0081       MOV              R0,#0x81
   82 0000007E F805 0B01       STRB             R0,[R5],#1
   83 00000082 F04F 0081       MOV              R0,#0x81
   84 00000086 F805 0B01       STRB             R0,[R5],#1
   85 0000008A F04F 00FF       MOV              R0,#0xFF
   86 0000008E F805 0B01       STRB             R0,[R5],#1
   87 00000092         
   88 00000092         
   89 00000092         Battleship



ARM Macro Assembler    Page 3 


   90 00000092 4D1F            LDR              R5,=SHIP_BATTLE
   91 00000094         
   92 00000094 F04F 00FF       MOV              R0,#0xFF
   93 00000098 F805 0B01       STRB             R0,[R5],#1
   94 0000009C F04F 00DB       MOV              R0,#0xDB
   95 000000A0 F805 0B01       STRB             R0,[R5],#1
   96 000000A4 F04F 00A5       MOV              R0,#0xA5
   97 000000A8 F805 0B01       STRB             R0,[R5],#1
   98 000000AC F04F 00DB       MOV              R0,#0xDB
   99 000000B0 F805 0B01       STRB             R0,[R5],#1
  100 000000B4 F04F 00DB       MOV              R0,#0xDB
  101 000000B8 F805 0B01       STRB             R0,[R5],#1
  102 000000BC F04F 00A5       MOV              R0,#0xA5
  103 000000C0 F805 0B01       STRB             R0,[R5],#1
  104 000000C4 F04F 00DB       MOV              R0,#0xDB
  105 000000C8 F805 0B01       STRB             R0,[R5],#1
  106 000000CC F04F 00FF       MOV              R0,#0xFF
  107 000000D0 F805 0B01       STRB             R0,[R5],#1
  108 000000D4         
  109 000000D4 F04F 0110 
                       old_memo
                               MOV              R1,#0x10
  110 000000D8 4D0E            LDR              R5,=OLD_SHIP_LOC_X
  111 000000DA F04F 0000       MOV              R0,#0x00
  112 000000DE F805 0B01 
                       loop    STRB             R0,[R5],#1
  113 000000E2 1E49            SUBS             R1,R1,#1
  114 000000E4 D1FB            BNE              loop
  115 000000E6         
  116 000000E6         
  117 000000E6         Clean_ship_cursor_memo
  118 000000E6 F04F 01FF       MOV              R1,#0xFF
  119 000000EA 4D0B            LDR              R5,=SHIP_MEMO
  120 000000EC F04F 0000       MOV              R0,#0x00
  121 000000F0 F805 0B01 
                       loop2   STRB             R0,[R5],#1
  122 000000F4 1E49            SUBS             R1,R1,#1
  123 000000F6 D1FB            BNE              loop2
  124 000000F8         
  125 000000F8 F85D EB04       POP              {LR}
  126 000000FC 4770            BX               LR
  127 000000FE         ;*******************************************************
                       ********
  128 000000FE         ; End of the program  section
  129 000000FE         ;*******************************************************
                       ********
  130 000000FE         ;LABEL      DIRECTIVE       VALUE                       
                           COMMENT
  131 000000FE                 ENDP
  132 000000FE 00 00           ALIGN
  133 00000100                 END
              20000400 
              20000600 
              20000800 
              20000808 
              20000810 
              20001000 
              20001100 
Command Line: --debug --xref --diag_suppress=9931 --cpu=Cortex-M4.fp --apcs=int



ARM Macro Assembler    Page 4 


erwork --depend=.\objects\memory_map.d -o.\objects\memory_map.o -I.\RTE\_Target
_1 -IC:\Keil_v5\ARM\PACK\Keil\TM4C_DFP\1.1.0\Device\Include\TM4C123 -IC:\Keil_v
5\ARM\CMSIS\Include --predefine="__EVAL SETA 1" --predefine="__UVISION_VERSION 
SETA 526" --predefine="TM4C123GH6PM SETA 1" --list=.\listings\memory_map.lst ME
MORY_MAP.s



ARM Macro Assembler    Page 1 Alphabetic symbol ordering
Relocatable symbols

sdata 00000000

Symbol: sdata
   Definitions
      At line 20 in file MEMORY_MAP.s
   Uses
      None
Comment: sdata unused
1 symbol



ARM Macro Assembler    Page 1 Alphabetic symbol ordering
Relocatable symbols

Battleship 00000092

Symbol: Battleship
   Definitions
      At line 89 in file MEMORY_MAP.s
   Uses
      None
Comment: Battleship unused
Civilian_ship 00000050

Symbol: Civilian_ship
   Definitions
      At line 68 in file MEMORY_MAP.s
   Uses
      None
Comment: Civilian_ship unused
Clean_ship_cursor_memo 000000E6

Symbol: Clean_ship_cursor_memo
   Definitions
      At line 117 in file MEMORY_MAP.s
   Uses
      None
Comment: Clean_ship_cursor_memo unused
MEMORY_MAP 00000000

Symbol: MEMORY_MAP
   Definitions
      At line 38 in file MEMORY_MAP.s
   Uses
      At line 31 in file MEMORY_MAP.s
Comment: MEMORY_MAP used once
empty_ship 0000000E

Symbol: empty_ship
   Definitions
      At line 47 in file MEMORY_MAP.s
   Uses
      None
Comment: empty_ship unused
loop 000000DE

Symbol: loop
   Definitions
      At line 112 in file MEMORY_MAP.s
   Uses
      At line 114 in file MEMORY_MAP.s
Comment: loop used once
loop2 000000F0

Symbol: loop2
   Definitions
      At line 121 in file MEMORY_MAP.s
   Uses
      At line 123 in file MEMORY_MAP.s
Comment: loop2 used once
old_memo 000000D4

Symbol: old_memo



ARM Macro Assembler    Page 2 Alphabetic symbol ordering
Relocatable symbols

   Definitions
      At line 109 in file MEMORY_MAP.s
   Uses
      None
Comment: old_memo unused
routines 00000000

Symbol: routines
   Definitions
      At line 27 in file MEMORY_MAP.s
   Uses
      None
Comment: routines unused
9 symbols



ARM Macro Assembler    Page 1 Alphabetic symbol ordering
Absolute symbols

CURSOR_MEMO 20001150

Symbol: CURSOR_MEMO
   Definitions
      At line 14 in file MEMORY_MAP.s
   Uses
      None
Comment: CURSOR_MEMO unused
EMPTY_FIELD 20000400

Symbol: EMPTY_FIELD
   Definitions
      At line 6 in file MEMORY_MAP.s
   Uses
      At line 41 in file MEMORY_MAP.s
Comment: EMPTY_FIELD used once
OLD_SHIP_LOC_X 20001000

Symbol: OLD_SHIP_LOC_X
   Definitions
      At line 11 in file MEMORY_MAP.s
   Uses
      At line 110 in file MEMORY_MAP.s
Comment: OLD_SHIP_LOC_X used once
OLD_SHIP_LOC_Y 20001001

Symbol: OLD_SHIP_LOC_Y
   Definitions
      At line 12 in file MEMORY_MAP.s
   Uses
      None
Comment: OLD_SHIP_LOC_Y unused
PLAYFIELD 20000600

Symbol: PLAYFIELD
   Definitions
      At line 7 in file MEMORY_MAP.s
   Uses
      At line 44 in file MEMORY_MAP.s
Comment: PLAYFIELD used once
SHIP_BATTLE 20000810

Symbol: SHIP_BATTLE
   Definitions
      At line 10 in file MEMORY_MAP.s
   Uses
      At line 90 in file MEMORY_MAP.s
Comment: SHIP_BATTLE used once
SHIP_CIVIL 20000808

Symbol: SHIP_CIVIL
   Definitions
      At line 9 in file MEMORY_MAP.s
   Uses
      At line 69 in file MEMORY_MAP.s
Comment: SHIP_CIVIL used once
SHIP_EMPTY 20000800

Symbol: SHIP_EMPTY



ARM Macro Assembler    Page 2 Alphabetic symbol ordering
Absolute symbols

   Definitions
      At line 8 in file MEMORY_MAP.s
   Uses
      At line 48 in file MEMORY_MAP.s
Comment: SHIP_EMPTY used once
SHIP_MEMO 20001100

Symbol: SHIP_MEMO
   Definitions
      At line 13 in file MEMORY_MAP.s
   Uses
      At line 119 in file MEMORY_MAP.s
Comment: SHIP_MEMO used once
9 symbols



ARM Macro Assembler    Page 1 Alphabetic symbol ordering
External symbols

EMP_FIELD 00000000

Symbol: EMP_FIELD
   Definitions
      At line 30 in file MEMORY_MAP.s
   Uses
      At line 42 in file MEMORY_MAP.s
      At line 45 in file MEMORY_MAP.s

1 symbol
356 symbols in table
