


ARM Macro Assembler    Page 1 


    1 00000000         ;*******************************************************
                       ******** 
    2 00000000         ; EQU Directives
    3 00000000         ; These directives do not allocate memory
    4 00000000         ;*******************************************************
                       ********
    5 00000000         ;SYMBOL    DIRECTIVE VALUE   COMMENT
    6 00000000 400253FC 
                       GPIO_PORTF_DATA_R
                               EQU              0x400253FC
    7 00000000 40025400 
                       GPIO_PORTF_DIR_R
                               EQU              0x40025400
    8 00000000 40025420 
                       GPIO_PORTF_AFSEL_R
                               EQU              0x40025420
    9 00000000 40025510 
                       GPIO_PORTF_PUR_R
                               EQU              0x40025510
   10 00000000 4002551C 
                       GPIO_PORTF_DEN_R
                               EQU              0x4002551C
   11 00000000 40025520 
                       GPIO_PORTF_LOCK_R
                               EQU              0x40025520
   12 00000000 40025524 
                       GPIO_PORTF_CR_R
                               EQU              0x40025524
   13 00000000 40025528 
                       GPIO_PORTF_AMSEL_R
                               EQU              0x40025528
   14 00000000 4002552C 
                       GPIO_PORTF_PCTL_R
                               EQU              0x4002552C
   15 00000000 4C4F434B 
                       GPIO_LOCK_KEY
                               EQU              0x4C4F434B  ; Unlocks the GPIO_
                                                            CR register
   16 00000000 00000002 
                       RED     EQU              0x02
   17 00000000 00000004 
                       BLUE    EQU              0x04
   18 00000000 00000008 
                       GREEN   EQU              0x08
   19 00000000 00000010 
                       SW1     EQU              0x10        ; on the left side 
                                                            of the Launchpad bo
                                                            ard
   20 00000000 00000001 
                       SW2     EQU              0x01        ; on the right side
                                                             of the Launchpad b
                                                            oard
   21 00000000 400FE608 
                       SYSCTL_RCGCGPIO_R
                               EQU              0x400FE608
   22 00000000         
   23 00000000         
   24 00000000         
   25 00000000         ;*******************************************************



ARM Macro Assembler    Page 2 


                       ********
   26 00000000         ; Directives - This Data Section is part of the code
   27 00000000         ; It is in the read only section  so values cannot be ch
                       anged.
   28 00000000         ;*******************************************************
                       ******** 
   29 00000000         
   30 00000000         ;*******************************************************
                       ********
   31 00000000         ; Program section           
   32 00000000         ;*******************************************************
                       ********
   33 00000000         ;LABEL  DIRECTIVE VALUE     COMMENT
   34 00000000                 AREA             routines,READONLY,CODE
   35 00000000                 THUMB
   36 00000000                 ALIGN
   37 00000000                 EXPORT           PORTF_INIT
   38 00000000         PORTF_INIT
                               PROC
   39 00000000 4913            LDR              R1, =SYSCTL_RCGCGPIO_R ; 1) act
                                                            ivate clock for Por
                                                            t F
   40 00000002 6808            LDR              R0, [R1]
   41 00000004 F040 0020       ORR              R0, R0, #0x20 ; set bit 5 to tu
                                                            rn on clock
   42 00000008 6008            STR              R0, [R1]
   43 0000000A BF00            NOP
   44 0000000C BF00            NOP                          ; allow time for cl
                                                            ock to finish
   45 0000000E 4911            LDR              R1, =GPIO_PORTF_LOCK_R ; 2) unl
                                                            ock the lock regist
                                                            er
   46 00000010 4811            LDR              R0, =0x4C4F434B ; unlock GPIO P
                                                            ort F Commit Regist
                                                            er
   47 00000012 6008            STR              R0, [R1]
   48 00000014 4911            LDR              R1, =GPIO_PORTF_CR_R ; enable c
                                                            ommit for Port F
   49 00000016 F04F 00FF       MOV              R0, #0xFF   ; 1 means allow acc
                                                            ess
   50 0000001A 6008            STR              R0, [R1]
   51 0000001C 4910            LDR              R1, =GPIO_PORTF_AMSEL_R ; 3) di
                                                            sable analog functi
                                                            onality
   52 0000001E F04F 0000       MOV              R0, #0      ; 0 means analog is
                                                             off
   53 00000022 6008            STR              R0, [R1]
   54 00000024 490F            LDR              R1, =GPIO_PORTF_PCTL_R ; 4) con
                                                            figure as GPIO
   55 00000026 F04F 0000       MOV              R0, #0x00000000 ; 0 means confi
                                                            gure Port F as GPIO
                                                            
   56 0000002A 6008            STR              R0, [R1]
   57 0000002C 490E            LDR              R1, =GPIO_PORTF_DIR_R ; 5) set 
                                                            direction register
   58 0000002E F04F 000E       MOV              R0,#0x0E    ; PF0 and PF7-4 inp
                                                            ut, PF3-1 output
   59 00000032 6008            STR              R0, [R1]
   60 00000034 490D            LDR              R1, =GPIO_PORTF_AFSEL_R ; 6) re



ARM Macro Assembler    Page 3 


                                                            gular port function
                                                            
   61 00000036 F04F 0000       MOV              R0, #0      ; 0 means disable a
                                                            lternate function 
   62 0000003A 6008            STR              R0, [R1]
   63 0000003C 490C            LDR              R1, =GPIO_PORTF_PUR_R ; pull-up
                                                             resistors for PF4,
                                                            PF0
   64 0000003E F04F 0011       MOV              R0, #0x11   ; enable weak pull-
                                                            up on PF0 and PF4
   65 00000042 6008            STR              R0, [R1]
   66 00000044 490B            LDR              R1, =GPIO_PORTF_DEN_R ; 7) enab
                                                            le Port F digital p
                                                            ort
   67 00000046 F04F 00FF       MOV              R0, #0xFF   ; 1 means enable di
                                                            gital I/O
   68 0000004A 6008            STR              R0, [R1]
   69 0000004C 4770            BX               LR
   70 0000004E                 ENDP
   71 0000004E 00 00           ALIGN
   72 00000050                 END
              400FE608 
              40025520 
              4C4F434B 
              40025524 
              40025528 
              4002552C 
              40025400 
              40025420 
              40025510 
              4002551C 
Command Line: --debug --xref --diag_suppress=9931 --cpu=Cortex-M4.fp --apcs=int
erwork --depend=.\objects\portf_init.d -o.\objects\portf_init.o -I.\RTE\_Target
_1 -IC:\Keil_v5\ARM\PACK\Keil\TM4C_DFP\1.1.0\Device\Include\TM4C123 -IC:\Keil_v
5\ARM\CMSIS\Include --predefine="__EVAL SETA 1" --predefine="__UVISION_VERSION 
SETA 526" --predefine="TM4C123GH6PM SETA 1" --list=.\listings\portf_init.lst PO
RTF_INIT.s



ARM Macro Assembler    Page 1 Alphabetic symbol ordering
Relocatable symbols

PORTF_INIT 00000000

Symbol: PORTF_INIT
   Definitions
      At line 38 in file PORTF_INIT.s
   Uses
      At line 37 in file PORTF_INIT.s
Comment: PORTF_INIT used once
routines 00000000

Symbol: routines
   Definitions
      At line 34 in file PORTF_INIT.s
   Uses
      None
Comment: routines unused
2 symbols



ARM Macro Assembler    Page 1 Alphabetic symbol ordering
Absolute symbols

BLUE 00000004

Symbol: BLUE
   Definitions
      At line 17 in file PORTF_INIT.s
   Uses
      None
Comment: BLUE unused
GPIO_LOCK_KEY 4C4F434B

Symbol: GPIO_LOCK_KEY
   Definitions
      At line 15 in file PORTF_INIT.s
   Uses
      None
Comment: GPIO_LOCK_KEY unused
GPIO_PORTF_AFSEL_R 40025420

Symbol: GPIO_PORTF_AFSEL_R
   Definitions
      At line 8 in file PORTF_INIT.s
   Uses
      At line 60 in file PORTF_INIT.s
Comment: GPIO_PORTF_AFSEL_R used once
GPIO_PORTF_AMSEL_R 40025528

Symbol: GPIO_PORTF_AMSEL_R
   Definitions
      At line 13 in file PORTF_INIT.s
   Uses
      At line 51 in file PORTF_INIT.s
Comment: GPIO_PORTF_AMSEL_R used once
GPIO_PORTF_CR_R 40025524

Symbol: GPIO_PORTF_CR_R
   Definitions
      At line 12 in file PORTF_INIT.s
   Uses
      At line 48 in file PORTF_INIT.s
Comment: GPIO_PORTF_CR_R used once
GPIO_PORTF_DATA_R 400253FC

Symbol: GPIO_PORTF_DATA_R
   Definitions
      At line 6 in file PORTF_INIT.s
   Uses
      None
Comment: GPIO_PORTF_DATA_R unused
GPIO_PORTF_DEN_R 4002551C

Symbol: GPIO_PORTF_DEN_R
   Definitions
      At line 10 in file PORTF_INIT.s
   Uses
      At line 66 in file PORTF_INIT.s
Comment: GPIO_PORTF_DEN_R used once
GPIO_PORTF_DIR_R 40025400

Symbol: GPIO_PORTF_DIR_R



ARM Macro Assembler    Page 2 Alphabetic symbol ordering
Absolute symbols

   Definitions
      At line 7 in file PORTF_INIT.s
   Uses
      At line 57 in file PORTF_INIT.s
Comment: GPIO_PORTF_DIR_R used once
GPIO_PORTF_LOCK_R 40025520

Symbol: GPIO_PORTF_LOCK_R
   Definitions
      At line 11 in file PORTF_INIT.s
   Uses
      At line 45 in file PORTF_INIT.s
Comment: GPIO_PORTF_LOCK_R used once
GPIO_PORTF_PCTL_R 4002552C

Symbol: GPIO_PORTF_PCTL_R
   Definitions
      At line 14 in file PORTF_INIT.s
   Uses
      At line 54 in file PORTF_INIT.s
Comment: GPIO_PORTF_PCTL_R used once
GPIO_PORTF_PUR_R 40025510

Symbol: GPIO_PORTF_PUR_R
   Definitions
      At line 9 in file PORTF_INIT.s
   Uses
      At line 63 in file PORTF_INIT.s
Comment: GPIO_PORTF_PUR_R used once
GREEN 00000008

Symbol: GREEN
   Definitions
      At line 18 in file PORTF_INIT.s
   Uses
      None
Comment: GREEN unused
RED 00000002

Symbol: RED
   Definitions
      At line 16 in file PORTF_INIT.s
   Uses
      None
Comment: RED unused
SW1 00000010

Symbol: SW1
   Definitions
      At line 19 in file PORTF_INIT.s
   Uses
      None
Comment: SW1 unused
SW2 00000001

Symbol: SW2
   Definitions
      At line 20 in file PORTF_INIT.s
   Uses



ARM Macro Assembler    Page 3 Alphabetic symbol ordering
Absolute symbols

      None
Comment: SW2 unused
SYSCTL_RCGCGPIO_R 400FE608

Symbol: SYSCTL_RCGCGPIO_R
   Definitions
      At line 21 in file PORTF_INIT.s
   Uses
      At line 39 in file PORTF_INIT.s
Comment: SYSCTL_RCGCGPIO_R used once
16 symbols
354 symbols in table
