


ARM Macro Assembler    Page 1 


    1 00000000         ;*******************************************************
                       ******** 
    2 00000000         ; EQU Directives
    3 00000000         ; These directives do not allocate memory
    4 00000000         ;*******************************************************
                       ********
    5 00000000         ;SYMBOL    DIRECTIVE VALUE   COMMENT
    6 00000000 400253FC 
                       GPIO_PORTF_DATA_R
                               EQU              0x400253FC
    7 00000000 40025400 
                       GPIO_PORTF_DIR_R
                               EQU              0x40025400
    8 00000000 40025420 
                       GPIO_PORTF_AFSEL_R
                               EQU              0x40025420
    9 00000000 40025510 
                       GPIO_PORTF_PUR_R
                               EQU              0x40025510
   10 00000000 4002551C 
                       GPIO_PORTF_DEN_R
                               EQU              0x4002551C
   11 00000000 40025520 
                       GPIO_PORTF_LOCK_R
                               EQU              0x40025520
   12 00000000 40025524 
                       GPIO_PORTF_CR_R
                               EQU              0x40025524
   13 00000000 40025528 
                       GPIO_PORTF_AMSEL_R
                               EQU              0x40025528
   14 00000000 4002552C 
                       GPIO_PORTF_PCTL_R
                               EQU              0x4002552C
   15 00000000 4C4F434B 
                       GPIO_LOCK_KEY
                               EQU              0x4C4F434B  ; Unlocks the GPIO_
                                                            CR register
   16 00000000 00000002 
                       RED     EQU              0x02
   17 00000000 00000004 
                       BLUE    EQU              0x04
   18 00000000 00000008 
                       GREEN   EQU              0x08
   19 00000000 00000010 
                       SW1     EQU              0x10        ; on the left side 
                                                            of the Launchpad bo
                                                            ard
   20 00000000 00000001 
                       SW2     EQU              0x01        ; on the right side
                                                             of the Launchpad b
                                                            oard
   21 00000000 400FE608 
                       SYSCTL_RCGCGPIO_R
                               EQU              0x400FE608
   22 00000000         
   23 00000000         
   24 00000000         
   25 00000000         ;*******************************************************



ARM Macro Assembler    Page 2 


                       ********
   26 00000000         ; Directives - This Data Section is part of the code
   27 00000000         ; It is in the read only section  so values cannot be ch
                       anged.
   28 00000000         ;*******************************************************
                       ******** 
   29 00000000         
   30 00000000         ;*******************************************************
                       ********
   31 00000000         ; Program section           
   32 00000000         ;*******************************************************
                       ********
   33 00000000         ;LABEL  DIRECTIVE VALUE     COMMENT
   34 00000000                 AREA             routines,READONLY,CODE
   35 00000000                 THUMB
   36 00000000                 ALIGN
   37 00000000                 EXPORT           PUSHBUTTON
   38 00000000                 EXTERN           WINNER
   39 00000000                 EXTERN           LOSER
   40 00000000         
   41 00000000         ;*******************************************************
                       ********
   42 00000000         ; Main Function
   43 00000000         ; CE - PA3
   44 00000000         ; Din- PA5
   45 00000000         ; CLK- PA2
   46 00000000         ;*******************************************************
                       ******** 
   47 00000000         ;LABEL  DIRECTIVE VALUE     COMMENT
   48 00000000         PUSHBUTTON                           ;------------PortF_
                                                            Init------------
   49 00000000         ; initialize input and output pins of Port F
   50 00000000         loop
   51 00000000 4811            LDR              R0, =FIFTHSEC ; R0 = FIFTHSEC (
                                                            delay 0.2 second)
   52 00000002 F000 F815       BL               delay       ; delay at least (3
                                                            *R0) cycles
   53 00000006 F000 F816       BL               PortF_Input ; read all of the s
                                                            witches on Port F
   54 0000000A 2801            CMP              R0, #0x01   ; R0 == 0x01?
   55 0000000C D005            BEQ              sw1pressed  ; if so, switch 1 p
                                                            ressed
   56 0000000E 2810            CMP              R0, #0x10   ; R0 == 0x10?
   57 00000010 D006            BEQ              sw2pressed  ; if so, switch 2 p
                                                            ressed
   58 00000012 2800            CMP              R0, #0x00   ; R0 == 0x00?
   59 00000014 D007            BEQ              bothpressed ; if so, both switc
                                                            hes pressed
   60 00000016 2811            CMP              R0, #0x11   ; R0 == 0x11?
   61 00000018 E7F2            B                loop
   62 0000001A         ;B FINISH
   63 0000001A         sw1pressed
   64 0000001A         
   65 0000001A F7FF FFFE       BL               WINNER
   66 0000001E E7EF            B                loop
   67 00000020         ;B FINISH
   68 00000020         sw2pressed
   69 00000020         
   70 00000020 F7FF FFFE       BL               LOSER



ARM Macro Assembler    Page 3 


   71 00000024 E7EC            B                loop
   72 00000026         ;B FINISH
   73 00000026         bothpressed
   74 00000026 F04F 0002       MOV              R0, #RED    ; R0 = GREEN (green
                                                             LED on)
   75 0000002A F000 F809       BL               PortF_Output ; turn the RED LED
                                                             on
   76 0000002E E7E7            B                loop
   77 00000030         ;B FINISH 
   78 00000030         
   79 00000030         
   80 00000030         
   81 00000030         
   82 00000030         
   83 00000030         ;------------delay------------
   84 00000030         ; Delay function for testing, which delays about 3*count
                        cycles.
   85 00000030         ; Input: R0  count
   86 00000030         ; Output: none
   87 00000030 00516155 
                       ONESEC  EQU              5333333     ; approximately 1s 
                                                            delay at ~16 MHz cl
                                                            ock
   88 00000030 00145855 
                       QUARTERSEC
                               EQU              1333333     ; approximately 0.2
                                                            5s delay at ~16 MHz
                                                             clock
   89 00000030 001046AA 
                       FIFTHSEC
                               EQU              1066666     ; approximately 0.2
                                                            s delay at ~16 MHz 
                                                            clock
   90 00000030         delay
   91 00000030 1E40            SUBS             R0, R0, #1  ; R0 = R0 - 1 (coun
                                                            t = count - 1)
   92 00000032 D1FD            BNE              delay       ; if count (R0) != 
                                                            0, skip to 'delay'
   93 00000034 4770            BX               LR          ; return
   94 00000036         
   95 00000036         ;------------PortF_Init------------
   96 00000036         
   97 00000036         
   98 00000036         ;------------PortF_Input------------
   99 00000036         ; Read and return the status of the switches.
  100 00000036         
  101 00000036         PortF_Input
  102 00000036 4905            LDR              R1, =GPIO_PORTF_DATA_R ; pointe
                                                            r to Port F data
  103 00000038 6808            LDR              R0, [R1]    ; read all of Port 
                                                            F
  104 0000003A F000 0011       AND              R0,R0,#0x11 ; just the input pi
                                                            ns PF0 and PF4
  105 0000003E 4770            BX               LR          ; return R0 with in
                                                            puts      GPIO PORT
                                                            F DATA KEEPS THE PU
                                                            SH BUTTON OPTIONS
  106 00000040         
  107 00000040         ;------------PortF_Output------------



ARM Macro Assembler    Page 4 


  108 00000040         
  109 00000040         PortF_Output
  110 00000040 4902            LDR              R1, =GPIO_PORTF_DATA_R ; pointe
                                                            r to Port F data
  111 00000042 6008            STR              R0, [R1]    ; write to PF3-1
  112 00000044 4770    FINISH  BX               LR
  113 00000046         
  114 00000046 00 00           ALIGN                        ; make sure the end
                                                             of this section is
                                                             aligned
  115 00000048                 END                          ; end of file
              001046AA 
              400253FC 
Command Line: --debug --xref --diag_suppress=9931 --cpu=Cortex-M4.fp --apcs=int
erwork --depend=.\objects\pushbutton.d -o.\objects\pushbutton.o -I.\RTE\_Target
_1 -IC:\Keil_v5\ARM\PACK\Keil\TM4C_DFP\1.1.0\Device\Include\TM4C123 -IC:\Keil_v
5\ARM\CMSIS\Include --predefine="__EVAL SETA 1" --predefine="__UVISION_VERSION 
SETA 526" --predefine="TM4C123GH6PM SETA 1" --list=.\listings\pushbutton.lst PU
SHBUTTON.s



ARM Macro Assembler    Page 1 Alphabetic symbol ordering
Relocatable symbols

FINISH 00000044

Symbol: FINISH
   Definitions
      At line 112 in file PUSHBUTTON.s
   Uses
      None
Comment: FINISH unused
PUSHBUTTON 00000000

Symbol: PUSHBUTTON
   Definitions
      At line 48 in file PUSHBUTTON.s
   Uses
      At line 37 in file PUSHBUTTON.s
Comment: PUSHBUTTON used once
PortF_Input 00000036

Symbol: PortF_Input
   Definitions
      At line 101 in file PUSHBUTTON.s
   Uses
      At line 53 in file PUSHBUTTON.s
Comment: PortF_Input used once
PortF_Output 00000040

Symbol: PortF_Output
   Definitions
      At line 109 in file PUSHBUTTON.s
   Uses
      At line 75 in file PUSHBUTTON.s
Comment: PortF_Output used once
bothpressed 00000026

Symbol: bothpressed
   Definitions
      At line 73 in file PUSHBUTTON.s
   Uses
      At line 59 in file PUSHBUTTON.s
Comment: bothpressed used once
delay 00000030

Symbol: delay
   Definitions
      At line 90 in file PUSHBUTTON.s
   Uses
      At line 52 in file PUSHBUTTON.s
      At line 92 in file PUSHBUTTON.s

loop 00000000

Symbol: loop
   Definitions
      At line 50 in file PUSHBUTTON.s
   Uses
      At line 61 in file PUSHBUTTON.s
      At line 66 in file PUSHBUTTON.s
      At line 71 in file PUSHBUTTON.s
      At line 76 in file PUSHBUTTON.s



ARM Macro Assembler    Page 2 Alphabetic symbol ordering
Relocatable symbols


routines 00000000

Symbol: routines
   Definitions
      At line 34 in file PUSHBUTTON.s
   Uses
      None
Comment: routines unused
sw1pressed 0000001A

Symbol: sw1pressed
   Definitions
      At line 63 in file PUSHBUTTON.s
   Uses
      At line 55 in file PUSHBUTTON.s
Comment: sw1pressed used once
sw2pressed 00000020

Symbol: sw2pressed
   Definitions
      At line 68 in file PUSHBUTTON.s
   Uses
      At line 57 in file PUSHBUTTON.s
Comment: sw2pressed used once
10 symbols



ARM Macro Assembler    Page 1 Alphabetic symbol ordering
Absolute symbols

BLUE 00000004

Symbol: BLUE
   Definitions
      At line 17 in file PUSHBUTTON.s
   Uses
      None
Comment: BLUE unused
FIFTHSEC 001046AA

Symbol: FIFTHSEC
   Definitions
      At line 89 in file PUSHBUTTON.s
   Uses
      At line 51 in file PUSHBUTTON.s
Comment: FIFTHSEC used once
GPIO_LOCK_KEY 4C4F434B

Symbol: GPIO_LOCK_KEY
   Definitions
      At line 15 in file PUSHBUTTON.s
   Uses
      None
Comment: GPIO_LOCK_KEY unused
GPIO_PORTF_AFSEL_R 40025420

Symbol: GPIO_PORTF_AFSEL_R
   Definitions
      At line 8 in file PUSHBUTTON.s
   Uses
      None
Comment: GPIO_PORTF_AFSEL_R unused
GPIO_PORTF_AMSEL_R 40025528

Symbol: GPIO_PORTF_AMSEL_R
   Definitions
      At line 13 in file PUSHBUTTON.s
   Uses
      None
Comment: GPIO_PORTF_AMSEL_R unused
GPIO_PORTF_CR_R 40025524

Symbol: GPIO_PORTF_CR_R
   Definitions
      At line 12 in file PUSHBUTTON.s
   Uses
      None
Comment: GPIO_PORTF_CR_R unused
GPIO_PORTF_DATA_R 400253FC

Symbol: GPIO_PORTF_DATA_R
   Definitions
      At line 6 in file PUSHBUTTON.s
   Uses
      At line 102 in file PUSHBUTTON.s
      At line 110 in file PUSHBUTTON.s

GPIO_PORTF_DEN_R 4002551C




ARM Macro Assembler    Page 2 Alphabetic symbol ordering
Absolute symbols

Symbol: GPIO_PORTF_DEN_R
   Definitions
      At line 10 in file PUSHBUTTON.s
   Uses
      None
Comment: GPIO_PORTF_DEN_R unused
GPIO_PORTF_DIR_R 40025400

Symbol: GPIO_PORTF_DIR_R
   Definitions
      At line 7 in file PUSHBUTTON.s
   Uses
      None
Comment: GPIO_PORTF_DIR_R unused
GPIO_PORTF_LOCK_R 40025520

Symbol: GPIO_PORTF_LOCK_R
   Definitions
      At line 11 in file PUSHBUTTON.s
   Uses
      None
Comment: GPIO_PORTF_LOCK_R unused
GPIO_PORTF_PCTL_R 4002552C

Symbol: GPIO_PORTF_PCTL_R
   Definitions
      At line 14 in file PUSHBUTTON.s
   Uses
      None
Comment: GPIO_PORTF_PCTL_R unused
GPIO_PORTF_PUR_R 40025510

Symbol: GPIO_PORTF_PUR_R
   Definitions
      At line 9 in file PUSHBUTTON.s
   Uses
      None
Comment: GPIO_PORTF_PUR_R unused
GREEN 00000008

Symbol: GREEN
   Definitions
      At line 18 in file PUSHBUTTON.s
   Uses
      None
Comment: GREEN unused
ONESEC 00516155

Symbol: ONESEC
   Definitions
      At line 87 in file PUSHBUTTON.s
   Uses
      None
Comment: ONESEC unused
QUARTERSEC 00145855

Symbol: QUARTERSEC
   Definitions
      At line 88 in file PUSHBUTTON.s



ARM Macro Assembler    Page 3 Alphabetic symbol ordering
Absolute symbols

   Uses
      None
Comment: QUARTERSEC unused
RED 00000002

Symbol: RED
   Definitions
      At line 16 in file PUSHBUTTON.s
   Uses
      At line 74 in file PUSHBUTTON.s
Comment: RED used once
SW1 00000010

Symbol: SW1
   Definitions
      At line 19 in file PUSHBUTTON.s
   Uses
      None
Comment: SW1 unused
SW2 00000001

Symbol: SW2
   Definitions
      At line 20 in file PUSHBUTTON.s
   Uses
      None
Comment: SW2 unused
SYSCTL_RCGCGPIO_R 400FE608

Symbol: SYSCTL_RCGCGPIO_R
   Definitions
      At line 21 in file PUSHBUTTON.s
   Uses
      None
Comment: SYSCTL_RCGCGPIO_R unused
19 symbols



ARM Macro Assembler    Page 1 Alphabetic symbol ordering
External symbols

LOSER 00000000

Symbol: LOSER
   Definitions
      At line 39 in file PUSHBUTTON.s
   Uses
      At line 70 in file PUSHBUTTON.s
Comment: LOSER used once
WINNER 00000000

Symbol: WINNER
   Definitions
      At line 38 in file PUSHBUTTON.s
   Uses
      At line 65 in file PUSHBUTTON.s
Comment: WINNER used once
2 symbols
367 symbols in table
