


ARM Macro Assembler    Page 1 


    1 00000000 40005008 
                       OUT_PORTB_DC
                               EQU              0x40005008  ;00000010
    2 00000000         
    3 00000000 20000400 
                       EMPTY_FIELD
                               EQU              0x20000400  ;400-5F7
    4 00000000         ;LABEL  DIRECTIVE VALUE     COMMENT
    5 00000000                 AREA             routines,READONLY,CODE
    6 00000000                 THUMB
    7 00000000                 ALIGN
    8 00000000                 EXTERN           DELAY_1ms
    9 00000000                 EXTERN           DELAY_100ms
   10 00000000                 EXTERN           DATA_WRITE
   11 00000000                 EXTERN           ADDRESS_CHANGE
   12 00000000                 EXTERN           __main
   13 00000000                 EXTERN           PortF_Input
   14 00000000                 EXPORT           LOSER
   15 00000000         
   16 00000000         ;*******************************************************
                       ********
   17 00000000         ; LOSER IS GOING TO BE SHOWN ON SCREEN
   18 00000000         ; 
   19 00000000         ; 
   20 00000000         ;*******************************************************
                       ******** 
   21 00000000         ;LABEL  DIRECTIVE VALUE     COMMENT
   22 00000000         
   23 00000000         LOSER   PROC
   24 00000000         
   25 00000000         ;PUSH  {LR}   
   26 00000000 F44F 7616       MOV              R6,#600
   27 00000004 F04F 0400 
                       loop    MOV              R4,#0x00
   28 00000008 F7FF FFFE       BL               DATA_WRITE
   29 0000000C 1E76            SUBS             R6,R6,#1
   30 0000000E D1F9            BNE              loop
   31 00000010         
   32 00000010         
   33 00000010 F240 241F       LDR              R4,=0x021F
   34 00000014 F7FF FFFE       BL               ADDRESS_CHANGE
   35 00000018         
   36 00000018         ;  ,{0x7f, 0x40, 0x40, 0x40, 0x40} // 4c L
   37 00000018 F04F 047F       MOV              R4, #0x7F
   38 0000001C F7FF FFFE       BL               DATA_WRITE
   39 00000020 F04F 0440       MOV              r4,#0x40
   40 00000024 F7FF FFFE       BL               DATA_WRITE
   41 00000028 F04F 0440       MOV              R4, #0x40
   42 0000002C F7FF FFFE       BL               DATA_WRITE
   43 00000030 F04F 0440       MOV              R4, #0x40
   44 00000034 F7FF FFFE       BL               DATA_WRITE
   45 00000038 F04F 0440       MOV              R4, #0x40
   46 0000003C F7FF FFFE       BL               DATA_WRITE
   47 00000040         
   48 00000040         
   49 00000040         ;0x3e, 0x41, 0x41, 0x41, 0x3e} // 4f O
   50 00000040         
   51 00000040 F04F 043E       MOV              R4, #0x3E
   52 00000044 F7FF FFFE       BL               DATA_WRITE



ARM Macro Assembler    Page 2 


   53 00000048 F04F 0441       MOV              r4,#0x41
   54 0000004C F7FF FFFE       BL               DATA_WRITE
   55 00000050 F04F 0441       MOV              R4, #0x41
   56 00000054 F7FF FFFE       BL               DATA_WRITE
   57 00000058 F04F 0441       MOV              R4, #0x41
   58 0000005C F7FF FFFE       BL               DATA_WRITE
   59 00000060 F04F 043E       MOV              R4, #0x3E
   60 00000064 F7FF FFFE       BL               DATA_WRITE
   61 00000068         ;  ,{0x46, 0x49, 0x49, 0x49, 0x31} // 53 S
   62 00000068 F04F 0446       MOV              R4, #0x46
   63 0000006C F7FF FFFE       BL               DATA_WRITE
   64 00000070 F04F 0449       MOV              r4,#0x49
   65 00000074 F7FF FFFE       BL               DATA_WRITE
   66 00000078 F04F 0449       MOV              R4, #0x49
   67 0000007C F7FF FFFE       BL               DATA_WRITE
   68 00000080 F04F 0449       MOV              R4, #0x49
   69 00000084 F7FF FFFE       BL               DATA_WRITE
   70 00000088 F04F 0431       MOV              R4, #0x31
   71 0000008C F7FF FFFE       BL               DATA_WRITE
   72 00000090         ;  ,{0x7f, 0x49, 0x49, 0x49, 0x41} // 45 E
   73 00000090 F04F 047F       MOV              R4, #0x7F
   74 00000094 F7FF FFFE       BL               DATA_WRITE
   75 00000098 F04F 0449       MOV              r4,#0x49
   76 0000009C F7FF FFFE       BL               DATA_WRITE
   77 000000A0 F04F 0449       MOV              R4, #0x49
   78 000000A4 F7FF FFFE       BL               DATA_WRITE
   79 000000A8 F04F 0449       MOV              R4, #0x49
   80 000000AC F7FF FFFE       BL               DATA_WRITE
   81 000000B0 F04F 0441       MOV              R4, #0x41
   82 000000B4 F7FF FFFE       BL               DATA_WRITE
   83 000000B8         ; ,{0x7f, 0x09, 0x19, 0x29, 0x46} // 52 R   
   84 000000B8 F04F 047F       MOV              R4, #0x7F
   85 000000BC F7FF FFFE       BL               DATA_WRITE
   86 000000C0 F04F 0409       MOV              r4,#0x09
   87 000000C4 F7FF FFFE       BL               DATA_WRITE
   88 000000C8 F04F 0419       MOV              R4, #0x19
   89 000000CC F7FF FFFE       BL               DATA_WRITE
   90 000000D0 F04F 0429       MOV              R4, #0x29
   91 000000D4 F7FF FFFE       BL               DATA_WRITE
   92 000000D8 F04F 0446       MOV              R4, #0x46
   93 000000DC F7FF FFFE       BL               DATA_WRITE
   94 000000E0         ;POP {LR}
   95 000000E0         ;BX LR
   96 000000E0 F7FF FFFE 
                       wait    BL               PortF_Input ; read all of the s
                                                            witches on Port F
   97 000000E4 2800            CMP              R0, #0x00
   98 000000E6 D0FB            BEQ              wait
   99 000000E8         
  100 000000E8 2811            CMP              R0, #0x11   ;
  101 000000EA D0F9            BEQ              wait
  102 000000EC         
  103 000000EC F7FF BFFE       B                __main
  104 000000F0                 ENDP
  105 000000F0         ***********************
  106 000000F0         
  107 000000F0         ; THIS CODE WRITES PLAYER2'S TURN ON SCREEN
  108 000000F0         
  109 000000F0         *********************



ARM Macro Assembler    Page 3 


  110 000000F0                 EXPORT           PLAYER2
  111 000000F0         
  112 000000F0         PLAYER2 PROC
  113 000000F0         
  114 000000F0 B500            PUSH             {LR}
  115 000000F2         
  116 000000F2 F44F 7616       MOV              R6,#600
  117 000000F6 F04F 0400 
                       loop1   MOV              R4,#0x00
  118 000000FA F7FF FFFE       BL               DATA_WRITE
  119 000000FE 1E76            SUBS             R6,R6,#1
  120 00000100 D1F9            BNE              loop1
  121 00000102         
  122 00000102 F240 2406       LDR              R4,=0x0206
  123 00000106 F7FF FFFE       BL               ADDRESS_CHANGE
  124 0000010A         
  125 0000010A         ;{0x7f, 0x09, 0x09, 0x09, 0x06} // 50 P
  126 0000010A         
  127 0000010A F04F 047F       MOV              R4, #0x7F
  128 0000010E F7FF FFFE       BL               DATA_WRITE
  129 00000112 F04F 0409       MOV              r4,#0x09
  130 00000116 F7FF FFFE       BL               DATA_WRITE
  131 0000011A F04F 0409       MOV              R4, #0x09
  132 0000011E F7FF FFFE       BL               DATA_WRITE
  133 00000122 F04F 0409       MOV              R4, #0x09
  134 00000126 F7FF FFFE       BL               DATA_WRITE
  135 0000012A F04F 0406       MOV              R4, #0x06
  136 0000012E F7FF FFFE       BL               DATA_WRITE
  137 00000132         
  138 00000132         ;  ,{0x7f, 0x40, 0x40, 0x40, 0x40} // 4c L
  139 00000132 F04F 047F       MOV              R4, #0x7F
  140 00000136 F7FF FFFE       BL               DATA_WRITE
  141 0000013A F04F 0440       MOV              r4,#0x40
  142 0000013E F7FF FFFE       BL               DATA_WRITE
  143 00000142 F04F 0440       MOV              R4, #0x40
  144 00000146 F7FF FFFE       BL               DATA_WRITE
  145 0000014A F04F 0440       MOV              R4, #0x40
  146 0000014E F7FF FFFE       BL               DATA_WRITE
  147 00000152 F04F 0440       MOV              R4, #0x40
  148 00000156 F7FF FFFE       BL               DATA_WRITE
  149 0000015A         ;{0x7e, 0x11, 0x11, 0x11, 0x7e} // 41 A
  150 0000015A         
  151 0000015A F04F 047E       MOV              R4, #0x7E
  152 0000015E F7FF FFFE       BL               DATA_WRITE
  153 00000162 F04F 0411       MOV              r4,#0x11
  154 00000166 F7FF FFFE       BL               DATA_WRITE
  155 0000016A F04F 0411       MOV              R4, #0x11
  156 0000016E F7FF FFFE       BL               DATA_WRITE
  157 00000172 F04F 0411       MOV              R4, #0x11
  158 00000176 F7FF FFFE       BL               DATA_WRITE
  159 0000017A F04F 047E       MOV              R4, #0x7E
  160 0000017E F7FF FFFE       BL               DATA_WRITE
  161 00000182         
  162 00000182         ;{0x07, 0x08, 0x70, 0x08, 0x07} // 59 Y
  163 00000182 F04F 0407       MOV              R4, #0x07
  164 00000186 F7FF FFFE       BL               DATA_WRITE
  165 0000018A F04F 0408       MOV              r4,#0x08
  166 0000018E F7FF FFFE       BL               DATA_WRITE
  167 00000192 F04F 0470       MOV              R4, #0x70



ARM Macro Assembler    Page 4 


  168 00000196 F7FF FFFE       BL               DATA_WRITE
  169 0000019A F04F 0408       MOV              R4, #0x08
  170 0000019E F7FF FFFE       BL               DATA_WRITE
  171 000001A2 F04F 0407       MOV              R4, #0x07
  172 000001A6 F7FF FFFE       BL               DATA_WRITE
  173 000001AA         
  174 000001AA         ;  ,{0x7f, 0x49, 0x49, 0x49, 0x41} // 45 E
  175 000001AA F04F 047F       MOV              R4, #0x7F
  176 000001AE F7FF FFFE       BL               DATA_WRITE
  177 000001B2 F04F 0449       MOV              r4,#0x49
  178 000001B6 F7FF FFFE       BL               DATA_WRITE
  179 000001BA F04F 0449       MOV              R4, #0x49
  180 000001BE F7FF FFFE       BL               DATA_WRITE
  181 000001C2 F04F 0449       MOV              R4, #0x49
  182 000001C6 F7FF FFFE       BL               DATA_WRITE
  183 000001CA F04F 0441       MOV              R4, #0x41
  184 000001CE F7FF FFFE       BL               DATA_WRITE
  185 000001D2         ; ,{0x7f, 0x09, 0x19, 0x29, 0x46} // 52 R   
  186 000001D2 F04F 047F       MOV              R4, #0x7F
  187 000001D6 F7FF FFFE       BL               DATA_WRITE
  188 000001DA F04F 0409       MOV              r4,#0x09
  189 000001DE F7FF FFFE       BL               DATA_WRITE
  190 000001E2 F04F 0419       MOV              R4, #0x19
  191 000001E6 F7FF FFFE       BL               DATA_WRITE
  192 000001EA F04F 0429       MOV              R4, #0x29
  193 000001EE F7FF FFFE       BL               DATA_WRITE
  194 000001F2 F04F 0446       MOV              R4, #0x46
  195 000001F6 F7FF FFFE       BL               DATA_WRITE
  196 000001FA         
  197 000001FA         ;   ,{0x42, 0x61, 0x51, 0x49, 0x46} // 32 2
  198 000001FA F04F 0442       MOV              R4, #0x42
  199 000001FE F7FF FFFE       BL               DATA_WRITE
  200 00000202 F04F 0461       MOV              r4,#0x61
  201 00000206 F7FF FFFE       BL               DATA_WRITE
  202 0000020A F04F 0451       MOV              R4, #0x51
  203 0000020E F7FF FFFE       BL               DATA_WRITE
  204 00000212 F04F 0449       MOV              R4, #0x49
  205 00000216 F7FF FFFE       BL               DATA_WRITE
  206 0000021A F04F 0446       MOV              R4, #0x46
  207 0000021E F7FF FFFE       BL               DATA_WRITE
  208 00000222         ;{0x00, 0x05, 0x03, 0x00, 0x00} // 27 '
  209 00000222         
  210 00000222 F04F 0400       MOV              R4, #0x00
  211 00000226 F7FF FFFE       BL               DATA_WRITE
  212 0000022A F04F 0405       MOV              r4,#0x05
  213 0000022E F7FF FFFE       BL               DATA_WRITE
  214 00000232 F04F 0403       MOV              R4, #0x03
  215 00000236 F7FF FFFE       BL               DATA_WRITE
  216 0000023A F04F 0400       MOV              R4, #0x00
  217 0000023E F7FF FFFE       BL               DATA_WRITE
  218 00000242 F04F 0400       MOV              R4, #0x00
  219 00000246 F7FF FFFE       BL               DATA_WRITE
  220 0000024A         ;  ,{0x46, 0x49, 0x49, 0x49, 0x31} // 53 S
  221 0000024A F04F 0446       MOV              R4, #0x46
  222 0000024E F7FF FFFE       BL               DATA_WRITE
  223 00000252 F04F 0449       MOV              r4,#0x49
  224 00000256 F7FF FFFE       BL               DATA_WRITE
  225 0000025A F04F 0449       MOV              R4, #0x49
  226 0000025E F7FF FFFE       BL               DATA_WRITE



ARM Macro Assembler    Page 5 


  227 00000262 F04F 0449       MOV              R4, #0x49
  228 00000266 F7FF FFFE       BL               DATA_WRITE
  229 0000026A F04F 0431       MOV              R4, #0x31
  230 0000026E F7FF FFFE       BL               DATA_WRITE
  231 00000272         ; SPACE
  232 00000272 F04F 0400       MOV              R4, #0x00
  233 00000276 F7FF FFFE       BL               DATA_WRITE
  234 0000027A F04F 0400       MOV              r4,#0x00
  235 0000027E F7FF FFFE       BL               DATA_WRITE
  236 00000282 F04F 0400       MOV              R4, #0x00
  237 00000286 F7FF FFFE       BL               DATA_WRITE
  238 0000028A F04F 0400       MOV              R4, #0x00
  239 0000028E F7FF FFFE       BL               DATA_WRITE
  240 00000292 F04F 0400       MOV              R4, #0x00
  241 00000296 F7FF FFFE       BL               DATA_WRITE
  242 0000029A         
  243 0000029A         ;{0x01, 0x01, 0x7f, 0x01, 0x01} // 54 T
  244 0000029A         
  245 0000029A F04F 0401       MOV              R4, #0x01
  246 0000029E F7FF FFFE       BL               DATA_WRITE
  247 000002A2 F04F 0401       MOV              r4,#0x01
  248 000002A6 F7FF FFFE       BL               DATA_WRITE
  249 000002AA F04F 047F       MOV              R4, #0x7F
  250 000002AE F7FF FFFE       BL               DATA_WRITE
  251 000002B2 F04F 0401       MOV              R4, #0x01
  252 000002B6 F7FF FFFE       BL               DATA_WRITE
  253 000002BA F04F 0401       MOV              R4, #0x01
  254 000002BE F7FF FFFE       BL               DATA_WRITE
  255 000002C2         
  256 000002C2         ;{0x3f, 0x40, 0x40, 0x40, 0x3f} // 55 U
  257 000002C2 F04F 043F       MOV              R4, #0x3F
  258 000002C6 F7FF FFFE       BL               DATA_WRITE
  259 000002CA F04F 0440       MOV              r4,#0x40
  260 000002CE F7FF FFFE       BL               DATA_WRITE
  261 000002D2 F04F 0440       MOV              R4, #0x40
  262 000002D6 F7FF FFFE       BL               DATA_WRITE
  263 000002DA F04F 0440       MOV              R4, #0x40
  264 000002DE F7FF FFFE       BL               DATA_WRITE
  265 000002E2 F04F 043F       MOV              R4, #0x3F
  266 000002E6 F7FF FFFE       BL               DATA_WRITE
  267 000002EA         
  268 000002EA         ; ,{0x7f, 0x09, 0x19, 0x29, 0x46} // 52 R   
  269 000002EA F04F 047F       MOV              R4, #0x7F
  270 000002EE F7FF FFFE       BL               DATA_WRITE
  271 000002F2 F04F 0409       MOV              r4,#0x09
  272 000002F6 F7FF FFFE       BL               DATA_WRITE
  273 000002FA F04F 0419       MOV              R4, #0x19
  274 000002FE F7FF FFFE       BL               DATA_WRITE
  275 00000302 F04F 0429       MOV              R4, #0x29
  276 00000306 F7FF FFFE       BL               DATA_WRITE
  277 0000030A F04F 0446       MOV              R4, #0x46
  278 0000030E F7FF FFFE       BL               DATA_WRITE
  279 00000312         
  280 00000312         ;   ,{0x7f, 0x04, 0x08, 0x10, 0x7f} // 4e N
  281 00000312 F04F 047F       MOV              R4, #0x7F
  282 00000316 F7FF FFFE       BL               DATA_WRITE
  283 0000031A F04F 0404       MOV              r4,#0x04
  284 0000031E F7FF FFFE       BL               DATA_WRITE
  285 00000322 F04F 0408       MOV              R4, #0x08



ARM Macro Assembler    Page 6 


  286 00000326 F7FF FFFE       BL               DATA_WRITE
  287 0000032A F04F 0410       MOV              R4, #0x10
  288 0000032E F7FF FFFE       BL               DATA_WRITE
  289 00000332 F04F 047F       MOV              R4, #0x7F
  290 00000336 F7FF FFFE       BL               DATA_WRITE
  291 0000033A         
  292 0000033A         
  293 0000033A F85D EB04       POP              {LR}
  294 0000033E         
  295 0000033E         
  296 0000033E 4770            BX               LR
  297 00000340         
  298 00000340         
  299 00000340         ; B __main
  300 00000340                 ENDP
  301 00000340                 ALIGN
  302 00000340                 END
Command Line: --debug --xref --diag_suppress=9931 --cpu=Cortex-M4.fp --apcs=int
erwork --depend=.\objects\loser.d -o.\objects\loser.o -I.\RTE\_Target_1 -IC:\Ke
il_v5\ARM\PACK\Keil\TM4C_DFP\1.1.0\Device\Include\TM4C123 -IC:\Keil_v5\ARM\CMSI
S\Include --predefine="__EVAL SETA 1" --predefine="__UVISION_VERSION SETA 526" 
--predefine="TM4C123GH6PM SETA 1" --list=.\listings\loser.lst LOSER.s



ARM Macro Assembler    Page 1 Alphabetic symbol ordering
Relocatable symbols

LOSER 00000000

Symbol: LOSER
   Definitions
      At line 23 in file LOSER.s
   Uses
      At line 14 in file LOSER.s
Comment: LOSER used once
PLAYER2 000000F0

Symbol: PLAYER2
   Definitions
      At line 112 in file LOSER.s
   Uses
      At line 110 in file LOSER.s
Comment: PLAYER2 used once
loop 00000004

Symbol: loop
   Definitions
      At line 27 in file LOSER.s
   Uses
      At line 30 in file LOSER.s
Comment: loop used once
loop1 000000F6

Symbol: loop1
   Definitions
      At line 117 in file LOSER.s
   Uses
      At line 120 in file LOSER.s
Comment: loop1 used once
routines 00000000

Symbol: routines
   Definitions
      At line 5 in file LOSER.s
   Uses
      None
Comment: routines unused
wait 000000E0

Symbol: wait
   Definitions
      At line 96 in file LOSER.s
   Uses
      At line 98 in file LOSER.s
      At line 101 in file LOSER.s

6 symbols



ARM Macro Assembler    Page 1 Alphabetic symbol ordering
Absolute symbols

EMPTY_FIELD 20000400

Symbol: EMPTY_FIELD
   Definitions
      At line 3 in file LOSER.s
   Uses
      None
Comment: EMPTY_FIELD unused
OUT_PORTB_DC 40005008

Symbol: OUT_PORTB_DC
   Definitions
      At line 1 in file LOSER.s
   Uses
      None
Comment: OUT_PORTB_DC unused
2 symbols



ARM Macro Assembler    Page 1 Alphabetic symbol ordering
External symbols

ADDRESS_CHANGE 00000000

Symbol: ADDRESS_CHANGE
   Definitions
      At line 11 in file LOSER.s
   Uses
      At line 34 in file LOSER.s
      At line 123 in file LOSER.s

DATA_WRITE 00000000

Symbol: DATA_WRITE
   Definitions
      At line 10 in file LOSER.s
   Uses
      At line 28 in file LOSER.s
      At line 38 in file LOSER.s
      At line 40 in file LOSER.s
      At line 42 in file LOSER.s
      At line 44 in file LOSER.s
      At line 46 in file LOSER.s
      At line 52 in file LOSER.s
      At line 54 in file LOSER.s
      At line 56 in file LOSER.s
      At line 58 in file LOSER.s
      At line 60 in file LOSER.s
      At line 63 in file LOSER.s
      At line 65 in file LOSER.s
      At line 67 in file LOSER.s
      At line 69 in file LOSER.s
      At line 71 in file LOSER.s
      At line 74 in file LOSER.s
      At line 76 in file LOSER.s
      At line 78 in file LOSER.s
      At line 80 in file LOSER.s
      At line 82 in file LOSER.s
      At line 85 in file LOSER.s
      At line 87 in file LOSER.s
      At line 89 in file LOSER.s
      At line 91 in file LOSER.s
      At line 93 in file LOSER.s
      At line 118 in file LOSER.s
      At line 128 in file LOSER.s
      At line 130 in file LOSER.s
      At line 132 in file LOSER.s
      At line 134 in file LOSER.s
      At line 136 in file LOSER.s
      At line 140 in file LOSER.s
      At line 142 in file LOSER.s
      At line 144 in file LOSER.s
      At line 146 in file LOSER.s
      At line 148 in file LOSER.s
      At line 152 in file LOSER.s
      At line 154 in file LOSER.s
      At line 156 in file LOSER.s
      At line 158 in file LOSER.s
      At line 160 in file LOSER.s
      At line 164 in file LOSER.s
      At line 166 in file LOSER.s



ARM Macro Assembler    Page 2 Alphabetic symbol ordering
External symbols

      At line 168 in file LOSER.s
      At line 170 in file LOSER.s
      At line 172 in file LOSER.s
      At line 176 in file LOSER.s
      At line 178 in file LOSER.s
      At line 180 in file LOSER.s
      At line 182 in file LOSER.s
      At line 184 in file LOSER.s
      At line 187 in file LOSER.s
      At line 189 in file LOSER.s
      At line 191 in file LOSER.s
      At line 193 in file LOSER.s
      At line 195 in file LOSER.s
      At line 199 in file LOSER.s
      At line 201 in file LOSER.s
      At line 203 in file LOSER.s
      At line 205 in file LOSER.s
      At line 207 in file LOSER.s
      At line 211 in file LOSER.s
      At line 213 in file LOSER.s
      At line 215 in file LOSER.s
      At line 217 in file LOSER.s
      At line 219 in file LOSER.s
      At line 222 in file LOSER.s
      At line 224 in file LOSER.s
      At line 226 in file LOSER.s
      At line 228 in file LOSER.s
      At line 230 in file LOSER.s
      At line 233 in file LOSER.s
      At line 235 in file LOSER.s
      At line 237 in file LOSER.s
      At line 239 in file LOSER.s
      At line 241 in file LOSER.s
      At line 246 in file LOSER.s
      At line 248 in file LOSER.s
      At line 250 in file LOSER.s
      At line 252 in file LOSER.s
      At line 254 in file LOSER.s
      At line 258 in file LOSER.s
      At line 260 in file LOSER.s
      At line 262 in file LOSER.s
      At line 264 in file LOSER.s
      At line 266 in file LOSER.s
      At line 270 in file LOSER.s
      At line 272 in file LOSER.s
      At line 274 in file LOSER.s
      At line 276 in file LOSER.s
      At line 278 in file LOSER.s
      At line 282 in file LOSER.s
      At line 284 in file LOSER.s
      At line 286 in file LOSER.s
      At line 288 in file LOSER.s
      At line 290 in file LOSER.s

DELAY_100ms 00000000

Symbol: DELAY_100ms
   Definitions
      At line 9 in file LOSER.s



ARM Macro Assembler    Page 3 Alphabetic symbol ordering
External symbols

   Uses
      None
Comment: DELAY_100ms unused
DELAY_1ms 00000000

Symbol: DELAY_1ms
   Definitions
      At line 8 in file LOSER.s
   Uses
      None
Comment: DELAY_1ms unused
PortF_Input 00000000

Symbol: PortF_Input
   Definitions
      At line 13 in file LOSER.s
   Uses
      At line 96 in file LOSER.s
Comment: PortF_Input used once
__main 00000000

Symbol: __main
   Definitions
      At line 12 in file LOSER.s
   Uses
      At line 103 in file LOSER.s
Comment: __main used once
6 symbols
348 symbols in table
