


ARM Macro Assembler    Page 1 


    1 00000000         ;*******************************************************
                       ******** 
    2 00000000         ; EQU Directives
    3 00000000         ; These directives do not allocate memory
    4 00000000         ;*******************************************************
                       ********
    5 00000000         ;SYMBOL    DIRECTIVE VALUE   COMMENT
    6 00000000 E000E010 
                       NVIC_ST_CTRL
                               EQU              0xE000E010
    7 00000000 E000E014 
                       NVIC_ST_RELOAD
                               EQU              0xE000E014
    8 00000000 E000E018 
                       NVIC_ST_CURRENT
                               EQU              0xE000E018
    9 00000000         ;SHP_SYSPRI3   EQU   0xE000ED20
   10 00000000 01499999 
                       RELOAD_VALUE
                               EQU              0x1499999   ;;; 1 saniye için d
                                                            egistir sonra
   11 00000000         
   12 00000000 400053C0 
                       GPIO_PORTB_IN
                               EQU              0x400053C0  ; B3 to B0
   13 00000000 4000503C 
                       GPIO_PORTB_OUT
                               EQU              0x4000503C  ; B7 to B4
   14 00000000 20000400 
                       Field_Address
                               EQU              0x20000400
   15 00000000         
   16 00000000 40005008 
                       OUT_PORTB_DC
                               EQU              0x40005008  ;00000010
   17 00000000 40005004 
                       OUT_PORTB_RESET
                               EQU              0x40005004  ;00000001
   18 00000000 40008008 
                       SSI0_DR EQU              0x40008008
   19 00000000 4000800C 
                       SSI0_SR EQU              0x4000800C
   20 00000000         
   21 00000000         ;*******************************************************
                       ********
   22 00000000         ; Program section           
   23 00000000         ;*******************************************************
                       ********
   24 00000000         ;LABEL  DIRECTIVE VALUE     COMMENT
   25 00000000                 AREA             routines, CODE, READONLY, ALIGN
=2
   26 00000000                 THUMB
   27 00000000                 EXPORT           INIT_SYSTICK
   28 00000000                 EXTERN           DATA_WRITE
   29 00000000                 EXTERN           ADDRESS_CHANGE
   30 00000000                 EXTERN           DELAY_1ms
   31 00000000         ;*******************************************************
                       ********
   32 00000000         ;  INITIALIZE SYSTICK 



ARM Macro Assembler    Page 2 


   33 00000000         ;  THIS CODE SECTION INITIALIZE SYSTICK OPERATION FOR TI
                       MER FROM 20-0
   34 00000000         
   35 00000000         ;*******************************************************
                       ******** 
   36 00000000         ;LABEL  DIRECTIVE VALUE     COMMENT
   37 00000000         INIT_SYSTICK
                               PROC
   38 00000000         
   39 00000000 B500            PUSH             {LR}
   40 00000002         
   41 00000002 4999            LDR              R1,=NVIC_ST_CTRL
   42 00000004 F04F 0000       MOV              R0,#0
   43 00000008 6008            STR              R0,[R1]
   44 0000000A 4998            LDR              R1,=NVIC_ST_RELOAD
   45 0000000C 4898            LDR              R0,=RELOAD_VALUE
   46 0000000E 6008            STR              R0,[R1]
   47 00000010 4998            LDR              R1,=NVIC_ST_CURRENT
   48 00000012 6008            STR              R0,[R1]
   49 00000014 4994            LDR              R1,=NVIC_ST_CTRL
   50 00000016 F04F 0003       MOV              R0,#0x03
   51 0000001A 6008            STR              R0,[R1]
   52 0000001C F04F 0915       MOV              R9,#21      ;
   53 00000020         
   54 00000020         
   55 00000020         
   56 00000020 F85D EB04       POP              {LR}
   57 00000024 4770            BX               LR
   58 00000026                 ENDP
   59 00000026         
   60 00000026         
   61 00000026         ;*******************************************************
                       ********
   62 00000026         ;  My_SYSTICK CODE WORKS FOR COUNTING DOWNWARD AND SHOW 
                       IT ON THE SCREEEN ACCORDINGLY 
   63 00000026         ;  To retain the past location of the cursor address we 
                       use R6
   64 00000026         ;*******************************************************
                       ******** 
   65 00000026         ;LABEL  DIRECTIVE VALUE     COMMENT
   66 00000026         
   67 00000026                 EXTERN           WINNER      ; EXTERN THE SUBSYT
                                                            EMS USED UN THIS MO
                                                            DULE
   68 00000026                 EXTERN           LOSER
   69 00000026                 EXTERN           WINORLOSE
   70 00000026                 EXPORT           My_SYSTICK
   71 00000026         
   72 00000026         ;*******************************************************
                       ******** 
   73 00000026         ;LABEL  DIRECTIVE VALUE     COMMENT 
   74 00000026         My_SYSTICK
                               PROC
   75 00000026         
   76 00000026 B500            PUSH             {LR}
   77 00000028 B47F            PUSH             {R0- R6}    ; PUSHES IMPORTANT 
                                                            VALUES
   78 0000002A         
   79 0000002A F04F 0B01       MOV              R11, #1     ; FLAG FOR SECOND D



ARM Macro Assembler    Page 3 


                                                            IGIT  
   80 0000002E         ; INITIALIZE THE FLAG TO 1 IN ORDER TO WRITE 2 DIGITS EV
                       ERY OPERATION
   81 0000002E F1B9 0F00       CMP              R9, #0      ; R9 keeps the valu
                                                            e from 20 to 0
   82 00000032 D108            BNE              cont        ; if R9 is 0 clear 
                                                            the screen 
   83 00000034 498C            LDR              R1 , =NVIC_ST_CTRL ; AFTER 20 S
                                                            ECONDS DISABLE THE 
                                                            SYSTICK TIMER
   84 00000036 F04F 0000       MOV              R0 , #0
   85 0000003A 6008            STR              R0 , [ R1 ]
   86 0000003C F04F 0915       MOV              R9, #21     ; If R9 is 0 mov R9
                                                             =20 again and end 
                                                            the operation
   87 00000040         
   88 00000040 F7FF FFFE       BL               WINORLOSE   ; BRANCH TO THE DEC
                                                            ISON SUBMODULE FOR 
                                                            WINLOSE CONDUTION 
   89 00000044         
   90 00000044 E10B            B                FINISH      ; TO END THIS SUBMO
                                                            DULE AFTER THE END 
                                                            OF THE OPERATION
   91 00000046         
   92 00000046         
   93 00000046 F1A9 0901 
                       cont    SUB              R9,#1       ; substract R9 
   94 0000004A F04F 0A0A       MOV              R10,#10
   95 0000004E FBB9 F8FA       UDIV             R8,R9,R10   ; R8 keeps the firs
                                                            t data which is eit
                                                            her 0 1 2
   96 00000052 FB08 F00A       MUL              R0,R8,R10
   97 00000056 EBA9 0000       SUB              R0,R9,R0    ; R0 keeps the seco
                                                            nd value
   98 0000005A         
   99 0000005A F04F 0447       LDR              R4,=0x0047
  100 0000005E F7FF FFFE       BL               ADDRESS_CHANGE ; GO TO TOP RIGH
                                                            T CORNER
  101 00000062         
  102 00000062 F1B8 0F02       CMP              R8, #2      ; FIND THE FIRST AN
                                                            D SECOND DIGIT BY C
                                                            OMPARING
  103 00000066 D02F            BEQ              write2
  104 00000068 F1B8 0F01       CMP              R8,#1
  105 0000006C D017            BEQ              write1
  106 0000006E F1B8 0F00       CMP              R8, #0
  107 00000072 D0FF            BEQ              write0
  108 00000074         
  109 00000074 F04F 043E 
                       write0  MOV              R4, #0x3e
  110 00000078 F7FF FFFE       BL               DATA_WRITE
  111 0000007C F04F 0451       MOV              R4,#0x51
  112 00000080 F7FF FFFE       BL               DATA_WRITE
  113 00000084 F04F 0449       MOV              R4, #0x49
  114 00000088 F7FF FFFE       BL               DATA_WRITE
  115 0000008C F04F 0445       MOV              R4, #0x45
  116 00000090 F7FF FFFE       BL               DATA_WRITE
  117 00000094 F04F 043E       MOV              R4, #0x3e
  118 00000098 F7FF FFFE       BL               DATA_WRITE



ARM Macro Assembler    Page 4 


  119 0000009C E0BC            B                writebosluk
  120 0000009E         
  121 0000009E F04F 0400 
                       write1  MOV              R4, #0x00
  122 000000A2 F7FF FFFE       BL               DATA_WRITE
  123 000000A6 F04F 0442       MOV              R4,#0x42
  124 000000AA F7FF FFFE       BL               DATA_WRITE
  125 000000AE F04F 047F       MOV              R4, #0x7F
  126 000000B2 F7FF FFFE       BL               DATA_WRITE
  127 000000B6 F04F 0440       MOV              R4, #0x40
  128 000000BA F7FF FFFE       BL               DATA_WRITE
  129 000000BE F04F 0400       MOV              R4, #0x00
  130 000000C2 F7FF FFFE       BL               DATA_WRITE
  131 000000C6 E0A7            B                writebosluk
  132 000000C8         
  133 000000C8 F04F 0442 
                       write2  MOV              R4, #0x42
  134 000000CC F7FF FFFE       BL               DATA_WRITE
  135 000000D0 F04F 0461       MOV              R4,#0x61
  136 000000D4 F7FF FFFE       BL               DATA_WRITE
  137 000000D8 F04F 0451       MOV              R4, #0x51
  138 000000DC F7FF FFFE       BL               DATA_WRITE
  139 000000E0 F04F 0449       MOV              R4, #0x49
  140 000000E4 F7FF FFFE       BL               DATA_WRITE
  141 000000E8 F04F 0446       MOV              R4, #0x46
  142 000000EC F7FF FFFE       BL               DATA_WRITE
  143 000000F0 E092            B                writebosluk
  144 000000F2         
  145 000000F2         
  146 000000F2 F04F 0421 
                       write3  MOV              R4, #0x21
  147 000000F6 F7FF FFFE       BL               DATA_WRITE
  148 000000FA F04F 0441       MOV              R4,#0x41
  149 000000FE F7FF FFFE       BL               DATA_WRITE
  150 00000102 F04F 0445       MOV              R4, #0x45
  151 00000106 F7FF FFFE       BL               DATA_WRITE
  152 0000010A F04F 044B       MOV              R4, #0x4b
  153 0000010E F7FF FFFE       BL               DATA_WRITE
  154 00000112 F04F 0431       MOV              R4, #0x31
  155 00000116 F7FF FFFE       BL               DATA_WRITE
  156 0000011A E07D            B                writebosluk
  157 0000011C         
  158 0000011C F04F 0418 
                       write4  MOV              R4, #0x18
  159 00000120 F7FF FFFE       BL               DATA_WRITE
  160 00000124 F04F 0414       MOV              R4,#0x14
  161 00000128 F7FF FFFE       BL               DATA_WRITE
  162 0000012C F04F 0412       MOV              R4, #0x12
  163 00000130 F7FF FFFE       BL               DATA_WRITE
  164 00000134 F04F 047F       MOV              R4, #0x7f
  165 00000138 F7FF FFFE       BL               DATA_WRITE
  166 0000013C F04F 0410       MOV              R4, #0x10
  167 00000140 F7FF FFFE       BL               DATA_WRITE
  168 00000144 E068            B                writebosluk
  169 00000146         
  170 00000146 F04F 0427 
                       write5  MOV              R4, #0x27
  171 0000014A F7FF FFFE       BL               DATA_WRITE
  172 0000014E F04F 0445       MOV              R4,#0x45



ARM Macro Assembler    Page 5 


  173 00000152 F7FF FFFE       BL               DATA_WRITE
  174 00000156 F04F 0445       MOV              R4, #0x45
  175 0000015A F7FF FFFE       BL               DATA_WRITE
  176 0000015E F04F 0445       MOV              R4, #0x45
  177 00000162 F7FF FFFE       BL               DATA_WRITE
  178 00000166 F04F 0439       MOV              R4, #0x39
  179 0000016A F7FF FFFE       BL               DATA_WRITE
  180 0000016E E053            B                writebosluk
  181 00000170         
  182 00000170         
  183 00000170 F04F 043C 
                       write6  MOV              R4, #0x3c
  184 00000174 F7FF FFFE       BL               DATA_WRITE
  185 00000178 F04F 044A       MOV              R4,#0x4a
  186 0000017C F7FF FFFE       BL               DATA_WRITE
  187 00000180 F04F 0449       MOV              R4, #0x49
  188 00000184 F7FF FFFE       BL               DATA_WRITE
  189 00000188 F04F 0449       MOV              R4, #0x49
  190 0000018C F7FF FFFE       BL               DATA_WRITE
  191 00000190 F04F 0430       MOV              R4, #0x30
  192 00000194 F7FF FFFE       BL               DATA_WRITE
  193 00000198 E03E            B                writebosluk
  194 0000019A         
  195 0000019A         
  196 0000019A F04F 0401 
                       write7  MOV              R4, #0x01
  197 0000019E F7FF FFFE       BL               DATA_WRITE
  198 000001A2 F04F 0471       MOV              R4,#0x71
  199 000001A6 F7FF FFFE       BL               DATA_WRITE
  200 000001AA F04F 0409       MOV              R4, #0x09
  201 000001AE F7FF FFFE       BL               DATA_WRITE
  202 000001B2 F04F 0405       MOV              R4, #0x05
  203 000001B6 F7FF FFFE       BL               DATA_WRITE
  204 000001BA F04F 0403       MOV              R4, #0x03
  205 000001BE F7FF FFFE       BL               DATA_WRITE
  206 000001C2 E029            B                writebosluk
  207 000001C4         
  208 000001C4         
  209 000001C4 F04F 0436 
                       write8  MOV              R4, #0x36
  210 000001C8 F7FF FFFE       BL               DATA_WRITE
  211 000001CC F04F 0449       MOV              R4,#0x49
  212 000001D0 F7FF FFFE       BL               DATA_WRITE
  213 000001D4 F04F 0449       MOV              R4, #0x49
  214 000001D8 F7FF FFFE       BL               DATA_WRITE
  215 000001DC F04F 0449       MOV              R4, #0x49
  216 000001E0 F7FF FFFE       BL               DATA_WRITE
  217 000001E4 F04F 0436       MOV              R4, #0x36
  218 000001E8 F7FF FFFE       BL               DATA_WRITE
  219 000001EC E014            B                writebosluk
  220 000001EE         
  221 000001EE         
  222 000001EE F04F 0406 
                       write9  MOV              R4, #0x06
  223 000001F2 F7FF FFFE       BL               DATA_WRITE
  224 000001F6 F04F 0449       MOV              R4,#0x49
  225 000001FA F7FF FFFE       BL               DATA_WRITE
  226 000001FE F04F 0449       MOV              R4, #0x49
  227 00000202 F7FF FFFE       BL               DATA_WRITE



ARM Macro Assembler    Page 6 


  228 00000206 F04F 0429       MOV              R4, #0x29
  229 0000020A F7FF FFFE       BL               DATA_WRITE
  230 0000020E F04F 041E       MOV              R4, #0x1e
  231 00000212 F7FF FFFE       BL               DATA_WRITE
  232 00000216 E7FF            B                writebosluk
  233 00000218         
  234 00000218         writebosluk
  235 00000218 F1BB 0F00       CMP              R11, #0     ; CHECK THE FLAG TO
                                                             KNOW IF THE SECOND
                                                             DIGIT PRINTED
  236 0000021C D01F            BEQ              FINISH      ; IF 2 DIGITS PRINT
                                                            ED END THE OPERATIO
                                                            N 
  237 0000021E         
  238 0000021E F04F 0400       MOV              R4, #0x00
  239 00000222 F7FF FFFE       BL               DATA_WRITE
  240 00000226 F1AB 0B01       SUB              R11, #1     ; ELSE PRINT THE SE
                                                            COND DIGIT AND DECR
                                                            EASE THE FLAG
  241 0000022A         
  242 0000022A 2800            CMP              R0, #0      ;
  243 0000022C F43F AF22       BEQ              write0
  244 00000230 2801            CMP              R0, #1      ;
  245 00000232 F43F AF34       BEQ              write1
  246 00000236 2802            CMP              R0, #2      ;
  247 00000238 F43F AF46       BEQ              write2
  248 0000023C 2803            CMP              R0, #3      ;
  249 0000023E F43F AF58       BEQ              write3
  250 00000242 2804            CMP              R0, #4      ;
  251 00000244 F43F AF6A       BEQ              write4
  252 00000248 2805            CMP              R0, #5      ;
  253 0000024A F43F AF7C       BEQ              write5
  254 0000024E 2806            CMP              R0, #6      ;
  255 00000250 D08E            BEQ              write6
  256 00000252 2807            CMP              R0, #7      ;
  257 00000254 D0A1            BEQ              write7
  258 00000256 2808            CMP              R0, #8      ;
  259 00000258 D0B4            BEQ              write8
  260 0000025A 2809            CMP              R0, #9      ;
  261 0000025C D0C7            BEQ              write9
  262 0000025E         
  263 0000025E         FINISH                               ;MOV   R4,R7
  264 0000025E         ;BL   ADDRESS_CHANGE
  265 0000025E         
  266 0000025E         
  267 0000025E BC7F            POP              {R0-R6}
  268 00000260 F85D EB04       POP              {LR}
  269 00000264 4770            BX               LR
  270 00000266         
  271 00000266                 ENDP
  272 00000266 00 00           ALIGN
  273 00000268                 END
              E000E010 
              E000E014 
              01499999 
              E000E018 
Command Line: --debug --xref --diag_suppress=9931 --cpu=Cortex-M4.fp --apcs=int
erwork --depend=.\objects\systick_timer.d -o.\objects\systick_timer.o -I.\RTE\_
Target_1 -ID:\Work\ARM\PACK\Keil\TM4C_DFP\1.1.0\Device\Include\TM4C123 -ID:\Wor



ARM Macro Assembler    Page 7 


k\ARM\CMSIS\Include --predefine="__EVAL SETA 1" --predefine="__UVISION_VERSION 
SETA 526" --predefine="TM4C123GH6PM SETA 1" --list=.\listings\systick_timer.lst
 SysTick_Timer.s



ARM Macro Assembler    Page 1 Alphabetic symbol ordering
Relocatable symbols

FINISH 0000025E

Symbol: FINISH
   Definitions
      At line 263 in file SysTick_Timer.s
   Uses
      At line 90 in file SysTick_Timer.s
      At line 236 in file SysTick_Timer.s

INIT_SYSTICK 00000000

Symbol: INIT_SYSTICK
   Definitions
      At line 37 in file SysTick_Timer.s
   Uses
      At line 27 in file SysTick_Timer.s
Comment: INIT_SYSTICK used once
My_SYSTICK 00000026

Symbol: My_SYSTICK
   Definitions
      At line 74 in file SysTick_Timer.s
   Uses
      At line 70 in file SysTick_Timer.s
Comment: My_SYSTICK used once
cont 00000046

Symbol: cont
   Definitions
      At line 93 in file SysTick_Timer.s
   Uses
      At line 82 in file SysTick_Timer.s
Comment: cont used once
routines 00000000

Symbol: routines
   Definitions
      At line 25 in file SysTick_Timer.s
   Uses
      None
Comment: routines unused
write0 00000074

Symbol: write0
   Definitions
      At line 109 in file SysTick_Timer.s
   Uses
      At line 107 in file SysTick_Timer.s
      At line 243 in file SysTick_Timer.s

write1 0000009E

Symbol: write1
   Definitions
      At line 121 in file SysTick_Timer.s
   Uses
      At line 105 in file SysTick_Timer.s
      At line 245 in file SysTick_Timer.s




ARM Macro Assembler    Page 2 Alphabetic symbol ordering
Relocatable symbols

write2 000000C8

Symbol: write2
   Definitions
      At line 133 in file SysTick_Timer.s
   Uses
      At line 103 in file SysTick_Timer.s
      At line 247 in file SysTick_Timer.s

write3 000000F2

Symbol: write3
   Definitions
      At line 146 in file SysTick_Timer.s
   Uses
      At line 249 in file SysTick_Timer.s
Comment: write3 used once
write4 0000011C

Symbol: write4
   Definitions
      At line 158 in file SysTick_Timer.s
   Uses
      At line 251 in file SysTick_Timer.s
Comment: write4 used once
write5 00000146

Symbol: write5
   Definitions
      At line 170 in file SysTick_Timer.s
   Uses
      At line 253 in file SysTick_Timer.s
Comment: write5 used once
write6 00000170

Symbol: write6
   Definitions
      At line 183 in file SysTick_Timer.s
   Uses
      At line 255 in file SysTick_Timer.s
Comment: write6 used once
write7 0000019A

Symbol: write7
   Definitions
      At line 196 in file SysTick_Timer.s
   Uses
      At line 257 in file SysTick_Timer.s
Comment: write7 used once
write8 000001C4

Symbol: write8
   Definitions
      At line 209 in file SysTick_Timer.s
   Uses
      At line 259 in file SysTick_Timer.s
Comment: write8 used once
write9 000001EE




ARM Macro Assembler    Page 3 Alphabetic symbol ordering
Relocatable symbols

Symbol: write9
   Definitions
      At line 222 in file SysTick_Timer.s
   Uses
      At line 261 in file SysTick_Timer.s
Comment: write9 used once
writebosluk 00000218

Symbol: writebosluk
   Definitions
      At line 234 in file SysTick_Timer.s
   Uses
      At line 119 in file SysTick_Timer.s
      At line 131 in file SysTick_Timer.s
      At line 143 in file SysTick_Timer.s
      At line 156 in file SysTick_Timer.s
      At line 168 in file SysTick_Timer.s
      At line 180 in file SysTick_Timer.s
      At line 193 in file SysTick_Timer.s
      At line 206 in file SysTick_Timer.s
      At line 219 in file SysTick_Timer.s
      At line 232 in file SysTick_Timer.s

16 symbols



ARM Macro Assembler    Page 1 Alphabetic symbol ordering
Absolute symbols

Field_Address 20000400

Symbol: Field_Address
   Definitions
      At line 14 in file SysTick_Timer.s
   Uses
      None
Comment: Field_Address unused
GPIO_PORTB_IN 400053C0

Symbol: GPIO_PORTB_IN
   Definitions
      At line 12 in file SysTick_Timer.s
   Uses
      None
Comment: GPIO_PORTB_IN unused
GPIO_PORTB_OUT 4000503C

Symbol: GPIO_PORTB_OUT
   Definitions
      At line 13 in file SysTick_Timer.s
   Uses
      None
Comment: GPIO_PORTB_OUT unused
NVIC_ST_CTRL E000E010

Symbol: NVIC_ST_CTRL
   Definitions
      At line 6 in file SysTick_Timer.s
   Uses
      At line 41 in file SysTick_Timer.s
      At line 49 in file SysTick_Timer.s
      At line 83 in file SysTick_Timer.s

NVIC_ST_CURRENT E000E018

Symbol: NVIC_ST_CURRENT
   Definitions
      At line 8 in file SysTick_Timer.s
   Uses
      At line 47 in file SysTick_Timer.s
Comment: NVIC_ST_CURRENT used once
NVIC_ST_RELOAD E000E014

Symbol: NVIC_ST_RELOAD
   Definitions
      At line 7 in file SysTick_Timer.s
   Uses
      At line 44 in file SysTick_Timer.s
Comment: NVIC_ST_RELOAD used once
OUT_PORTB_DC 40005008

Symbol: OUT_PORTB_DC
   Definitions
      At line 16 in file SysTick_Timer.s
   Uses
      None
Comment: OUT_PORTB_DC unused
OUT_PORTB_RESET 40005004



ARM Macro Assembler    Page 2 Alphabetic symbol ordering
Absolute symbols


Symbol: OUT_PORTB_RESET
   Definitions
      At line 17 in file SysTick_Timer.s
   Uses
      None
Comment: OUT_PORTB_RESET unused
RELOAD_VALUE 01499999

Symbol: RELOAD_VALUE
   Definitions
      At line 10 in file SysTick_Timer.s
   Uses
      At line 45 in file SysTick_Timer.s
Comment: RELOAD_VALUE used once
SSI0_DR 40008008

Symbol: SSI0_DR
   Definitions
      At line 18 in file SysTick_Timer.s
   Uses
      None
Comment: SSI0_DR unused
SSI0_SR 4000800C

Symbol: SSI0_SR
   Definitions
      At line 19 in file SysTick_Timer.s
   Uses
      None
Comment: SSI0_SR unused
11 symbols



ARM Macro Assembler    Page 1 Alphabetic symbol ordering
External symbols

ADDRESS_CHANGE 00000000

Symbol: ADDRESS_CHANGE
   Definitions
      At line 29 in file SysTick_Timer.s
   Uses
      At line 100 in file SysTick_Timer.s
Comment: ADDRESS_CHANGE used once
DATA_WRITE 00000000

Symbol: DATA_WRITE
   Definitions
      At line 28 in file SysTick_Timer.s
   Uses
      At line 110 in file SysTick_Timer.s
      At line 112 in file SysTick_Timer.s
      At line 114 in file SysTick_Timer.s
      At line 116 in file SysTick_Timer.s
      At line 118 in file SysTick_Timer.s
      At line 122 in file SysTick_Timer.s
      At line 124 in file SysTick_Timer.s
      At line 126 in file SysTick_Timer.s
      At line 128 in file SysTick_Timer.s
      At line 130 in file SysTick_Timer.s
      At line 134 in file SysTick_Timer.s
      At line 136 in file SysTick_Timer.s
      At line 138 in file SysTick_Timer.s
      At line 140 in file SysTick_Timer.s
      At line 142 in file SysTick_Timer.s
      At line 147 in file SysTick_Timer.s
      At line 149 in file SysTick_Timer.s
      At line 151 in file SysTick_Timer.s
      At line 153 in file SysTick_Timer.s
      At line 155 in file SysTick_Timer.s
      At line 159 in file SysTick_Timer.s
      At line 161 in file SysTick_Timer.s
      At line 163 in file SysTick_Timer.s
      At line 165 in file SysTick_Timer.s
      At line 167 in file SysTick_Timer.s
      At line 171 in file SysTick_Timer.s
      At line 173 in file SysTick_Timer.s
      At line 175 in file SysTick_Timer.s
      At line 177 in file SysTick_Timer.s
      At line 179 in file SysTick_Timer.s
      At line 184 in file SysTick_Timer.s
      At line 186 in file SysTick_Timer.s
      At line 188 in file SysTick_Timer.s
      At line 190 in file SysTick_Timer.s
      At line 192 in file SysTick_Timer.s
      At line 197 in file SysTick_Timer.s
      At line 199 in file SysTick_Timer.s
      At line 201 in file SysTick_Timer.s
      At line 203 in file SysTick_Timer.s
      At line 205 in file SysTick_Timer.s
      At line 210 in file SysTick_Timer.s
      At line 212 in file SysTick_Timer.s
      At line 214 in file SysTick_Timer.s
      At line 216 in file SysTick_Timer.s
      At line 218 in file SysTick_Timer.s



ARM Macro Assembler    Page 2 Alphabetic symbol ordering
External symbols

      At line 223 in file SysTick_Timer.s
      At line 225 in file SysTick_Timer.s
      At line 227 in file SysTick_Timer.s
      At line 229 in file SysTick_Timer.s
      At line 231 in file SysTick_Timer.s
      At line 239 in file SysTick_Timer.s

DELAY_1ms 00000000

Symbol: DELAY_1ms
   Definitions
      At line 30 in file SysTick_Timer.s
   Uses
      None
Comment: DELAY_1ms unused
LOSER 00000000

Symbol: LOSER
   Definitions
      At line 68 in file SysTick_Timer.s
   Uses
      None
Comment: LOSER unused
WINNER 00000000

Symbol: WINNER
   Definitions
      At line 67 in file SysTick_Timer.s
   Uses
      None
Comment: WINNER unused
WINORLOSE 00000000

Symbol: WINORLOSE
   Definitions
      At line 69 in file SysTick_Timer.s
   Uses
      At line 88 in file SysTick_Timer.s
Comment: WINORLOSE used once
6 symbols
369 symbols in table
