


ARM Macro Assembler    Page 1 


    1 00000000         ;*******************************************************
                       ******** 
    2 00000000         ; EQU Directives
    3 00000000         ; These directives do not allocate memory
    4 00000000         ;*******************************************************
                       ********
    5 00000000         ;SYMBOL    DIRECTIVE VALUE   COMMENT
    6 00000000         
    7 00000000 400FE608 
                       SYSCTL_RCGCGPIO
                               EQU              0x400FE608  ;Enable GPIO
    8 00000000 40005400 
                       GPIO_PORTB_DIR
                               EQU              0x40005400  ;Direction reg
    9 00000000 40005420 
                       GPIO_PORTB_AFSEL
                               EQU              0x40005420  ;Alternate function
                                                            
   10 00000000 4000551C 
                       GPIO_PORTB_DEN
                               EQU              0x4000551C  ;Digital enable
   11 00000000 40005004 
                       OUT_PORTB_RESET
                               EQU              0x40005004  ;00000001
   12 00000000 40005008 
                       OUT_PORTB_DC
                               EQU              0x40005008  ;00000010
   13 00000000         
   14 00000000 40008008 
                       SSI0_DR EQU              0x40008008
   15 00000000 4000800C 
                       SSI0_SR EQU              0x4000800C
   16 00000000         ;*******************************************************
                       ********
   17 00000000         ; Directives - This Data Section is part of the code
   18 00000000         ; It is in the read only section  so values cannot be ch
                       anged.
   19 00000000         ;*******************************************************
                       ******** 
   20 00000000         ;LABEL  DIRECTIVE VALUE     COMMENT
   21 00000000                 AREA             sdata, DATA, READONLY
   22 00000000                 THUMB
   23 00000000         
   24 00000000         ;*******************************************************
                       ********
   25 00000000         ; Program section           
   26 00000000         ;*******************************************************
                       ********
   27 00000000         ;LABEL  DIRECTIVE VALUE     COMMENT
   28 00000000                 AREA             routines,READONLY,CODE
   29 00000000                 THUMB
   30 00000000                 ALIGN
   31 00000000                 EXTERN           DELAY_100ms
   32 00000000                 EXPORT           SCREEN_INIT
   33 00000000         
   34 00000000         ;*******************************************************
                       ********
   35 00000000         ; Main Function
   36 00000000         ; PB0 is RESET



ARM Macro Assembler    Page 2 


   37 00000000         ; PB1 is D/C
   38 00000000         ;*******************************************************
                       ******** 
   39 00000000         ;LABEL  DIRECTIVE VALUE     COMMENT
   40 00000000         SCREEN_INIT
                               PROC
   41 00000000         
   42 00000000 B500            PUSH             {LR}
   43 00000002         
   44 00000002 4925    GPIO_INIT
                               LDR              R1,=SYSCTL_RCGCGPIO 
                                                            ; Initalize Clock
   45 00000004 6808            LDR              R0,[R1]
   46 00000006 F040 0002       ORR              R0,R0,#0x02
   47 0000000A 6008            STR              R0,[R1]
   48 0000000C BF00            NOP
   49 0000000E BF00            NOP
   50 00000010 BF00            NOP
   51 00000012 BF00            NOP                          ;let GPIO clock sta
                                                            bilize  
   52 00000014         
   53 00000014 4921            LDR              R1,=GPIO_PORTB_DIR ;Set Directi
                                                            on of Pins
   54 00000016 6808            LDR              R0,[R1]
   55 00000018 F040 0003       ORR              R0,R0,#0x03 ;PB0,PB1 are output
                                                            
   56 0000001C 6008            STR              R0,[R1]
   57 0000001E         
   58 0000001E 4920            LDR              R1,=GPIO_PORTB_DEN ;Digitally e
                                                            nable ports
   59 00000020 6808            LDR              R0,[R1]
   60 00000022 F040 0003       ORR              R0,R0,#0x03
   61 00000026 6008            STR              R0,[R1]
   62 00000028         
   63 00000028 491E            LDR              R1,=GPIO_PORTB_AFSEL ;Disable A
                                                            lternate Functions
   64 0000002A 6808            LDR              R0,[R1]
   65 0000002C F020 0003       BIC              R0,R0,#0x03
   66 00000030 6008            STR              R0,[R1]
   67 00000032         
   68 00000032         
   69 00000032 491D    SCREEN  LDR              R1,= OUT_PORTB_RESET
   70 00000034 F04F 00FF       MOV              R0,#0xFF
   71 00000038 6008            STR              R0,[R1]
   72 0000003A F7FF FFFE       BL               DELAY_100ms
   73 0000003E F04F 0000       MOV              R0,#0x00
   74 00000042 6008            STR              R0,[R1]
   75 00000044 F7FF FFFE       BL               DELAY_100ms
   76 00000048 F04F 00FF       MOV              R0,#0xFF
   77 0000004C 6008            STR              R0,[R1]
   78 0000004E         
   79 0000004E         
   80 0000004E 4D17            LDR              R5,=OUT_PORTB_DC
   81 00000050 F04F 0100       MOV              R1,#0x00
   82 00000054 6029            STR              R1,[R5]
   83 00000056 BF00            NOP
   84 00000058 BF00            NOP
   85 0000005A BF00            NOP
   86 0000005C         



ARM Macro Assembler    Page 3 


   87 0000005C 4D14            LDR              R5,=SSI0_DR
   88 0000005E F04F 0121       MOV              R1,#0x21
   89 00000062 6029            STR              R1,[R5]
   90 00000064         
   91 00000064 4D12            LDR              R5,=SSI0_DR
   92 00000066 F04F 01BF       MOV              R1,#0xBF
   93 0000006A 6029            STR              R1,[R5]
   94 0000006C         
   95 0000006C 4D10            LDR              R5,=SSI0_DR
   96 0000006E F04F 0116       MOV              R1,#0x16
   97 00000072 6029            STR              R1,[R5]
   98 00000074         
   99 00000074 4D0E            LDR              R5,=SSI0_DR
  100 00000076 F04F 0113       MOV              R1,#0x13
  101 0000007A 6029            STR              R1,[R5]
  102 0000007C         
  103 0000007C 4D0C            LDR              R5,=SSI0_DR
  104 0000007E F04F 0120       MOV              R1,#0x20
  105 00000082 6029            STR              R1,[R5]
  106 00000084         
  107 00000084 4D0A            LDR              R5,=SSI0_DR
  108 00000086 F04F 010C       MOV              R1,#0x0C
  109 0000008A 6029            STR              R1,[R5]
  110 0000008C         
  111 0000008C F7FF FFFE       BL               DELAY_100ms
  112 00000090         
  113 00000090 F85D EB04       POP              {LR}
  114 00000094 4770            BX               LR
  115 00000096         ;*******************************************************
                       ********
  116 00000096         ; End of the program  section
  117 00000096         ;*******************************************************
                       ********
  118 00000096         ;LABEL      DIRECTIVE       VALUE                       
                           COMMENT
  119 00000096                 ENDP
  120 00000096 00 00           ALIGN
  121 00000098                 END
              400FE608 
              40005400 
              4000551C 
              40005420 
              40005004 
              40005008 
              40008008 
Command Line: --debug --xref --diag_suppress=9931 --cpu=Cortex-M4.fp --apcs=int
erwork --depend=.\objects\screen_init.d -o.\objects\screen_init.o -I.\RTE\_Targ
et_1 -ID:\Work\ARM\PACK\Keil\TM4C_DFP\1.1.0\Device\Include\TM4C123 -ID:\Work\AR
M\CMSIS\Include --predefine="__EVAL SETA 1" --predefine="__UVISION_VERSION SETA
 526" --predefine="TM4C123GH6PM SETA 1" --list=.\listings\screen_init.lst SCREE
N_INIT.s



ARM Macro Assembler    Page 1 Alphabetic symbol ordering
Relocatable symbols

sdata 00000000

Symbol: sdata
   Definitions
      At line 21 in file SCREEN_INIT.s
   Uses
      None
Comment: sdata unused
1 symbol



ARM Macro Assembler    Page 1 Alphabetic symbol ordering
Relocatable symbols

GPIO_INIT 00000002

Symbol: GPIO_INIT
   Definitions
      At line 44 in file SCREEN_INIT.s
   Uses
      None
Comment: GPIO_INIT unused
SCREEN 00000032

Symbol: SCREEN
   Definitions
      At line 69 in file SCREEN_INIT.s
   Uses
      None
Comment: SCREEN unused
SCREEN_INIT 00000000

Symbol: SCREEN_INIT
   Definitions
      At line 40 in file SCREEN_INIT.s
   Uses
      At line 32 in file SCREEN_INIT.s
Comment: SCREEN_INIT used once
routines 00000000

Symbol: routines
   Definitions
      At line 28 in file SCREEN_INIT.s
   Uses
      None
Comment: routines unused
4 symbols



ARM Macro Assembler    Page 1 Alphabetic symbol ordering
Absolute symbols

GPIO_PORTB_AFSEL 40005420

Symbol: GPIO_PORTB_AFSEL
   Definitions
      At line 9 in file SCREEN_INIT.s
   Uses
      At line 63 in file SCREEN_INIT.s
Comment: GPIO_PORTB_AFSEL used once
GPIO_PORTB_DEN 4000551C

Symbol: GPIO_PORTB_DEN
   Definitions
      At line 10 in file SCREEN_INIT.s
   Uses
      At line 58 in file SCREEN_INIT.s
Comment: GPIO_PORTB_DEN used once
GPIO_PORTB_DIR 40005400

Symbol: GPIO_PORTB_DIR
   Definitions
      At line 8 in file SCREEN_INIT.s
   Uses
      At line 53 in file SCREEN_INIT.s
Comment: GPIO_PORTB_DIR used once
OUT_PORTB_DC 40005008

Symbol: OUT_PORTB_DC
   Definitions
      At line 12 in file SCREEN_INIT.s
   Uses
      At line 80 in file SCREEN_INIT.s
Comment: OUT_PORTB_DC used once
OUT_PORTB_RESET 40005004

Symbol: OUT_PORTB_RESET
   Definitions
      At line 11 in file SCREEN_INIT.s
   Uses
      At line 69 in file SCREEN_INIT.s
Comment: OUT_PORTB_RESET used once
SSI0_DR 40008008

Symbol: SSI0_DR
   Definitions
      At line 14 in file SCREEN_INIT.s
   Uses
      At line 87 in file SCREEN_INIT.s
      At line 91 in file SCREEN_INIT.s
      At line 95 in file SCREEN_INIT.s
      At line 99 in file SCREEN_INIT.s
      At line 103 in file SCREEN_INIT.s
      At line 107 in file SCREEN_INIT.s

SSI0_SR 4000800C

Symbol: SSI0_SR
   Definitions
      At line 15 in file SCREEN_INIT.s
   Uses



ARM Macro Assembler    Page 2 Alphabetic symbol ordering
Absolute symbols

      None
Comment: SSI0_SR unused
SYSCTL_RCGCGPIO 400FE608

Symbol: SYSCTL_RCGCGPIO
   Definitions
      At line 7 in file SCREEN_INIT.s
   Uses
      At line 44 in file SCREEN_INIT.s
Comment: SYSCTL_RCGCGPIO used once
8 symbols



ARM Macro Assembler    Page 1 Alphabetic symbol ordering
External symbols

DELAY_100ms 00000000

Symbol: DELAY_100ms
   Definitions
      At line 31 in file SCREEN_INIT.s
   Uses
      At line 72 in file SCREEN_INIT.s
      At line 75 in file SCREEN_INIT.s
      At line 111 in file SCREEN_INIT.s

1 symbol
350 symbols in table
