


ARM Macro Assembler    Page 1 


    1 00000000         ;*******************************************************
                       ******** 
    2 00000000         ; EQU Directives
    3 00000000         ; These directives do not allocate memory
    4 00000000         ;*******************************************************
                       ********
    5 00000000         ;SYMBOL    DIRECTIVE VALUE   COMMENT
    6 00000000 E000E010 
                       NVIC_ST_CTRL
                               EQU              0xE000E010
    7 00000000 E000E014 
                       NVIC_ST_RELOAD
                               EQU              0xE000E014
    8 00000000 E000E018 
                       NVIC_ST_CURRENT
                               EQU              0xE000E018
    9 00000000         ;SHP_SYSPRI3   EQU   0xE000ED20
   10 00000000 01499999 
                       RELOAD_VALUE
                               EQU              0x1499999   ;;; 1 saniye için d
                                                            egistir sonra
   11 00000000 00000000 
                       RELOAD_0
                               EQU              0x00000000
   12 00000000 400053C0 
                       GPIO_PORTB_IN
                               EQU              0x400053C0  ; B3 to B0
   13 00000000 4000503C 
                       GPIO_PORTB_OUT
                               EQU              0x4000503C  ; B7 to B4
   14 00000000 20000400 
                       Field_Address
                               EQU              0x20000400
   15 00000000         
   16 00000000 40005008 
                       OUT_PORTB_DC
                               EQU              0x40005008  ;00000010
   17 00000000 40005004 
                       OUT_PORTB_RESET
                               EQU              0x40005004  ;00000001
   18 00000000 40008008 
                       SSI0_DR EQU              0x40008008
   19 00000000 4000800C 
                       SSI0_SR EQU              0x4000800C
   20 00000000         
   21 00000000         ;*******************************************************
                       ********
   22 00000000         ; Program section           
   23 00000000         ;*******************************************************
                       ********
   24 00000000         ;LABEL  DIRECTIVE VALUE     COMMENT
   25 00000000                 AREA             routines, CODE, READONLY, ALIGN
=2
   26 00000000                 THUMB
   27 00000000                 EXPORT           INIT_SYSTICK
   28 00000000                 EXTERN           DATA_WRITE
   29 00000000                 EXTERN           ADDRESS_CHANGE
   30 00000000                 EXTERN           DELAY_1ms
   31 00000000         ;*******************************************************



ARM Macro Assembler    Page 2 


                       ********
   32 00000000         ;  INITIALIZE SYSTICK 
   33 00000000         ;  THIS CODE SECTION INITIALIZE SYSTICK OPERATION FOR TI
                       MER FROM 20-0
   34 00000000         
   35 00000000         ;*******************************************************
                       ******** 
   36 00000000         ;LABEL  DIRECTIVE VALUE     COMMENT
   37 00000000         INIT_SYSTICK
                               PROC
   38 00000000         
   39 00000000 B500            PUSH             {LR}
   40 00000002         
   41 00000002 499A            LDR              R1,=NVIC_ST_CTRL
   42 00000004 F04F 0000       MOV              R0,#0
   43 00000008 6008            STR              R0,[R1]
   44 0000000A 4999            LDR              R1,=NVIC_ST_RELOAD
   45 0000000C 4899            LDR              R0,=RELOAD_VALUE
   46 0000000E 6008            STR              R0,[R1]
   47 00000010 4999            LDR              R1,=NVIC_ST_CURRENT
   48 00000012 6008            STR              R0,[R1]
   49 00000014 4995            LDR              R1,=NVIC_ST_CTRL
   50 00000016 F04F 0003       MOV              R0,#0x03
   51 0000001A 6008            STR              R0,[R1]
   52 0000001C F04F 0915       MOV              R9,#21      ;
   53 00000020         
   54 00000020         
   55 00000020         
   56 00000020 F85D EB04       POP              {LR}
   57 00000024 4770            BX               LR
   58 00000026                 ENDP
   59 00000026         
   60 00000026         
   61 00000026         ;*******************************************************
                       ********
   62 00000026         ;  My_SYSTICK CODE WORKS FOR COUNTING DOWNWARD AND SHOW 
                       IT ON THE SCREEEN ACCORDINGLY 
   63 00000026         ;  To retain the past location of the cursor address we 
                       use R6
   64 00000026         ;*******************************************************
                       ******** 
   65 00000026         ;LABEL  DIRECTIVE VALUE     COMMENT
   66 00000026         
   67 00000026                 EXTERN           WINNER      ; EXTERN THE SUBSYT
                                                            EMS USED UN THIS MO
                                                            DULE
   68 00000026                 EXTERN           LOSER
   69 00000026                 EXTERN           WINORLOSE
   70 00000026                 EXTERN           END_CASE
   71 00000026                 EXPORT           My_SYSTICK
   72 00000026         
   73 00000026         ;*******************************************************
                       ******** 
   74 00000026         ;LABEL  DIRECTIVE VALUE     COMMENT 
   75 00000026         My_SYSTICK
                               PROC
   76 00000026         
   77 00000026 B500            PUSH             {LR}
   78 00000028 B47F            PUSH             {R0- R6}    ; PUSHES IMPORTANT 



ARM Macro Assembler    Page 3 


                                                            VALUES
   79 0000002A         
   80 0000002A F04F 0B01       MOV              R11, #1     ; FLAG FOR SECOND D
                                                            IGIT  
   81 0000002E         ; INITIALIZE THE FLAG TO 1 IN ORDER TO WRITE 2 DIGITS EV
                       ERY OPERATION
   82 0000002E F1B9 0F00       CMP              R9, #0      ; R9 keeps the valu
                                                            e from 20 to 0
   83 00000032 D10B            BNE              cont        ; if R9 is 0 clear 
                                                            the screen 
   84 00000034 498D            LDR              R1 , =NVIC_ST_CTRL ; AFTER 20 S
                                                            ECONDS DISABLE THE 
                                                            SYSTICK TIMER
   85 00000036 F04F 0000       MOV              R0 , #0
   86 0000003A 6008            STR              R0 , [ R1 ]
   87 0000003C F04F 0915       MOV              R9, #21     ; If R9 is 0 mov R9
                                                             =20 again and end 
                                                            the operation 
   88 00000040 BC7F            POP              {R0-R6}
   89 00000042 F85D EB04       POP              {LR}
   90 00000046 F7FF FFFE       BL               END_CASE    ; BRANCH TO THE DEC
                                                            ISON SUBMODULE FOR 
                                                            WINLOSE CONDUTION 
   91 0000004A         
   92 0000004A E10B            B                FINISH      ; TO END THIS SUBMO
                                                            DULE AFTER THE END 
                                                            OF THE OPERATION
   93 0000004C         
   94 0000004C         
   95 0000004C F1A9 0901 
                       cont    SUB              R9,#1       ; substract R9 
   96 00000050 F04F 0A0A       MOV              R10,#10
   97 00000054 FBB9 F8FA       UDIV             R8,R9,R10   ; R8 keeps the firs
                                                            t data which is eit
                                                            her 0 1 2
   98 00000058 FB08 F00A       MUL              R0,R8,R10
   99 0000005C EBA9 0000       SUB              R0,R9,R0    ; R0 keeps the seco
                                                            nd value
  100 00000060         
  101 00000060 F04F 0447       LDR              R4,=0x0047
  102 00000064 F7FF FFFE       BL               ADDRESS_CHANGE ; GO TO TOP RIGH
                                                            T CORNER
  103 00000068         
  104 00000068 F1B8 0F02       CMP              R8, #2      ; FIND THE FIRST AN
                                                            D SECOND DIGIT BY C
                                                            OMPARING
  105 0000006C D02F            BEQ              write2
  106 0000006E F1B8 0F01       CMP              R8,#1
  107 00000072 D017            BEQ              write1
  108 00000074 F1B8 0F00       CMP              R8, #0
  109 00000078 D0FF            BEQ              write0
  110 0000007A         
  111 0000007A F04F 043E 
                       write0  MOV              R4, #0x3e
  112 0000007E F7FF FFFE       BL               DATA_WRITE
  113 00000082 F04F 0451       MOV              R4,#0x51
  114 00000086 F7FF FFFE       BL               DATA_WRITE
  115 0000008A F04F 0449       MOV              R4, #0x49
  116 0000008E F7FF FFFE       BL               DATA_WRITE



ARM Macro Assembler    Page 4 


  117 00000092 F04F 0445       MOV              R4, #0x45
  118 00000096 F7FF FFFE       BL               DATA_WRITE
  119 0000009A F04F 043E       MOV              R4, #0x3e
  120 0000009E F7FF FFFE       BL               DATA_WRITE
  121 000000A2 E0BC            B                writebosluk
  122 000000A4         
  123 000000A4 F04F 0400 
                       write1  MOV              R4, #0x00
  124 000000A8 F7FF FFFE       BL               DATA_WRITE
  125 000000AC F04F 0442       MOV              R4,#0x42
  126 000000B0 F7FF FFFE       BL               DATA_WRITE
  127 000000B4 F04F 047F       MOV              R4, #0x7F
  128 000000B8 F7FF FFFE       BL               DATA_WRITE
  129 000000BC F04F 0440       MOV              R4, #0x40
  130 000000C0 F7FF FFFE       BL               DATA_WRITE
  131 000000C4 F04F 0400       MOV              R4, #0x00
  132 000000C8 F7FF FFFE       BL               DATA_WRITE
  133 000000CC E0A7            B                writebosluk
  134 000000CE         
  135 000000CE F04F 0442 
                       write2  MOV              R4, #0x42
  136 000000D2 F7FF FFFE       BL               DATA_WRITE
  137 000000D6 F04F 0461       MOV              R4,#0x61
  138 000000DA F7FF FFFE       BL               DATA_WRITE
  139 000000DE F04F 0451       MOV              R4, #0x51
  140 000000E2 F7FF FFFE       BL               DATA_WRITE
  141 000000E6 F04F 0449       MOV              R4, #0x49
  142 000000EA F7FF FFFE       BL               DATA_WRITE
  143 000000EE F04F 0446       MOV              R4, #0x46
  144 000000F2 F7FF FFFE       BL               DATA_WRITE
  145 000000F6 E092            B                writebosluk
  146 000000F8         
  147 000000F8         
  148 000000F8 F04F 0421 
                       write3  MOV              R4, #0x21
  149 000000FC F7FF FFFE       BL               DATA_WRITE
  150 00000100 F04F 0441       MOV              R4,#0x41
  151 00000104 F7FF FFFE       BL               DATA_WRITE
  152 00000108 F04F 0445       MOV              R4, #0x45
  153 0000010C F7FF FFFE       BL               DATA_WRITE
  154 00000110 F04F 044B       MOV              R4, #0x4b
  155 00000114 F7FF FFFE       BL               DATA_WRITE
  156 00000118 F04F 0431       MOV              R4, #0x31
  157 0000011C F7FF FFFE       BL               DATA_WRITE
  158 00000120 E07D            B                writebosluk
  159 00000122         
  160 00000122 F04F 0418 
                       write4  MOV              R4, #0x18
  161 00000126 F7FF FFFE       BL               DATA_WRITE
  162 0000012A F04F 0414       MOV              R4,#0x14
  163 0000012E F7FF FFFE       BL               DATA_WRITE
  164 00000132 F04F 0412       MOV              R4, #0x12
  165 00000136 F7FF FFFE       BL               DATA_WRITE
  166 0000013A F04F 047F       MOV              R4, #0x7f
  167 0000013E F7FF FFFE       BL               DATA_WRITE
  168 00000142 F04F 0410       MOV              R4, #0x10
  169 00000146 F7FF FFFE       BL               DATA_WRITE
  170 0000014A E068            B                writebosluk
  171 0000014C         



ARM Macro Assembler    Page 5 


  172 0000014C F04F 0427 
                       write5  MOV              R4, #0x27
  173 00000150 F7FF FFFE       BL               DATA_WRITE
  174 00000154 F04F 0445       MOV              R4,#0x45
  175 00000158 F7FF FFFE       BL               DATA_WRITE
  176 0000015C F04F 0445       MOV              R4, #0x45
  177 00000160 F7FF FFFE       BL               DATA_WRITE
  178 00000164 F04F 0445       MOV              R4, #0x45
  179 00000168 F7FF FFFE       BL               DATA_WRITE
  180 0000016C F04F 0439       MOV              R4, #0x39
  181 00000170 F7FF FFFE       BL               DATA_WRITE
  182 00000174 E053            B                writebosluk
  183 00000176         
  184 00000176         
  185 00000176 F04F 043C 
                       write6  MOV              R4, #0x3c
  186 0000017A F7FF FFFE       BL               DATA_WRITE
  187 0000017E F04F 044A       MOV              R4,#0x4a
  188 00000182 F7FF FFFE       BL               DATA_WRITE
  189 00000186 F04F 0449       MOV              R4, #0x49
  190 0000018A F7FF FFFE       BL               DATA_WRITE
  191 0000018E F04F 0449       MOV              R4, #0x49
  192 00000192 F7FF FFFE       BL               DATA_WRITE
  193 00000196 F04F 0430       MOV              R4, #0x30
  194 0000019A F7FF FFFE       BL               DATA_WRITE
  195 0000019E E03E            B                writebosluk
  196 000001A0         
  197 000001A0         
  198 000001A0 F04F 0401 
                       write7  MOV              R4, #0x01
  199 000001A4 F7FF FFFE       BL               DATA_WRITE
  200 000001A8 F04F 0471       MOV              R4,#0x71
  201 000001AC F7FF FFFE       BL               DATA_WRITE
  202 000001B0 F04F 0409       MOV              R4, #0x09
  203 000001B4 F7FF FFFE       BL               DATA_WRITE
  204 000001B8 F04F 0405       MOV              R4, #0x05
  205 000001BC F7FF FFFE       BL               DATA_WRITE
  206 000001C0 F04F 0403       MOV              R4, #0x03
  207 000001C4 F7FF FFFE       BL               DATA_WRITE
  208 000001C8 E029            B                writebosluk
  209 000001CA         
  210 000001CA         
  211 000001CA F04F 0436 
                       write8  MOV              R4, #0x36
  212 000001CE F7FF FFFE       BL               DATA_WRITE
  213 000001D2 F04F 0449       MOV              R4,#0x49
  214 000001D6 F7FF FFFE       BL               DATA_WRITE
  215 000001DA F04F 0449       MOV              R4, #0x49
  216 000001DE F7FF FFFE       BL               DATA_WRITE
  217 000001E2 F04F 0449       MOV              R4, #0x49
  218 000001E6 F7FF FFFE       BL               DATA_WRITE
  219 000001EA F04F 0436       MOV              R4, #0x36
  220 000001EE F7FF FFFE       BL               DATA_WRITE
  221 000001F2 E014            B                writebosluk
  222 000001F4         
  223 000001F4         
  224 000001F4 F04F 0406 
                       write9  MOV              R4, #0x06
  225 000001F8 F7FF FFFE       BL               DATA_WRITE



ARM Macro Assembler    Page 6 


  226 000001FC F04F 0449       MOV              R4,#0x49
  227 00000200 F7FF FFFE       BL               DATA_WRITE
  228 00000204 F04F 0449       MOV              R4, #0x49
  229 00000208 F7FF FFFE       BL               DATA_WRITE
  230 0000020C F04F 0429       MOV              R4, #0x29
  231 00000210 F7FF FFFE       BL               DATA_WRITE
  232 00000214 F04F 041E       MOV              R4, #0x1e
  233 00000218 F7FF FFFE       BL               DATA_WRITE
  234 0000021C E7FF            B                writebosluk
  235 0000021E         
  236 0000021E         writebosluk
  237 0000021E F1BB 0F00       CMP              R11, #0     ; CHECK THE FLAG TO
                                                             KNOW IF THE SECOND
                                                             DIGIT PRINTED
  238 00000222 D01F            BEQ              FINISH      ; IF 2 DIGITS PRINT
                                                            ED END THE OPERATIO
                                                            N 
  239 00000224         
  240 00000224 F04F 0400       MOV              R4, #0x00
  241 00000228 F7FF FFFE       BL               DATA_WRITE
  242 0000022C F1AB 0B01       SUB              R11, #1     ; ELSE PRINT THE SE
                                                            COND DIGIT AND DECR
                                                            EASE THE FLAG
  243 00000230         
  244 00000230 2800            CMP              R0, #0      ;
  245 00000232 F43F AF22       BEQ              write0
  246 00000236 2801            CMP              R0, #1      ;
  247 00000238 F43F AF34       BEQ              write1
  248 0000023C 2802            CMP              R0, #2      ;
  249 0000023E F43F AF46       BEQ              write2
  250 00000242 2803            CMP              R0, #3      ;
  251 00000244 F43F AF58       BEQ              write3
  252 00000248 2804            CMP              R0, #4      ;
  253 0000024A F43F AF6A       BEQ              write4
  254 0000024E 2805            CMP              R0, #5      ;
  255 00000250 F43F AF7C       BEQ              write5
  256 00000254 2806            CMP              R0, #6      ;
  257 00000256 D08E            BEQ              write6
  258 00000258 2807            CMP              R0, #7      ;
  259 0000025A D0A1            BEQ              write7
  260 0000025C 2808            CMP              R0, #8      ;
  261 0000025E D0B4            BEQ              write8
  262 00000260 2809            CMP              R0, #9      ;
  263 00000262 D0C7            BEQ              write9
  264 00000264         
  265 00000264         FINISH
  266 00000264 BC7F            POP              {R0-R6}
  267 00000266 F85D EB04       POP              {LR}
  268 0000026A 4770            BX               LR
  269 0000026C         
  270 0000026C                 ENDP
  271 0000026C                 ALIGN
  272 0000026C                 END
              E000E010 
              E000E014 
              01499999 
              E000E018 
Command Line: --debug --xref --diag_suppress=9931 --cpu=Cortex-M4.fp --apcs=int
erwork --depend=.\objects\systick_timer.d -o.\objects\systick_timer.o -I.\RTE\_



ARM Macro Assembler    Page 7 


Target_1 -IC:\Keil_v5\ARM\PACK\Keil\TM4C_DFP\1.1.0\Device\Include\TM4C123 -IC:\
Keil_v5\ARM\CMSIS\Include --predefine="__EVAL SETA 1" --predefine="__UVISION_VE
RSION SETA 526" --predefine="TM4C123GH6PM SETA 1" --list=.\listings\systick_tim
er.lst SysTick_Timer.s



ARM Macro Assembler    Page 1 Alphabetic symbol ordering
Relocatable symbols

FINISH 00000264

Symbol: FINISH
   Definitions
      At line 265 in file SysTick_Timer.s
   Uses
      At line 92 in file SysTick_Timer.s
      At line 238 in file SysTick_Timer.s

INIT_SYSTICK 00000000

Symbol: INIT_SYSTICK
   Definitions
      At line 37 in file SysTick_Timer.s
   Uses
      At line 27 in file SysTick_Timer.s
Comment: INIT_SYSTICK used once
My_SYSTICK 00000026

Symbol: My_SYSTICK
   Definitions
      At line 75 in file SysTick_Timer.s
   Uses
      At line 71 in file SysTick_Timer.s
Comment: My_SYSTICK used once
cont 0000004C

Symbol: cont
   Definitions
      At line 95 in file SysTick_Timer.s
   Uses
      At line 83 in file SysTick_Timer.s
Comment: cont used once
routines 00000000

Symbol: routines
   Definitions
      At line 25 in file SysTick_Timer.s
   Uses
      None
Comment: routines unused
write0 0000007A

Symbol: write0
   Definitions
      At line 111 in file SysTick_Timer.s
   Uses
      At line 109 in file SysTick_Timer.s
      At line 245 in file SysTick_Timer.s

write1 000000A4

Symbol: write1
   Definitions
      At line 123 in file SysTick_Timer.s
   Uses
      At line 107 in file SysTick_Timer.s
      At line 247 in file SysTick_Timer.s




ARM Macro Assembler    Page 2 Alphabetic symbol ordering
Relocatable symbols

write2 000000CE

Symbol: write2
   Definitions
      At line 135 in file SysTick_Timer.s
   Uses
      At line 105 in file SysTick_Timer.s
      At line 249 in file SysTick_Timer.s

write3 000000F8

Symbol: write3
   Definitions
      At line 148 in file SysTick_Timer.s
   Uses
      At line 251 in file SysTick_Timer.s
Comment: write3 used once
write4 00000122

Symbol: write4
   Definitions
      At line 160 in file SysTick_Timer.s
   Uses
      At line 253 in file SysTick_Timer.s
Comment: write4 used once
write5 0000014C

Symbol: write5
   Definitions
      At line 172 in file SysTick_Timer.s
   Uses
      At line 255 in file SysTick_Timer.s
Comment: write5 used once
write6 00000176

Symbol: write6
   Definitions
      At line 185 in file SysTick_Timer.s
   Uses
      At line 257 in file SysTick_Timer.s
Comment: write6 used once
write7 000001A0

Symbol: write7
   Definitions
      At line 198 in file SysTick_Timer.s
   Uses
      At line 259 in file SysTick_Timer.s
Comment: write7 used once
write8 000001CA

Symbol: write8
   Definitions
      At line 211 in file SysTick_Timer.s
   Uses
      At line 261 in file SysTick_Timer.s
Comment: write8 used once
write9 000001F4




ARM Macro Assembler    Page 3 Alphabetic symbol ordering
Relocatable symbols

Symbol: write9
   Definitions
      At line 224 in file SysTick_Timer.s
   Uses
      At line 263 in file SysTick_Timer.s
Comment: write9 used once
writebosluk 0000021E

Symbol: writebosluk
   Definitions
      At line 236 in file SysTick_Timer.s
   Uses
      At line 121 in file SysTick_Timer.s
      At line 133 in file SysTick_Timer.s
      At line 145 in file SysTick_Timer.s
      At line 158 in file SysTick_Timer.s
      At line 170 in file SysTick_Timer.s
      At line 182 in file SysTick_Timer.s
      At line 195 in file SysTick_Timer.s
      At line 208 in file SysTick_Timer.s
      At line 221 in file SysTick_Timer.s
      At line 234 in file SysTick_Timer.s

16 symbols



ARM Macro Assembler    Page 1 Alphabetic symbol ordering
Absolute symbols

Field_Address 20000400

Symbol: Field_Address
   Definitions
      At line 14 in file SysTick_Timer.s
   Uses
      None
Comment: Field_Address unused
GPIO_PORTB_IN 400053C0

Symbol: GPIO_PORTB_IN
   Definitions
      At line 12 in file SysTick_Timer.s
   Uses
      None
Comment: GPIO_PORTB_IN unused
GPIO_PORTB_OUT 4000503C

Symbol: GPIO_PORTB_OUT
   Definitions
      At line 13 in file SysTick_Timer.s
   Uses
      None
Comment: GPIO_PORTB_OUT unused
NVIC_ST_CTRL E000E010

Symbol: NVIC_ST_CTRL
   Definitions
      At line 6 in file SysTick_Timer.s
   Uses
      At line 41 in file SysTick_Timer.s
      At line 49 in file SysTick_Timer.s
      At line 84 in file SysTick_Timer.s

NVIC_ST_CURRENT E000E018

Symbol: NVIC_ST_CURRENT
   Definitions
      At line 8 in file SysTick_Timer.s
   Uses
      At line 47 in file SysTick_Timer.s
Comment: NVIC_ST_CURRENT used once
NVIC_ST_RELOAD E000E014

Symbol: NVIC_ST_RELOAD
   Definitions
      At line 7 in file SysTick_Timer.s
   Uses
      At line 44 in file SysTick_Timer.s
Comment: NVIC_ST_RELOAD used once
OUT_PORTB_DC 40005008

Symbol: OUT_PORTB_DC
   Definitions
      At line 16 in file SysTick_Timer.s
   Uses
      None
Comment: OUT_PORTB_DC unused
OUT_PORTB_RESET 40005004



ARM Macro Assembler    Page 2 Alphabetic symbol ordering
Absolute symbols


Symbol: OUT_PORTB_RESET
   Definitions
      At line 17 in file SysTick_Timer.s
   Uses
      None
Comment: OUT_PORTB_RESET unused
RELOAD_0 00000000

Symbol: RELOAD_0
   Definitions
      At line 11 in file SysTick_Timer.s
   Uses
      None
Comment: RELOAD_0 unused
RELOAD_VALUE 01499999

Symbol: RELOAD_VALUE
   Definitions
      At line 10 in file SysTick_Timer.s
   Uses
      At line 45 in file SysTick_Timer.s
Comment: RELOAD_VALUE used once
SSI0_DR 40008008

Symbol: SSI0_DR
   Definitions
      At line 18 in file SysTick_Timer.s
   Uses
      None
Comment: SSI0_DR unused
SSI0_SR 4000800C

Symbol: SSI0_SR
   Definitions
      At line 19 in file SysTick_Timer.s
   Uses
      None
Comment: SSI0_SR unused
12 symbols



ARM Macro Assembler    Page 1 Alphabetic symbol ordering
External symbols

ADDRESS_CHANGE 00000000

Symbol: ADDRESS_CHANGE
   Definitions
      At line 29 in file SysTick_Timer.s
   Uses
      At line 102 in file SysTick_Timer.s
Comment: ADDRESS_CHANGE used once
DATA_WRITE 00000000

Symbol: DATA_WRITE
   Definitions
      At line 28 in file SysTick_Timer.s
   Uses
      At line 112 in file SysTick_Timer.s
      At line 114 in file SysTick_Timer.s
      At line 116 in file SysTick_Timer.s
      At line 118 in file SysTick_Timer.s
      At line 120 in file SysTick_Timer.s
      At line 124 in file SysTick_Timer.s
      At line 126 in file SysTick_Timer.s
      At line 128 in file SysTick_Timer.s
      At line 130 in file SysTick_Timer.s
      At line 132 in file SysTick_Timer.s
      At line 136 in file SysTick_Timer.s
      At line 138 in file SysTick_Timer.s
      At line 140 in file SysTick_Timer.s
      At line 142 in file SysTick_Timer.s
      At line 144 in file SysTick_Timer.s
      At line 149 in file SysTick_Timer.s
      At line 151 in file SysTick_Timer.s
      At line 153 in file SysTick_Timer.s
      At line 155 in file SysTick_Timer.s
      At line 157 in file SysTick_Timer.s
      At line 161 in file SysTick_Timer.s
      At line 163 in file SysTick_Timer.s
      At line 165 in file SysTick_Timer.s
      At line 167 in file SysTick_Timer.s
      At line 169 in file SysTick_Timer.s
      At line 173 in file SysTick_Timer.s
      At line 175 in file SysTick_Timer.s
      At line 177 in file SysTick_Timer.s
      At line 179 in file SysTick_Timer.s
      At line 181 in file SysTick_Timer.s
      At line 186 in file SysTick_Timer.s
      At line 188 in file SysTick_Timer.s
      At line 190 in file SysTick_Timer.s
      At line 192 in file SysTick_Timer.s
      At line 194 in file SysTick_Timer.s
      At line 199 in file SysTick_Timer.s
      At line 201 in file SysTick_Timer.s
      At line 203 in file SysTick_Timer.s
      At line 205 in file SysTick_Timer.s
      At line 207 in file SysTick_Timer.s
      At line 212 in file SysTick_Timer.s
      At line 214 in file SysTick_Timer.s
      At line 216 in file SysTick_Timer.s
      At line 218 in file SysTick_Timer.s
      At line 220 in file SysTick_Timer.s



ARM Macro Assembler    Page 2 Alphabetic symbol ordering
External symbols

      At line 225 in file SysTick_Timer.s
      At line 227 in file SysTick_Timer.s
      At line 229 in file SysTick_Timer.s
      At line 231 in file SysTick_Timer.s
      At line 233 in file SysTick_Timer.s
      At line 241 in file SysTick_Timer.s

DELAY_1ms 00000000

Symbol: DELAY_1ms
   Definitions
      At line 30 in file SysTick_Timer.s
   Uses
      None
Comment: DELAY_1ms unused
END_CASE 00000000

Symbol: END_CASE
   Definitions
      At line 70 in file SysTick_Timer.s
   Uses
      At line 90 in file SysTick_Timer.s
Comment: END_CASE used once
LOSER 00000000

Symbol: LOSER
   Definitions
      At line 68 in file SysTick_Timer.s
   Uses
      None
Comment: LOSER unused
WINNER 00000000

Symbol: WINNER
   Definitions
      At line 67 in file SysTick_Timer.s
   Uses
      None
Comment: WINNER unused
WINORLOSE 00000000

Symbol: WINORLOSE
   Definitions
      At line 69 in file SysTick_Timer.s
   Uses
      None
Comment: WINORLOSE unused
7 symbols
371 symbols in table
