


ARM Macro Assembler    Page 1 


    1 00000000 40005008 
                       OUT_PORTB_DC
                               EQU              0x40005008  ;00000010
    2 00000000         ;LABEL  DIRECTIVE VALUE     COMMENT
    3 00000000                 AREA             routines,READONLY,CODE
    4 00000000                 THUMB
    5 00000000                 ALIGN
    6 00000000                 EXTERN           DELAY_1ms
    7 00000000                 EXTERN           DELAY_100ms
    8 00000000                 EXTERN           DATA_WRITE
    9 00000000                 EXTERN           ADDRESS_CHANGE
   10 00000000                 EXTERN           PortF_Input
   11 00000000                 EXTERN           __main
   12 00000000                 EXPORT           WINNER
   13 00000000         
   14 00000000         ;*******************************************************
                       ********
   15 00000000         ; YOU WIN!! IS GOING TO BE SHOWN ON SCREEN
   16 00000000         ; 
   17 00000000         ; 
   18 00000000         ;*******************************************************
                       ******** 
   19 00000000         ;LABEL  DIRECTIVE VALUE     COMMENT
   20 00000000         
   21 00000000         WINNER  PROC
   22 00000000         
   23 00000000         ; PUSH  {LR}  
   24 00000000 F04F 0400       LDR              R4,=0x00
   25 00000004 F7FF FFFE       BL               ADDRESS_CHANGE
   26 00000008 F44F 7616       MOV              R6,#600
   27 0000000C F04F 0400 
                       loop    MOV              R4,#0x00
   28 00000010 F7FF FFFE       BL               DATA_WRITE
   29 00000014 1E76            SUBS             R6,R6,#1
   30 00000016 D1F9            BNE              loop
   31 00000018         
   32 00000018         
   33 00000018         ;MOV R4,r8  ;;trial for 
   34 00000018         
   35 00000018         
   36 00000018 F240 2415       LDR              R4,=0x0215
   37 0000001C F7FF FFFE       BL               ADDRESS_CHANGE
   38 00000020         
   39 00000020         
   40 00000020         ;{0x07, 0x08, 0x70, 0x08, 0x07} // 59 Y
   41 00000020 F04F 0407       MOV              R4, #0x07
   42 00000024 F7FF FFFE       BL               DATA_WRITE
   43 00000028 F04F 0408       MOV              r4,#0x08
   44 0000002C F7FF FFFE       BL               DATA_WRITE
   45 00000030 F04F 0470       MOV              R4, #0x70
   46 00000034 F7FF FFFE       BL               DATA_WRITE
   47 00000038 F04F 0408       MOV              R4, #0x08
   48 0000003C F7FF FFFE       BL               DATA_WRITE
   49 00000040 F04F 0407       MOV              R4, #0x07
   50 00000044 F7FF FFFE       BL               DATA_WRITE
   51 00000048         
   52 00000048         
   53 00000048         ;0x3e, 0x41, 0x41, 0x41, 0x3e} // 4f O
   54 00000048         



ARM Macro Assembler    Page 2 


   55 00000048 F04F 043E       MOV              R4, #0x3E
   56 0000004C F7FF FFFE       BL               DATA_WRITE
   57 00000050 F04F 0441       MOV              r4,#0x41
   58 00000054 F7FF FFFE       BL               DATA_WRITE
   59 00000058 F04F 0441       MOV              R4, #0x41
   60 0000005C F7FF FFFE       BL               DATA_WRITE
   61 00000060 F04F 0441       MOV              R4, #0x41
   62 00000064 F7FF FFFE       BL               DATA_WRITE
   63 00000068 F04F 043E       MOV              R4, #0x3E
   64 0000006C F7FF FFFE       BL               DATA_WRITE
   65 00000070         ;{0x3f, 0x40, 0x40, 0x40, 0x3f} // 55 U
   66 00000070 F04F 043F       MOV              R4, #0x3F
   67 00000074 F7FF FFFE       BL               DATA_WRITE
   68 00000078 F04F 0440       MOV              r4,#0x40
   69 0000007C F7FF FFFE       BL               DATA_WRITE
   70 00000080 F04F 0440       MOV              R4, #0x40
   71 00000084 F7FF FFFE       BL               DATA_WRITE
   72 00000088 F04F 0440       MOV              R4, #0x40
   73 0000008C F7FF FFFE       BL               DATA_WRITE
   74 00000090 F04F 043F       MOV              R4, #0x3F
   75 00000094 F7FF FFFE       BL               DATA_WRITE
   76 00000098         
   77 00000098 F04F 0400       MOV              R4 , #00
   78 0000009C F7FF FFFE       BL               DATA_WRITE
   79 000000A0 F04F 0400       MOV              R4 , #00
   80 000000A4 F7FF FFFE       BL               DATA_WRITE
   81 000000A8 F04F 0400       MOV              R4 , #00
   82 000000AC F7FF FFFE       BL               DATA_WRITE
   83 000000B0 F04F 0400       MOV              R4 , #00
   84 000000B4 F7FF FFFE       BL               DATA_WRITE
   85 000000B8 F04F 0400       MOV              R4 , #00
   86 000000BC F7FF FFFE       BL               DATA_WRITE
   87 000000C0         
   88 000000C0         
   89 000000C0         
   90 000000C0         ;{0x3f, 0x40, 0x38, 0x40, 0x3f} // 57 W
   91 000000C0 F04F 043F       MOV              R4, #0x3F
   92 000000C4 F7FF FFFE       BL               DATA_WRITE
   93 000000C8 F04F 0440       MOV              r4,#0x40
   94 000000CC F7FF FFFE       BL               DATA_WRITE
   95 000000D0 F04F 0438       MOV              R4, #0x38
   96 000000D4 F7FF FFFE       BL               DATA_WRITE
   97 000000D8 F04F 0440       MOV              R4, #0x40
   98 000000DC F7FF FFFE       BL               DATA_WRITE
   99 000000E0 F04F 043F       MOV              R4, #0x3F
  100 000000E4 F7FF FFFE       BL               DATA_WRITE
  101 000000E8         ;{0x00, 0x41, 0x7f, 0x41, 0x00} // 49 I
  102 000000E8         
  103 000000E8 F04F 0400       MOV              R4, #0x00
  104 000000EC F7FF FFFE       BL               DATA_WRITE
  105 000000F0 F04F 0441       MOV              r4,#0x41
  106 000000F4 F7FF FFFE       BL               DATA_WRITE
  107 000000F8 F04F 047F       MOV              R4, #0x7F
  108 000000FC F7FF FFFE       BL               DATA_WRITE
  109 00000100 F04F 0441       MOV              R4, #0x41
  110 00000104 F7FF FFFE       BL               DATA_WRITE
  111 00000108 F04F 0400       MOV              R4, #0x00
  112 0000010C F7FF FFFE       BL               DATA_WRITE
  113 00000110         



ARM Macro Assembler    Page 3 


  114 00000110         ;{0x7f, 0x04, 0x08, 0x10, 0x7f} // 4e N  
  115 00000110         
  116 00000110 F04F 047F       MOV              R4, #0x7F
  117 00000114 F7FF FFFE       BL               DATA_WRITE
  118 00000118 F04F 0404       MOV              r4,#0x04
  119 0000011C F7FF FFFE       BL               DATA_WRITE
  120 00000120 F04F 0408       MOV              R4, #0x08
  121 00000124 F7FF FFFE       BL               DATA_WRITE
  122 00000128 F04F 0410       MOV              R4, #0x10
  123 0000012C F7FF FFFE       BL               DATA_WRITE
  124 00000130 F04F 047F       MOV              R4, #0x7F
  125 00000134 F7FF FFFE       BL               DATA_WRITE
  126 00000138         
  127 00000138         ;{0x00, 0x00, 0x5f, 0x00, 0x00} // 21 !
  128 00000138         
  129 00000138 F04F 0400       MOV              R4, #0x00
  130 0000013C F7FF FFFE       BL               DATA_WRITE
  131 00000140 F04F 0400       MOV              r4,#0x00
  132 00000144 F7FF FFFE       BL               DATA_WRITE
  133 00000148 F04F 045F       MOV              R4, #0x5F
  134 0000014C F7FF FFFE       BL               DATA_WRITE
  135 00000150 F04F 0400       MOV              R4, #0x00
  136 00000154 F7FF FFFE       BL               DATA_WRITE
  137 00000158 F04F 0400       MOV              R4, #0x00
  138 0000015C F7FF FFFE       BL               DATA_WRITE
  139 00000160         
  140 00000160 F04F 0400       MOV              R4, #0x00
  141 00000164 F7FF FFFE       BL               DATA_WRITE
  142 00000168 F04F 0400       MOV              r4,#0x00
  143 0000016C F7FF FFFE       BL               DATA_WRITE
  144 00000170 F04F 045F       MOV              R4, #0x5F
  145 00000174 F7FF FFFE       BL               DATA_WRITE
  146 00000178 F04F 0400       MOV              R4, #0x00
  147 0000017C F7FF FFFE       BL               DATA_WRITE
  148 00000180 F04F 0400       MOV              R4, #0x00
  149 00000184 F7FF FFFE       BL               DATA_WRITE
  150 00000188 F04F 0400       MOV              R4, #0x00
  151 0000018C F7FF FFFE       BL               DATA_WRITE
  152 00000190 F04F 0400       MOV              r4,#0x00
  153 00000194 F7FF FFFE       BL               DATA_WRITE
  154 00000198 F04F 045F       MOV              R4, #0x5F
  155 0000019C F7FF FFFE       BL               DATA_WRITE
  156 000001A0 F04F 0400       MOV              R4, #0x00
  157 000001A4 F7FF FFFE       BL               DATA_WRITE
  158 000001A8 F04F 0400       MOV              R4, #0x00
  159 000001AC F7FF FFFE       BL               DATA_WRITE
  160 000001B0         
  161 000001B0 F7FF FFFE 
                       wait    BL               PortF_Input ; read all of the s
                                                            witches on Port F
  162 000001B4 2800            CMP              R0, #0x00
  163 000001B6 D0FB            BEQ              wait
  164 000001B8         
  165 000001B8 2811            CMP              R0, #0x11   ;
  166 000001BA D0F9            BEQ              wait
  167 000001BC         
  168 000001BC F7FF FFFE       BL               __main
  169 000001C0         
  170 000001C0         



ARM Macro Assembler    Page 4 


  171 000001C0         ;POP {LR}
  172 000001C0         ;BX LR
  173 000001C0                 ENDP
  174 000001C0                 ALIGN
  175 000001C0                 END
Command Line: --debug --xref --diag_suppress=9931 --cpu=Cortex-M4.fp --apcs=int
erwork --depend=.\objects\winner.d -o.\objects\winner.o -I.\RTE\_Target_1 -ID:\
Work\ARM\PACK\Keil\TM4C_DFP\1.1.0\Device\Include\TM4C123 -ID:\Work\ARM\CMSIS\In
clude --predefine="__EVAL SETA 1" --predefine="__UVISION_VERSION SETA 526" --pr
edefine="TM4C123GH6PM SETA 1" --list=.\listings\winner.lst winner.s



ARM Macro Assembler    Page 1 Alphabetic symbol ordering
Relocatable symbols

WINNER 00000000

Symbol: WINNER
   Definitions
      At line 21 in file winner.s
   Uses
      At line 12 in file winner.s
Comment: WINNER used once
loop 0000000C

Symbol: loop
   Definitions
      At line 27 in file winner.s
   Uses
      At line 30 in file winner.s
Comment: loop used once
routines 00000000

Symbol: routines
   Definitions
      At line 3 in file winner.s
   Uses
      None
Comment: routines unused
wait 000001B0

Symbol: wait
   Definitions
      At line 161 in file winner.s
   Uses
      At line 163 in file winner.s
      At line 166 in file winner.s

4 symbols



ARM Macro Assembler    Page 1 Alphabetic symbol ordering
Absolute symbols

OUT_PORTB_DC 40005008

Symbol: OUT_PORTB_DC
   Definitions
      At line 1 in file winner.s
   Uses
      None
Comment: OUT_PORTB_DC unused
1 symbol



ARM Macro Assembler    Page 1 Alphabetic symbol ordering
External symbols

ADDRESS_CHANGE 00000000

Symbol: ADDRESS_CHANGE
   Definitions
      At line 9 in file winner.s
   Uses
      At line 25 in file winner.s
      At line 37 in file winner.s

DATA_WRITE 00000000

Symbol: DATA_WRITE
   Definitions
      At line 8 in file winner.s
   Uses
      At line 28 in file winner.s
      At line 42 in file winner.s
      At line 44 in file winner.s
      At line 46 in file winner.s
      At line 48 in file winner.s
      At line 50 in file winner.s
      At line 56 in file winner.s
      At line 58 in file winner.s
      At line 60 in file winner.s
      At line 62 in file winner.s
      At line 64 in file winner.s
      At line 67 in file winner.s
      At line 69 in file winner.s
      At line 71 in file winner.s
      At line 73 in file winner.s
      At line 75 in file winner.s
      At line 78 in file winner.s
      At line 80 in file winner.s
      At line 82 in file winner.s
      At line 84 in file winner.s
      At line 86 in file winner.s
      At line 92 in file winner.s
      At line 94 in file winner.s
      At line 96 in file winner.s
      At line 98 in file winner.s
      At line 100 in file winner.s
      At line 104 in file winner.s
      At line 106 in file winner.s
      At line 108 in file winner.s
      At line 110 in file winner.s
      At line 112 in file winner.s
      At line 117 in file winner.s
      At line 119 in file winner.s
      At line 121 in file winner.s
      At line 123 in file winner.s
      At line 125 in file winner.s
      At line 130 in file winner.s
      At line 132 in file winner.s
      At line 134 in file winner.s
      At line 136 in file winner.s
      At line 138 in file winner.s
      At line 141 in file winner.s
      At line 143 in file winner.s
      At line 145 in file winner.s



ARM Macro Assembler    Page 2 Alphabetic symbol ordering
External symbols

      At line 147 in file winner.s
      At line 149 in file winner.s
      At line 151 in file winner.s
      At line 153 in file winner.s
      At line 155 in file winner.s
      At line 157 in file winner.s
      At line 159 in file winner.s

DELAY_100ms 00000000

Symbol: DELAY_100ms
   Definitions
      At line 7 in file winner.s
   Uses
      None
Comment: DELAY_100ms unused
DELAY_1ms 00000000

Symbol: DELAY_1ms
   Definitions
      At line 6 in file winner.s
   Uses
      None
Comment: DELAY_1ms unused
PortF_Input 00000000

Symbol: PortF_Input
   Definitions
      At line 10 in file winner.s
   Uses
      At line 161 in file winner.s
Comment: PortF_Input used once
__main 00000000

Symbol: __main
   Definitions
      At line 11 in file winner.s
   Uses
      At line 168 in file winner.s
Comment: __main used once
6 symbols
345 symbols in table
