


ARM Macro Assembler    Page 1 


    1 00000000 4000603C 
                       GPIO_PORTB_IN
                               EQU              0x4000603C  ; B3 to B0 pins
    2 00000000 40006300 
                       GPIO_PORTB_OUT
                               EQU              0x40006300  ; B7 
    3 00000000 400FE608 
                       SYSCTL_RCGCGPIO
                               EQU              0x400FE608
    4 00000000 400063FC 
                       GPIO_PORTB_DATA
                               EQU              0x400063FC
    5 00000000 40006400 
                       GPIO_PORTB_DIR
                               EQU              0x40006400
    6 00000000 40006420 
                       GPIO_PORTB_AFSEL
                               EQU              0x40006420
    7 00000000 4000651C 
                       GPIO_PORTB_DEN
                               EQU              0x4000651C
    8 00000000 000000F0 
                       IOB     EQU              0xF0
    9 00000000 40006510 
                       GPIO_PORTB_PUR
                               EQU              0x40006510
   10 00000000                 AREA             sdata, READONLY, CODE
   11 00000000                 THUMB
   12 00000000                 EXTERN           DELAY100    ; Add delay subrout
                                                            ine for debugging
   13 00000000                 EXPORT           ledingen
   14 00000000         ledingen
                               PROC                         ; initialization 
   15 00000000 4913            LDR              R1,=SYSCTL_RCGCGPIO
   16 00000002 6808            LDR              R0 , [R1]
   17 00000004 F040 0006       ORR              R0 , R0,#0x06
   18 00000008 6008            STR              R0 , [R1]
   19 0000000A BF00            NOP
   20 0000000C BF00            NOP
   21 0000000E BF00            NOP
   22 00000010 4910            LDR              R1 , =GPIO_PORTB_DIR
   23 00000012 6808            LDR              R0 , [R1]
   24 00000014 F020 00FF       BIC              R0 , #0xFF
   25 00000018 F040 00C0       ORR              R0 , #0xC0  ; B7 and  B6 are ou
                                                            tputs
   26 0000001C 6008            STR              R0 , [R1]
   27 0000001E 490E            LDR              R1 , =GPIO_PORTB_AFSEL ;disable
                                                             AFSEL as stated in
                                                             manual
   28 00000020 6808            LDR              R0 , [R1]
   29 00000022 F020 00FF       BIC              R0 , #0xFF
   30 00000026 6008            STR              R0 , [R1]
   31 00000028 490C            LDR              R1 , =GPIO_PORTB_DEN ;digital o
                                                            utputs will be cons
                                                            idered so enable Di
                                                            gital Enable regist
                                                            er
   32 0000002A 6808            LDR              R0 , [R1]
   33 0000002C F040 00FF       ORR              R0 , #0xFF



ARM Macro Assembler    Page 2 


   34 00000030 6008            STR              R0 , [R1]
   35 00000032 F04F 07FF       LDR              R7, =0xFF
   36 00000036 42BC            CMP              R4,R7       ; decimal 375  for 
                                                            2k 500 4k 250
   37 00000038 DB04            BLT              sol
   38 0000003A         ; LDR   R7, =0xCF1
   39 0000003A         ; CMP   R4, R7;  üst sinir
   40 0000003A         ; BLT   sag ; 2k icin sag
   41 0000003A         ;BGT         nothing
   42 0000003A 4909    sag     LDR              R1,=GPIO_PORTB_OUT ;c6
   43 0000003C F04F 00BF       LDR              R0, =0xBF   ;
   44 00000040 6008            STR              R0,[R1]     ;
   45 00000042 E004            B                finish
   46 00000044 4906    sol     LDR              R1,=GPIO_PORTB_OUT ;; 4k works 
                                                            for 500 us and sol 
                                                            sinyal vercek c7
   47 00000046 F04F 007F       LDR              R0, =0x7F   ;
   48 0000004A 6008            STR              R0,[R1]     ;
   49 0000004C E7FF            B                finish
   50 0000004E         nothing                              ; LDR    R1,=GPIO_P
                                                            ORTB_OUT   ;; 4k wo
                                                            rks for 500 us and 
                                                            sol sinyal vercek
   51 0000004E         ;LDR   R0, =0xFF;
   52 0000004E         ;STR    R0,[R1] ;
   53 0000004E 4770    finish  BX               LR
   54 00000050         
   55 00000050                 ENDP
                       
              400FE608 
              40006400 
              40006420 
              4000651C 
              40006300 
Command Line: --debug --xref --diag_suppress=9931 --cpu=Cortex-M4.fp --apcs=int
erwork --depend=.\objects\ledingen.d -o.\objects\ledingen.o -I.\RTE\_Target_1 -
IC:\Keil_v5\ARM\PACK\Keil\TM4C_DFP\1.1.0\Device\Include\TM4C123 -IC:\Keil_v5\AR
M\CMSIS\Include --predefine="__EVAL SETA 1" --predefine="__UVISION_VERSION SETA
 526" --predefine="TM4C123GH6PM SETA 1" --list=.\listings\ledingen.lst ledingen
.s



ARM Macro Assembler    Page 1 Alphabetic symbol ordering
Relocatable symbols

finish 0000004E

Symbol: finish
   Definitions
      At line 53 in file ledingen.s
   Uses
      At line 45 in file ledingen.s
      At line 49 in file ledingen.s

ledingen 00000000

Symbol: ledingen
   Definitions
      At line 14 in file ledingen.s
   Uses
      At line 13 in file ledingen.s
Comment: ledingen used once
nothing 0000004E

Symbol: nothing
   Definitions
      At line 50 in file ledingen.s
   Uses
      None
Comment: nothing unused
sag 0000003A

Symbol: sag
   Definitions
      At line 42 in file ledingen.s
   Uses
      None
Comment: sag unused
sdata 00000000

Symbol: sdata
   Definitions
      At line 10 in file ledingen.s
   Uses
      None
Comment: sdata unused
sol 00000044

Symbol: sol
   Definitions
      At line 46 in file ledingen.s
   Uses
      At line 37 in file ledingen.s
Comment: sol used once
6 symbols



ARM Macro Assembler    Page 1 Alphabetic symbol ordering
Absolute symbols

GPIO_PORTB_AFSEL 40006420

Symbol: GPIO_PORTB_AFSEL
   Definitions
      At line 6 in file ledingen.s
   Uses
      At line 27 in file ledingen.s
Comment: GPIO_PORTB_AFSEL used once
GPIO_PORTB_DATA 400063FC

Symbol: GPIO_PORTB_DATA
   Definitions
      At line 4 in file ledingen.s
   Uses
      None
Comment: GPIO_PORTB_DATA unused
GPIO_PORTB_DEN 4000651C

Symbol: GPIO_PORTB_DEN
   Definitions
      At line 7 in file ledingen.s
   Uses
      At line 31 in file ledingen.s
Comment: GPIO_PORTB_DEN used once
GPIO_PORTB_DIR 40006400

Symbol: GPIO_PORTB_DIR
   Definitions
      At line 5 in file ledingen.s
   Uses
      At line 22 in file ledingen.s
Comment: GPIO_PORTB_DIR used once
GPIO_PORTB_IN 4000603C

Symbol: GPIO_PORTB_IN
   Definitions
      At line 1 in file ledingen.s
   Uses
      None
Comment: GPIO_PORTB_IN unused
GPIO_PORTB_OUT 40006300

Symbol: GPIO_PORTB_OUT
   Definitions
      At line 2 in file ledingen.s
   Uses
      At line 42 in file ledingen.s
      At line 46 in file ledingen.s

GPIO_PORTB_PUR 40006510

Symbol: GPIO_PORTB_PUR
   Definitions
      At line 9 in file ledingen.s
   Uses
      None
Comment: GPIO_PORTB_PUR unused
IOB 000000F0




ARM Macro Assembler    Page 2 Alphabetic symbol ordering
Absolute symbols

Symbol: IOB
   Definitions
      At line 8 in file ledingen.s
   Uses
      None
Comment: IOB unused
SYSCTL_RCGCGPIO 400FE608

Symbol: SYSCTL_RCGCGPIO
   Definitions
      At line 3 in file ledingen.s
   Uses
      At line 15 in file ledingen.s
Comment: SYSCTL_RCGCGPIO used once
9 symbols



ARM Macro Assembler    Page 1 Alphabetic symbol ordering
External symbols

DELAY100 00000000

Symbol: DELAY100
   Definitions
      At line 12 in file ledingen.s
   Uses
      None
Comment: DELAY100 unused
1 symbol
352 symbols in table
