


ARM Macro Assembler    Page 1 


    1 00000000         ; Pulse.s
    2 00000000         ; Routine for creating a pulse train using interrupts
    3 00000000         ; This uses Channel 0, and a 1MHz Timer Clock (_TAPR = 1
                       5 )
    4 00000000         ; Uses Timer0A to create pulse train on PF2
    5 00000000         
    6 00000000         ;Nested Vector Interrupt Controller registers
    7 00000000 00080000 
                       NVIC_EN0_INT19
                               EQU              0x00080000  ; Interrupt 19 enab
                                                            le
    8 00000000 E000E100 
                       NVIC_EN0
                               EQU              0xE000E100  ; IRQ 0 to 31 Set E
                                                            nable Register
    9 00000000 E000E410 
                       NVIC_PRI4
                               EQU              0xE000E410  ; IRQ 16 to 19 Prio
                                                            rity Register
   10 00000000         
   11 00000000         ; 16/32 Timer Registers
   12 00000000 40030000 
                       TIMER0_CFG
                               EQU              0x40030000
   13 00000000 40030004 
                       TIMER0_TAMR
                               EQU              0x40030004
   14 00000000 4003000C 
                       TIMER0_CTL
                               EQU              0x4003000C
   15 00000000 40030018 
                       TIMER0_IMR
                               EQU              0x40030018
   16 00000000 4003001C 
                       TIMER0_RIS
                               EQU              0x4003001C  ; Timer Interrupt S
                                                            tatus
   17 00000000 40030024 
                       TIMER0_ICR
                               EQU              0x40030024  ; Timer Interrupt C
                                                            lear
   18 00000000 40030028 
                       TIMER0_TAILR
                               EQU              0x40030028  ; Timer interval
   19 00000000 40030038 
                       TIMER0_TAPR
                               EQU              0x40030038
   20 00000000 40030048 
                       TIMER0_TAR
                               EQU              0x40030048  ; Timer register
   21 00000000         
   22 00000000         ;GPIO Registers
   23 00000000 40025010 
                       GPIO_PORTF_DATA
                               EQU              0x40025010  ; Access BIT2
   24 00000000 40025400 
                       GPIO_PORTF_DIR
                               EQU              0x40025400  ; Port Direction
   25 00000000 40025420 



ARM Macro Assembler    Page 2 


                       GPIO_PORTF_AFSEL
                               EQU              0x40025420  ; Alt Function enab
                                                            le
   26 00000000 4002551C 
                       GPIO_PORTF_DEN
                               EQU              0x4002551C  ; Digital Enable
   27 00000000 40025528 
                       GPIO_PORTF_AMSEL
                               EQU              0x40025528  ; Analog enable
   28 00000000 4002552C 
                       GPIO_PORTF_PCTL
                               EQU              0x4002552C  ; Alternate Functio
                                                            ns
   29 00000000         
   30 00000000         ;System Registers
   31 00000000 400FE608 
                       SYSCTL_RCGCGPIO
                               EQU              0x400FE608  ; GPIO Gate Control
                                                            
   32 00000000 400FE604 
                       SYSCTL_RCGCTIMER
                               EQU              0x400FE604  ; GPTM Gate Control
                                                            
   33 00000000         
   34 00000000         ;---------------------------------------------------
   35 00000000 00000032 
                       LOW     EQU              50          ; duty cycle with 2
                                                            0% high
   36 00000000 00000032 
                       HIGH    EQU              50
   37 00000000         ;---------------------------------------------------
   38 00000000         
   39 00000000                 AREA             routines, CODE, READONLY
   40 00000000                 THUMB
   41 00000000                 EXPORT           My_Timer0A_Handler
   42 00000000                 EXPORT           PULSE_INIT
   43 00000000         
   44 00000000         ;---------------------------------------------------    
                        
   45 00000000         My_Timer0A_Handler
                               PROC
   46 00000000 4937            LDR              R1, =TIMER0_TAILR
   47 00000002 4A38            LDR              R2, =GPIO_PORTF_DATA
   48 00000004 6813            LDR              R3,[R2]
   49 00000006         
   50 00000006 F093 0F00       TEQ              R3, #0
   51 0000000A D108            BNE              lowo
   52 0000000C D0FF            BEQ              higho
   53 0000000E         
   54 0000000E F04F 0032 
                       higho   LDR              R0,=HIGH
   55 00000012 F1A0 0003       SUB              R0,R0,#3    ;MODIFICATION
   56 00000016 F04F 03FF       MOV              R3, #0xFF
   57 0000001A 6013            STR              R3, [R2]
   58 0000001C E006            B                finito
   59 0000001E         
   60 0000001E F04F 0032 
                       lowo    LDR              R0,=LOW
   61 00000022 F1A0 0003       SUB              R0,R0,#3    ;MODIFICATION



ARM Macro Assembler    Page 3 


   62 00000026 F04F 0300       MOV              R3, #0x00
   63 0000002A 6013            STR              R3, [R2]
   64 0000002C         
   65 0000002C 6008    finito  STR              R0, [R1]
   66 0000002E 492E            LDR              R1,=TIMER0_ICR
   67 00000030 6808            LDR              R0, [R1]
   68 00000032 F04F 00FF       MOV              R0, #0xFF
   69 00000036 6008            STR              R0, [R1]
   70 00000038 4770            BX               LR
   71 0000003A                 ENDP
   72 0000003A         
   73 0000003A         
   74 0000003A         ;---------------------------------------------------
   75 0000003A         
   76 0000003A         PULSE_INIT
                               PROC
   77 0000003A 492C            LDR              R1, =SYSCTL_RCGCGPIO 
                                                            ; start GPIO clock
   78 0000003C 6808            LDR              R0, [R1]
   79 0000003E F040 0020       ORR              R0, R0, #0x20 ; set bit 5 for p
                                                            ort F
   80 00000042 6008            STR              R0, [R1]
   81 00000044 BF00            NOP                          ; allow clock to se
                                                            ttle
   82 00000046 BF00            NOP
   83 00000048 BF00            NOP
   84 0000004A 4929            LDR              R1, =GPIO_PORTF_DIR ; set direc
                                                            tion of PF2
   85 0000004C 6808            LDR              R0, [R1]
   86 0000004E F040 0004       ORR              R0, R0, #0x04 ; set bit2 for ou
                                                            tput
   87 00000052 6008            STR              R0, [R1]
   88 00000054 4927            LDR              R1, =GPIO_PORTF_AFSEL ; regular
                                                             port function
   89 00000056 6808            LDR              R0, [R1]
   90 00000058 F020 0004       BIC              R0, R0, #0x04
   91 0000005C 6008            STR              R0, [R1]
   92 0000005E 4926            LDR              R1, =GPIO_PORTF_PCTL ; no alter
                                                            nate function
   93 00000060 6808            LDR              R0, [R1]
   94 00000062 F420 6070       BIC              R0, R0, #0x00000F00
   95 00000066 6008            STR              R0, [R1]
   96 00000068 4924            LDR              R1, =GPIO_PORTF_AMSEL 
                                                            ; disable analog
   97 0000006A F04F 0000       MOV              R0, #0
   98 0000006E 6008            STR              R0, [R1]
   99 00000070 4923            LDR              R1, =GPIO_PORTF_DEN ; enable po
                                                            rt digital
  100 00000072 6808            LDR              R0, [R1]
  101 00000074 F040 0004       ORR              R0, R0, #0x04
  102 00000078 6008            STR              R0, [R1]
  103 0000007A         
  104 0000007A 4922            LDR              R1, =SYSCTL_RCGCTIMER 
                                                            ; Start Timer0
  105 0000007C 680A            LDR              R2, [R1]
  106 0000007E F042 0201       ORR              R2, R2, #0x01
  107 00000082 600A            STR              R2, [R1]
  108 00000084 BF00            NOP                          ; allow clock to se
                                                            ttle



ARM Macro Assembler    Page 4 


  109 00000086 BF00            NOP
  110 00000088 BF00            NOP
  111 0000008A 491F            LDR              R1, =TIMER0_CTL ; disable timer
                                                             during setup 
  112 0000008C 680A            LDR              R2, [R1]
  113 0000008E F022 0201       BIC              R2, R2, #0x01
  114 00000092 600A            STR              R2, [R1]
  115 00000094 491D            LDR              R1, =TIMER0_CFG 
                                                            ; set 16 bit mode
  116 00000096 F04F 0204       MOV              R2, #0x04
  117 0000009A 600A            STR              R2, [R1]
  118 0000009C 491C            LDR              R1, =TIMER0_TAMR
  119 0000009E F04F 0202       MOV              R2, #0x02   ; set to periodic, 
                                                            count down  
  120 000000A2 600A            STR              R2, [R1]
  121 000000A4 490E            LDR              R1, =TIMER0_TAILR ; initialize 
                                                            match clocks
  122 000000A6 F04F 0232       LDR              R2, =LOW
  123 000000AA 600A            STR              R2, [R1]
  124 000000AC 4919            LDR              R1, =TIMER0_TAPR
  125 000000AE F04F 020F       MOV              R2, #15     ; divide clock by 1
                                                            6 to
  126 000000B2 600A            STR              R2, [R1]    ; get 1us clocks
  127 000000B4 4918            LDR              R1, =TIMER0_IMR ; enable timeou
                                                            t interrupt
  128 000000B6 F04F 0201       MOV              R2, #0x01
  129 000000BA 600A            STR              R2, [R1]
  130 000000BC         ; Configure interrupt priorities
  131 000000BC         ; Timer0A is interrupt #19.
  132 000000BC         ; Interrupts 16-19 are handled by NVIC register PRI4.
  133 000000BC         ; Interrupt 19 is controlled by bits 31:29 of PRI4.
  134 000000BC         ; set NVIC interrupt 19 to priority 2
  135 000000BC 4917            LDR              R1, =NVIC_PRI4
  136 000000BE 680A            LDR              R2, [R1]
  137 000000C0 F022 427F       AND              R2, R2, #0x00FFFFFF ; clear int
                                                            errupt 19 priority
  138 000000C4 F042 4280       ORR              R2, R2, #0x40000000 ; set inter
                                                            rupt 19 priority to
                                                             2
  139 000000C8 600A            STR              R2, [R1]
  140 000000CA         ; NVIC has to be enabled
  141 000000CA         ; Interrupts 0-31 are handled by NVIC register EN0    
  142 000000CA         ; Interrupt 19 is controlled by bit 19
  143 000000CA         ; enable interrupt 19 in NVIC
  144 000000CA 4915            LDR              R1, =NVIC_EN0
  145 000000CC F2C0 0208       MOVT             R2, #0x08   ; set bit 19 to ena
                                                            ble interrupt 19
  146 000000D0 600A            STR              R2, [R1]
  147 000000D2         ; Enable timer
  148 000000D2 490D            LDR              R1, =TIMER0_CTL
  149 000000D4 680A            LDR              R2, [R1]
  150 000000D6 F042 0203       ORR              R2, R2, #0x03 ; set bit0 to ena
                                                            ble
  151 000000DA 600A            STR              R2, [R1]    ; and bit 1 to stal
                                                            l on debug
  152 000000DC         
  153 000000DC         
  154 000000DC                 ENDP
  155 000000DC 4770            BX               LR          ; return



ARM Macro Assembler    Page 5 


  156 000000DE 00 00           ALIGN
  157 000000E0                 END
              40030028 
              40025010 
              40030024 
              400FE608 
              40025400 
              40025420 
              4002552C 
              40025528 
              4002551C 
              400FE604 
              4003000C 
              40030000 
              40030004 
              40030038 
              40030018 
              E000E410 
              E000E100 
Command Line: --debug --xref --diag_suppress=9931 --cpu=Cortex-M4.fp --apcs=int
erwork --depend=.\objects\pulse.d -o.\objects\pulse.o -I.\RTE\_Target_1 -IC:\Ke
il_v5\ARM\PACK\Keil\TM4C_DFP\1.1.0\Device\Include\TM4C123 -IC:\Keil_v5\ARM\CMSI
S\Include --predefine="__EVAL SETA 1" --predefine="__UVISION_VERSION SETA 526" 
--predefine="TM4C123GH6PM SETA 1" --list=.\listings\pulse.lst Pulse.s



ARM Macro Assembler    Page 1 Alphabetic symbol ordering
Relocatable symbols

My_Timer0A_Handler 00000000

Symbol: My_Timer0A_Handler
   Definitions
      At line 45 in file Pulse.s
   Uses
      At line 41 in file Pulse.s
Comment: My_Timer0A_Handler used once
PULSE_INIT 0000003A

Symbol: PULSE_INIT
   Definitions
      At line 76 in file Pulse.s
   Uses
      At line 42 in file Pulse.s
Comment: PULSE_INIT used once
finito 0000002C

Symbol: finito
   Definitions
      At line 65 in file Pulse.s
   Uses
      At line 58 in file Pulse.s
Comment: finito used once
higho 0000000E

Symbol: higho
   Definitions
      At line 54 in file Pulse.s
   Uses
      At line 52 in file Pulse.s
Comment: higho used once
lowo 0000001E

Symbol: lowo
   Definitions
      At line 60 in file Pulse.s
   Uses
      At line 51 in file Pulse.s
Comment: lowo used once
routines 00000000

Symbol: routines
   Definitions
      At line 39 in file Pulse.s
   Uses
      None
Comment: routines unused
6 symbols



ARM Macro Assembler    Page 1 Alphabetic symbol ordering
Absolute symbols

GPIO_PORTF_AFSEL 40025420

Symbol: GPIO_PORTF_AFSEL
   Definitions
      At line 25 in file Pulse.s
   Uses
      At line 88 in file Pulse.s
Comment: GPIO_PORTF_AFSEL used once
GPIO_PORTF_AMSEL 40025528

Symbol: GPIO_PORTF_AMSEL
   Definitions
      At line 27 in file Pulse.s
   Uses
      At line 96 in file Pulse.s
Comment: GPIO_PORTF_AMSEL used once
GPIO_PORTF_DATA 40025010

Symbol: GPIO_PORTF_DATA
   Definitions
      At line 23 in file Pulse.s
   Uses
      At line 47 in file Pulse.s
Comment: GPIO_PORTF_DATA used once
GPIO_PORTF_DEN 4002551C

Symbol: GPIO_PORTF_DEN
   Definitions
      At line 26 in file Pulse.s
   Uses
      At line 99 in file Pulse.s
Comment: GPIO_PORTF_DEN used once
GPIO_PORTF_DIR 40025400

Symbol: GPIO_PORTF_DIR
   Definitions
      At line 24 in file Pulse.s
   Uses
      At line 84 in file Pulse.s
Comment: GPIO_PORTF_DIR used once
GPIO_PORTF_PCTL 4002552C

Symbol: GPIO_PORTF_PCTL
   Definitions
      At line 28 in file Pulse.s
   Uses
      At line 92 in file Pulse.s
Comment: GPIO_PORTF_PCTL used once
HIGH 00000032

Symbol: HIGH
   Definitions
      At line 36 in file Pulse.s
   Uses
      At line 54 in file Pulse.s
Comment: HIGH used once
LOW 00000032

Symbol: LOW



ARM Macro Assembler    Page 2 Alphabetic symbol ordering
Absolute symbols

   Definitions
      At line 35 in file Pulse.s
   Uses
      At line 60 in file Pulse.s
      At line 122 in file Pulse.s

NVIC_EN0 E000E100

Symbol: NVIC_EN0
   Definitions
      At line 8 in file Pulse.s
   Uses
      At line 144 in file Pulse.s
Comment: NVIC_EN0 used once
NVIC_EN0_INT19 00080000

Symbol: NVIC_EN0_INT19
   Definitions
      At line 7 in file Pulse.s
   Uses
      None
Comment: NVIC_EN0_INT19 unused
NVIC_PRI4 E000E410

Symbol: NVIC_PRI4
   Definitions
      At line 9 in file Pulse.s
   Uses
      At line 135 in file Pulse.s
Comment: NVIC_PRI4 used once
SYSCTL_RCGCGPIO 400FE608

Symbol: SYSCTL_RCGCGPIO
   Definitions
      At line 31 in file Pulse.s
   Uses
      At line 77 in file Pulse.s
Comment: SYSCTL_RCGCGPIO used once
SYSCTL_RCGCTIMER 400FE604

Symbol: SYSCTL_RCGCTIMER
   Definitions
      At line 32 in file Pulse.s
   Uses
      At line 104 in file Pulse.s
Comment: SYSCTL_RCGCTIMER used once
TIMER0_CFG 40030000

Symbol: TIMER0_CFG
   Definitions
      At line 12 in file Pulse.s
   Uses
      At line 115 in file Pulse.s
Comment: TIMER0_CFG used once
TIMER0_CTL 4003000C

Symbol: TIMER0_CTL
   Definitions
      At line 14 in file Pulse.s



ARM Macro Assembler    Page 3 Alphabetic symbol ordering
Absolute symbols

   Uses
      At line 111 in file Pulse.s
      At line 148 in file Pulse.s

TIMER0_ICR 40030024

Symbol: TIMER0_ICR
   Definitions
      At line 17 in file Pulse.s
   Uses
      At line 66 in file Pulse.s
Comment: TIMER0_ICR used once
TIMER0_IMR 40030018

Symbol: TIMER0_IMR
   Definitions
      At line 15 in file Pulse.s
   Uses
      At line 127 in file Pulse.s
Comment: TIMER0_IMR used once
TIMER0_RIS 4003001C

Symbol: TIMER0_RIS
   Definitions
      At line 16 in file Pulse.s
   Uses
      None
Comment: TIMER0_RIS unused
TIMER0_TAILR 40030028

Symbol: TIMER0_TAILR
   Definitions
      At line 18 in file Pulse.s
   Uses
      At line 46 in file Pulse.s
      At line 121 in file Pulse.s

TIMER0_TAMR 40030004

Symbol: TIMER0_TAMR
   Definitions
      At line 13 in file Pulse.s
   Uses
      At line 118 in file Pulse.s
Comment: TIMER0_TAMR used once
TIMER0_TAPR 40030038

Symbol: TIMER0_TAPR
   Definitions
      At line 19 in file Pulse.s
   Uses
      At line 124 in file Pulse.s
Comment: TIMER0_TAPR used once
TIMER0_TAR 40030048

Symbol: TIMER0_TAR
   Definitions
      At line 20 in file Pulse.s
   Uses



ARM Macro Assembler    Page 4 Alphabetic symbol ordering
Absolute symbols

      None
Comment: TIMER0_TAR unused
22 symbols
364 symbols in table
