


ARM Macro Assembler    Page 1 


    1 00000000                 AREA             sdata, DATA, READONLY
    2 00000000                 THUMB
    3 00000000 400FE608 
                       SYSCTL_RCGCGPIO
                               EQU              0x400FE608
    4 00000000 400FE604 
                       SYSCTL_RCGCTIMER
                               EQU              0x400FE604  ; GPTM Gate Control
                                                             
    5 00000000 400053FC 
                       GPIO_PORTB_DATA
                               EQU              0x400053FC  ; data address to a
                                                            ll pins
    6 00000000 40005400 
                       GPIO_PORTB_DIR
                               EQU              0x40005400
    7 00000000 4000552C 
                       GPIO_PORTB_PCTL
                               EQU              0x4000552C
    8 00000000 40005420 
                       GPIO_PORTB_AFSEL
                               EQU              0x40005420
    9 00000000 40005528 
                       GPIO_PORTB_AMSEL
                               EQU              0x40005528
   10 00000000 4000551C 
                       GPIO_PORTB_DEN
                               EQU              0x4000551C
   11 00000000         
   12 00000000 40031000 
                       TIMER1_CFG
                               EQU              0x40031000
   13 00000000 4003100C 
                       TIMER1_CTL
                               EQU              0x4003100C
   14 00000000 40031004 
                       TIMER1_TAMR
                               EQU              0x40031004
   15 00000000 40031028 
                       TIMER1_TAILR
                               EQU              0x40031028  ; Timer interval 
   16 00000000 40031038 
                       TIMER1_TAPR
                               EQU              0x40031038
   17 00000000         
   18 00000000                 AREA             main, CODE, READONLY
   19 00000000                 THUMB
   20 00000000                 ALIGN
   21 00000000                 EXPORT           PULSE_INPUT_INIT
   22 00000000         
   23 00000000         PULSE_INPUT_INIT
                               PROC
   24 00000000 4922            LDR              R1,=SYSCTL_RCGCGPIO ; initializ
                                                            e the clock for Por
                                                            t B
   25 00000002 6808            LDR              R0, [R1]
   26 00000004 F040 0006       ORR              R0, R0, #0x06
   27 00000008 6008            STR              R0, [R1]
   28 0000000A BF00            NOP



ARM Macro Assembler    Page 2 


   29 0000000C BF00            NOP
   30 0000000E BF00            NOP
   31 00000010         
   32 00000010 491F            LDR              R1,=GPIO_PORTB_DIR
   33 00000012 6808            LDR              R0, [R1]
   34 00000014 F020 0010       BIC              R0, #0x10
   35 00000018 6008            STR              R0, [R1]    ;PB4 is input
   36 0000001A         
   37 0000001A 491E            LDR              R1,=GPIO_PORTB_AFSEL
   38 0000001C F040 0010       ORR              R0, R0, #0x10 ; PB4 is alternat
                                                            ive
   39 00000020 6008            STR              R0, [R1]
   40 00000022         
   41 00000022 491D            LDR              R1,=GPIO_PORTB_PCTL
   42 00000024 6808            LDR              R0, [R1]
   43 00000026 F440 20E0       ORR              R0, #0x00070000
   44 0000002A 6008            STR              R0, [R1]    ; PB4 is now alloca
                                                            ted for T1CCP0   
   45 0000002C         
   46 0000002C 491B            LDR              R1,=GPIO_PORTB_AMSEL 
                                                            ; disable Analog
   47 0000002E F04F 0000       MOV              R0, #0
   48 00000032 6008            STR              R0, [R1]
   49 00000034         
   50 00000034 491A            LDR              R1,=GPIO_PORTB_DEN
   51 00000036 F040 0010       ORR              R0, R0, #0x10 ; PB4 is digital 
                                                            enabled
   52 0000003A 6008            STR              R0, [R1]
   53 0000003C         
   54 0000003C 4919            LDR              R1, =SYSCTL_RCGCTIMER 
                                                            ; Start Timer1
   55 0000003E 6808            LDR              R0, [R1]
   56 00000040 F040 0002       ORR              R0, R0, #0x02
   57 00000044 6008            STR              R0, [R1]
   58 00000046 BF00            NOP                          ; allow clock to se
                                                            ttle
   59 00000048 BF00            NOP
   60 0000004A BF00            NOP
   61 0000004C         
   62 0000004C 4916            LDR              R1, =TIMER1_CTL ; disable timer
                                                             1A during setup 
   63 0000004E 6808            LDR              R0, [R1]
   64 00000050 F020 0001       BIC              R0, R0, #0x1
   65 00000054 6008            STR              R0, [R1]
   66 00000056         
   67 00000056 4915            LDR              R1,=TIMER1_CFG
   68 00000058 F04F 0004       MOV              R0, #0x4
   69 0000005C 6008            STR              R0, [R1]    ;select 16 bit mode
                                                            
   70 0000005E         
   71 0000005E 4914            LDR              R1, =TIMER1_TAMR
   72 00000060 F04F 0007       MOV              R0, #0x7    ; set to capture, E
                                                            dge-time and count 
                                                            DOWN
   73 00000064 6008            STR              R0, [R1]
   74 00000066         
   75 00000066 4910            LDR              R1, =TIMER1_CTL
   76 00000068 6808            LDR              R0, [R1]
   77 0000006A F040 000E       ORR              R0, R0, #0xE ; BOTH EDGES, STAL



ARM Macro Assembler    Page 3 


                                                            L ON
   78 0000006E 6008            STR              R0, [R1]
   79 00000070         
   80 00000070 4910            LDR              R1, =TIMER1_TAPR ; Time-extensi
                                                            on, read 24 bits fr
                                                            om TAR 
   81 00000072 F04F 000F       MOV              R0, #15     ; divide clock by 1
                                                            6
   82 00000076 6008            STR              R0, [R1]
   83 00000078         
   84 00000078 490F            LDR              R1, =TIMER1_TAILR ; write the r
                                                            eset value
   85 0000007A F64F 70FF       LDR              R0,=0xFFFF  ; 0xFFFFF
   86 0000007E 6008            STR              R0, [R1]
   87 00000080         
   88 00000080 4909            LDR              R1, =TIMER1_CTL
   89 00000082 6808            LDR              R0, [R1]
   90 00000084 F040 0001       ORR              R0, #1      ;ENABLE TIMER 1A
   91 00000088 6008            STR              R0, [R1]
   92 0000008A         
   93 0000008A                 ENDP
   94 0000008A 4770            BX               LR
   95 0000008C         
   96 0000008C                 ALIGN
   97 0000008C                 END
              400FE608 
              40005400 
              40005420 
              4000552C 
              40005528 
              4000551C 
              400FE604 
              4003100C 
              40031000 
              40031004 
              40031038 
              40031028 
Command Line: --debug --xref --diag_suppress=9931 --cpu=Cortex-M4.fp --apcs=int
erwork --depend=.\objects\pulse_input_2.d -o.\objects\pulse_input_2.o -I.\RTE\_
Target_1 -IC:\Keil_v5\ARM\PACK\Keil\TM4C_DFP\1.1.0\Device\Include\TM4C123 -IC:\
Keil_v5\ARM\CMSIS\Include --predefine="__EVAL SETA 1" --predefine="__UVISION_VE
RSION SETA 526" --predefine="TM4C123GH6PM SETA 1" --list=.\listings\pulse_input
_2.lst Pulse_Input_2.s



ARM Macro Assembler    Page 1 Alphabetic symbol ordering
Relocatable symbols

sdata 00000000

Symbol: sdata
   Definitions
      At line 1 in file Pulse_Input_2.s
   Uses
      None
Comment: sdata unused
1 symbol



ARM Macro Assembler    Page 1 Alphabetic symbol ordering
Relocatable symbols

PULSE_INPUT_INIT 00000000

Symbol: PULSE_INPUT_INIT
   Definitions
      At line 23 in file Pulse_Input_2.s
   Uses
      At line 21 in file Pulse_Input_2.s
Comment: PULSE_INPUT_INIT used once
main 00000000

Symbol: main
   Definitions
      At line 18 in file Pulse_Input_2.s
   Uses
      None
Comment: main unused
2 symbols



ARM Macro Assembler    Page 1 Alphabetic symbol ordering
Absolute symbols

GPIO_PORTB_AFSEL 40005420

Symbol: GPIO_PORTB_AFSEL
   Definitions
      At line 8 in file Pulse_Input_2.s
   Uses
      At line 37 in file Pulse_Input_2.s
Comment: GPIO_PORTB_AFSEL used once
GPIO_PORTB_AMSEL 40005528

Symbol: GPIO_PORTB_AMSEL
   Definitions
      At line 9 in file Pulse_Input_2.s
   Uses
      At line 46 in file Pulse_Input_2.s
Comment: GPIO_PORTB_AMSEL used once
GPIO_PORTB_DATA 400053FC

Symbol: GPIO_PORTB_DATA
   Definitions
      At line 5 in file Pulse_Input_2.s
   Uses
      None
Comment: GPIO_PORTB_DATA unused
GPIO_PORTB_DEN 4000551C

Symbol: GPIO_PORTB_DEN
   Definitions
      At line 10 in file Pulse_Input_2.s
   Uses
      At line 50 in file Pulse_Input_2.s
Comment: GPIO_PORTB_DEN used once
GPIO_PORTB_DIR 40005400

Symbol: GPIO_PORTB_DIR
   Definitions
      At line 6 in file Pulse_Input_2.s
   Uses
      At line 32 in file Pulse_Input_2.s
Comment: GPIO_PORTB_DIR used once
GPIO_PORTB_PCTL 4000552C

Symbol: GPIO_PORTB_PCTL
   Definitions
      At line 7 in file Pulse_Input_2.s
   Uses
      At line 41 in file Pulse_Input_2.s
Comment: GPIO_PORTB_PCTL used once
SYSCTL_RCGCGPIO 400FE608

Symbol: SYSCTL_RCGCGPIO
   Definitions
      At line 3 in file Pulse_Input_2.s
   Uses
      At line 24 in file Pulse_Input_2.s
Comment: SYSCTL_RCGCGPIO used once
SYSCTL_RCGCTIMER 400FE604

Symbol: SYSCTL_RCGCTIMER



ARM Macro Assembler    Page 2 Alphabetic symbol ordering
Absolute symbols

   Definitions
      At line 4 in file Pulse_Input_2.s
   Uses
      At line 54 in file Pulse_Input_2.s
Comment: SYSCTL_RCGCTIMER used once
TIMER1_CFG 40031000

Symbol: TIMER1_CFG
   Definitions
      At line 12 in file Pulse_Input_2.s
   Uses
      At line 67 in file Pulse_Input_2.s
Comment: TIMER1_CFG used once
TIMER1_CTL 4003100C

Symbol: TIMER1_CTL
   Definitions
      At line 13 in file Pulse_Input_2.s
   Uses
      At line 62 in file Pulse_Input_2.s
      At line 75 in file Pulse_Input_2.s
      At line 88 in file Pulse_Input_2.s

TIMER1_TAILR 40031028

Symbol: TIMER1_TAILR
   Definitions
      At line 15 in file Pulse_Input_2.s
   Uses
      At line 84 in file Pulse_Input_2.s
Comment: TIMER1_TAILR used once
TIMER1_TAMR 40031004

Symbol: TIMER1_TAMR
   Definitions
      At line 14 in file Pulse_Input_2.s
   Uses
      At line 71 in file Pulse_Input_2.s
Comment: TIMER1_TAMR used once
TIMER1_TAPR 40031038

Symbol: TIMER1_TAPR
   Definitions
      At line 16 in file Pulse_Input_2.s
   Uses
      At line 80 in file Pulse_Input_2.s
Comment: TIMER1_TAPR used once
13 symbols
352 symbols in table
