


ARM Macro Assembler    Page 1 


    1 00000000                 AREA             sdata, DATA, READONLY
    2 00000000                 THUMB
    3 00000000         
    4 00000000         
    5 00000000 0D      Width   DCB              0x0D
    6 00000001 0D              DCB              0x0D
    7 00000002 50 75 6C 
              73 65 20 
              77 69 64 
              74 68 28 
              75 73 29 
              20 3A 20         DCB              "Pulse width(us) : "
    8 00000014 04              DCB              0x04
    9 00000015 0D      Duty    DCB              0x0D
   10 00000016 44 75 74 
              79 20 43 
              79 63 6C 
              65 28 25 
              29 3A 20         DCB              "Duty Cycle(%): "
   11 00000025 04              DCB              0x04
   12 00000026 0D      Period  DCB              0x0D
   13 00000027 50 65 72 
              69 6F 64 
              28 75 73 
              29 3A 20         DCB              "Period(us): "
   14 00000033 04              DCB              0x04
   15 00000034         
   16 00000034         
   17 00000034 4003101C 
                       TIMER1_RIS
                               EQU              0x4003101C  ; Timer Interrupt S
                                                            tatus
   18 00000034 40031024 
                       TIMER1_ICR
                               EQU              0x40031024  ; Timer Interrupt C
                                                            lear 
   19 00000034 40031048 
                       TIMER1_TAR
                               EQU              0x40031048  ; Timer register 
   20 00000034 40031050 
                       TIMER1_TAV
                               EQU              0x40031050  ; Free Running Time
                                                            r A value 
   21 00000034 40031028 
                       TIMER1_TAILR
                               EQU              0x40031028  ; Timer interval  
   22 00000034 4003100C 
                       TIMER1_CTL
                               EQU              0x4003100C
   23 00000034 40031004 
                       TIMER1_TAMR
                               EQU              0x40031004
   24 00000034 400FE604 
                       SYSCTL_RCGCTIMER
                               EQU              0x400FE604
   25 00000034 40031000 
                       TIMER1_CFG
                               EQU              0x40031000
   26 00000034 40031038 



ARM Macro Assembler    Page 2 


                       TIMER1_TAPR
                               EQU              0x40031038
   27 00000034         
   28 00000034 400053FC 
                       GPIO_PORTB_DATA
                               EQU              0x400053FC
   29 00000034         
   30 00000034                 AREA             main, CODE, READONLY
   31 00000000                 THUMB
   32 00000000                 ALIGN
   33 00000000                 EXTERN           PULSE_INIT
   34 00000000                 EXTERN           PULSE_INPUT_INIT
   35 00000000                 EXTERN           CONVRT
   36 00000000                 EXTERN           OutStr
   37 00000000                 EXTERN           ledingen
   38 00000000                 EXPORT           __main
   39 00000000         
   40 00000000         __main  PROC
   41 00000000 F04F 0800       MOV              R8, #0
   42 00000004 F04F 0900       MOV              R9, #0
   43 00000008 F7FF FFFE       BL               PULSE_INIT
   44 0000000C F7FF FFFE       BL               PULSE_INPUT_INIT
   45 00000010         
   46 00000010 4926    testif  LDR              R1,=TIMER1_RIS
   47 00000012 6808            LDR              R0, [R1]
   48 00000014 F090 0F04       TEQ              R0, #0x04
   49 00000018 D1FA            BNE              testif
   50 0000001A         
   51 0000001A 4925            LDR              R1,=GPIO_PORTB_DATA
   52 0000001C 6808            LDR              R0, [R1]
   53 0000001E F020 000F       BIC              R0, #0x0F
   54 00000022 F090 0F10       TEQ              R0, #0x10   ;determine the edge
                                                            
   55 00000026 D000            BEQ              posedge
   56 00000028 D109            BNE              negedge
   57 0000002A         
   58 0000002A         
   59 0000002A 4922    posedge LDR              R1,=TIMER1_TAR
   60 0000002C 680B            LDR              R3, [R1]    ;R3 holds THE LOW T
                                                            IME
   61 0000002E 4E22            LDR              R6,=0xFFFFF
   62 00000030 EBA6 0303       SUB              R3, R6, R3
   63 00000034 EA4F 1313       LSR              R3, #4
   64 00000038 F109 0901       ADD              R9, #1      ;set the flag for f
                                                            irst measurement is
                                                             done
   65 0000003C E02C            B                finit
   66 0000003E         
   67 0000003E 491D    negedge LDR              R1,=TIMER1_TAR
   68 00000040 680A            LDR              R2, [R1]    ;R2 holds the PERIO
                                                            D
   69 00000042 4E1D            LDR              R6,=0xFFFFF
   70 00000044 EBA6 0202       SUB              R2, R6, R2
   71 00000048 EA4F 1212       LSR              R2, #4
   72 0000004C F109 0901       ADD              R9, #1      ;set the flag for s
                                                            econd measurement i
                                                            s done
   73 00000050 E7FF            B                output
   74 00000052         



ARM Macro Assembler    Page 3 


   75 00000052 F04F 0664 
                       output  MOV              R6 ,#100    ;calculate percenta
                                                            ge value
   76 00000056 EBA2 0303       SUB              R3, R2, R3
   77 0000005A         ;SUB    R3, #3    ; slight modification to correct 
   78 0000005A F102 0203       ADD              R2, #3      ;MODIFICATION
   79 0000005E 4D17            LDR              R5,=Width
   80 00000060 F7FF FFFE       BL               OutStr
   81 00000064 461C            MOV              R4, R3
   82 00000066 F7FF FFFE       BL               CONVRT      ;convert decimal nu
                                                            mber to ascii codes
                                                            
   83 0000006A F7FF FFFE       BL               OutStr
   84 0000006E         
   85 0000006E 4D14            LDR              R5,=Period
   86 00000070 F7FF FFFE       BL               OutStr
   87 00000074 4614            MOV              R4, R2
   88 00000076         
   89 00000076 F7FF FFFE       BL               CONVRT
   90 0000007A F7FF FFFE       BL               OutStr
   91 0000007E F7FF FFFE       BL               ledingen
   92 00000082         
   93 00000082 4D10            LDR              R5,=Duty
   94 00000084 F7FF FFFE       BL               OutStr
   95 00000088 FB03 F306       MUL              R3, R3, R6
   96 0000008C FBB3 F4F2       UDIV             R4, R3, R2
   97 00000090 F7FF FFFE       BL               CONVRT
   98 00000094 F7FF FFFE       BL               OutStr
   99 00000098         
  100 00000098         
  101 00000098 490B    finit   LDR              R1,=TIMER1_ICR ; clearing inter
                                                            rupt flags 
  102 0000009A 6808            LDR              R0, [R1]
  103 0000009C F040 0004       ORR              R0, R0, #0x04
  104 000000A0 6008            STR              R0, [R1]    ; CBERIS in GPTM_RI
                                                            S is cleared
  105 000000A2 F099 0F02       TEQ              R9, #2
  106 000000A6 D1B3            BNE              testif
  107 000000A8         
  108 000000A8         
  109 000000A8         waitfor
  110 000000A8 E7FE            B                __main      ;squarewave output 
                                                            through PF2 continu
                                                            es
  111 000000AA                 ENDP
  112 000000AA                 END
              00 00 4003101C 
              400053FC 
              40031048 
              000FFFFF 
              00000000 
              00000000 
              00000000 
              40031024 
Command Line: --debug --xref --diag_suppress=9931 --cpu=Cortex-M4.fp --apcs=int
erwork --depend=.\objects\week_demo_2.d -o.\objects\week_demo_2.o -I.\RTE\_Targ
et_1 -IC:\Keil_v5\ARM\PACK\Keil\TM4C_DFP\1.1.0\Device\Include\TM4C123 -IC:\Keil
_v5\ARM\CMSIS\Include --predefine="__EVAL SETA 1" --predefine="__UVISION_VERSIO
N SETA 526" --predefine="TM4C123GH6PM SETA 1" --list=.\listings\week_demo_2.lst



ARM Macro Assembler    Page 4 


 week_demo_2.s



ARM Macro Assembler    Page 1 Alphabetic symbol ordering
Relocatable symbols

Duty 00000015

Symbol: Duty
   Definitions
      At line 9 in file week_demo_2.s
   Uses
      At line 93 in file week_demo_2.s
Comment: Duty used once
Period 00000026

Symbol: Period
   Definitions
      At line 12 in file week_demo_2.s
   Uses
      At line 85 in file week_demo_2.s
Comment: Period used once
Width 00000000

Symbol: Width
   Definitions
      At line 5 in file week_demo_2.s
   Uses
      At line 79 in file week_demo_2.s
Comment: Width used once
sdata 00000000

Symbol: sdata
   Definitions
      At line 1 in file week_demo_2.s
   Uses
      None
Comment: sdata unused
4 symbols



ARM Macro Assembler    Page 1 Alphabetic symbol ordering
Relocatable symbols

__main 00000000

Symbol: __main
   Definitions
      At line 40 in file week_demo_2.s
   Uses
      At line 38 in file week_demo_2.s
      At line 110 in file week_demo_2.s

finit 00000098

Symbol: finit
   Definitions
      At line 101 in file week_demo_2.s
   Uses
      At line 65 in file week_demo_2.s
Comment: finit used once
main 00000000

Symbol: main
   Definitions
      At line 30 in file week_demo_2.s
   Uses
      None
Comment: main unused
negedge 0000003E

Symbol: negedge
   Definitions
      At line 67 in file week_demo_2.s
   Uses
      At line 56 in file week_demo_2.s
Comment: negedge used once
output 00000052

Symbol: output
   Definitions
      At line 75 in file week_demo_2.s
   Uses
      At line 73 in file week_demo_2.s
Comment: output used once
posedge 0000002A

Symbol: posedge
   Definitions
      At line 59 in file week_demo_2.s
   Uses
      At line 55 in file week_demo_2.s
Comment: posedge used once
testif 00000010

Symbol: testif
   Definitions
      At line 46 in file week_demo_2.s
   Uses
      At line 49 in file week_demo_2.s
      At line 106 in file week_demo_2.s

waitfor 000000A8



ARM Macro Assembler    Page 2 Alphabetic symbol ordering
Relocatable symbols


Symbol: waitfor
   Definitions
      At line 109 in file week_demo_2.s
   Uses
      None
Comment: waitfor unused
8 symbols



ARM Macro Assembler    Page 1 Alphabetic symbol ordering
Absolute symbols

GPIO_PORTB_DATA 400053FC

Symbol: GPIO_PORTB_DATA
   Definitions
      At line 28 in file week_demo_2.s
   Uses
      At line 51 in file week_demo_2.s
Comment: GPIO_PORTB_DATA used once
SYSCTL_RCGCTIMER 400FE604

Symbol: SYSCTL_RCGCTIMER
   Definitions
      At line 24 in file week_demo_2.s
   Uses
      None
Comment: SYSCTL_RCGCTIMER unused
TIMER1_CFG 40031000

Symbol: TIMER1_CFG
   Definitions
      At line 25 in file week_demo_2.s
   Uses
      None
Comment: TIMER1_CFG unused
TIMER1_CTL 4003100C

Symbol: TIMER1_CTL
   Definitions
      At line 22 in file week_demo_2.s
   Uses
      None
Comment: TIMER1_CTL unused
TIMER1_ICR 40031024

Symbol: TIMER1_ICR
   Definitions
      At line 18 in file week_demo_2.s
   Uses
      At line 101 in file week_demo_2.s
Comment: TIMER1_ICR used once
TIMER1_RIS 4003101C

Symbol: TIMER1_RIS
   Definitions
      At line 17 in file week_demo_2.s
   Uses
      At line 46 in file week_demo_2.s
Comment: TIMER1_RIS used once
TIMER1_TAILR 40031028

Symbol: TIMER1_TAILR
   Definitions
      At line 21 in file week_demo_2.s
   Uses
      None
Comment: TIMER1_TAILR unused
TIMER1_TAMR 40031004

Symbol: TIMER1_TAMR



ARM Macro Assembler    Page 2 Alphabetic symbol ordering
Absolute symbols

   Definitions
      At line 23 in file week_demo_2.s
   Uses
      None
Comment: TIMER1_TAMR unused
TIMER1_TAPR 40031038

Symbol: TIMER1_TAPR
   Definitions
      At line 26 in file week_demo_2.s
   Uses
      None
Comment: TIMER1_TAPR unused
TIMER1_TAR 40031048

Symbol: TIMER1_TAR
   Definitions
      At line 19 in file week_demo_2.s
   Uses
      At line 59 in file week_demo_2.s
      At line 67 in file week_demo_2.s

TIMER1_TAV 40031050

Symbol: TIMER1_TAV
   Definitions
      At line 20 in file week_demo_2.s
   Uses
      None
Comment: TIMER1_TAV unused
11 symbols



ARM Macro Assembler    Page 1 Alphabetic symbol ordering
External symbols

CONVRT 00000000

Symbol: CONVRT
   Definitions
      At line 35 in file week_demo_2.s
   Uses
      At line 82 in file week_demo_2.s
      At line 89 in file week_demo_2.s
      At line 97 in file week_demo_2.s

OutStr 00000000

Symbol: OutStr
   Definitions
      At line 36 in file week_demo_2.s
   Uses
      At line 80 in file week_demo_2.s
      At line 83 in file week_demo_2.s
      At line 86 in file week_demo_2.s
      At line 90 in file week_demo_2.s
      At line 94 in file week_demo_2.s
      At line 98 in file week_demo_2.s

PULSE_INIT 00000000

Symbol: PULSE_INIT
   Definitions
      At line 33 in file week_demo_2.s
   Uses
      At line 43 in file week_demo_2.s
Comment: PULSE_INIT used once
PULSE_INPUT_INIT 00000000

Symbol: PULSE_INPUT_INIT
   Definitions
      At line 34 in file week_demo_2.s
   Uses
      At line 44 in file week_demo_2.s
Comment: PULSE_INPUT_INIT used once
ledingen 00000000

Symbol: ledingen
   Definitions
      At line 37 in file week_demo_2.s
   Uses
      At line 91 in file week_demo_2.s
Comment: ledingen used once
5 symbols
364 symbols in table
